Customer{id=1, firstName='Stone', lastName='Barrett', birthdate=1964-10-19}
Customer{id=1, firstName='Hassan', lastName='Husted', birthdate=2000-01-01}
Customer{id=2, firstName='Rosario', lastName='Raye', birthdate=2000-02-02}
Customer{id=2, firstName='Raymond', lastName='Pace', birthdate=1977-12-11}
Customer{id=3, firstName='Carrie', lastName='Cappello', birthdate=2000-03-03}
Customer{id=3, firstName='Armando', lastName='Logan', birthdate=1986-12-25}
Customer{id=4, firstName='Latifah', lastName='Barnett', birthdate=1959-07-24}
Customer{id=4, firstName='Azucena', lastName='Agnew', birthdate=2000-04-04}
Customer{id=5, firstName='Benito', lastName='Browning', birthdate=2000-05-05}
Customer{id=5, firstName='Cassandra', lastName='Moses', birthdate=1956-09-14}
Customer{id=6, firstName='Audra', lastName='Hopkins', birthdate=1984-08-30}
Customer{id=6, firstName='Peggy', lastName='Pam', birthdate=2000-06-06}
Customer{id=7, firstName='Contessa', lastName='Cobian', birthdate=2000-07-07}
Customer{id=7, firstName='Upton', lastName='Morrow', birthdate=1973-02-04}
Customer{id=8, firstName='Erick', lastName='Edge', birthdate=2000-08-08}
Customer{id=8, firstName='Melodie', lastName='Velasquez', birthdate=1953-04-26}
Customer{id=9, firstName='Sybill', lastName='Nolan', birthdate=1951-06-24}
Customer{id=9, firstName='Osvaldo', lastName='Oquendo', birthdate=2000-09-09}
Customer{id=10, firstName='Jennell', lastName='Jump', birthdate=2000-10-10}
Customer{id=10, firstName='Glenna', lastName='Little', birthdate=1953-08-27}
Customer{id=11, firstName='Ingrid', lastName='Jackson', birthdate=1957-09-05}
Customer{id=11, firstName='Leandro', lastName='Lueck', birthdate=2000-11-11}
Customer{id=12, firstName='Ma', lastName='Motsinger', birthdate=2000-12-12}
Customer{id=12, firstName='Duncan', lastName='Castaneda', birthdate=1979-01-21}
Customer{id=13, firstName='Xaviera', lastName='Gillespie', birthdate=1965-07-18}
Customer{id=13, firstName='Rachael', lastName='Rachal', birthdate=2001-01-01}
Customer{id=14, firstName='Zimmerman', lastName='Zachary', birthdate=2001-02-02}
Customer{id=14, firstName='Rhoda', lastName='Lancaster', birthdate=1990-09-11}
Customer{id=15, firstName='Fatima', lastName='Combs', birthdate=1979-06-01}
Customer{id=15, firstName='Zimmerman', lastName='Aaron', birthdate=2001-03-03}
Customer{id=16, firstName='Merrill', lastName='Hopkins', birthdate=1990-07-02}
Customer{id=17, firstName='Felicia', lastName='Vinson', birthdate=1959-12-19}
Customer{id=18, firstName='Hanae', lastName='Harvey', birthdate=1984-12-27}
Customer{id=19, firstName='Ramona', lastName='Acosta', birthdate=1962-06-23}
Customer{id=20, firstName='Katelyn', lastName='Hammond', birthdate=1988-11-12}
Customer{id=21, firstName='Rosalyn', lastName='Simon', birthdate=1982-02-25}
Customer{id=22, firstName='Alea', lastName='Barron', birthdate=1959-06-23}
Customer{id=23, firstName='Raymond', lastName='Knox', birthdate=1979-07-16}
Customer{id=24, firstName='Hu', lastName='Franks', birthdate=1988-12-17}
Customer{id=25, firstName='Damon', lastName='Holman', birthdate=1964-01-29}
Customer{id=26, firstName='Ori', lastName='Nunez', birthdate=1958-06-05}
Customer{id=27, firstName='Sasha', lastName='Carey', birthdate=1976-01-12}
Customer{id=28, firstName='Sarah', lastName='Mullins', birthdate=1986-11-20}
Customer{id=29, firstName='Hammett', lastName='Buck', birthdate=1982-06-01}
Customer{id=30, firstName='Melissa', lastName='Parrish', birthdate=1963-08-14}
Customer{id=31, firstName='Daquan', lastName='Craig', birthdate=1977-06-17}
Customer{id=32, firstName='Keane', lastName='Rose', birthdate=1958-09-23}
Customer{id=33, firstName='Erich', lastName='Joyce', birthdate=1974-10-27}
Customer{id=34, firstName='Iliana', lastName='Atkinson', birthdate=1967-01-28}
Customer{id=35, firstName='Dawn', lastName='Fulton', birthdate=1960-07-30}
Customer{id=36, firstName='Anjolie', lastName='Gay', birthdate=1972-02-17}
Customer{id=37, firstName='Tanya', lastName='Crosby', birthdate=1971-09-04}
Customer{id=38, firstName='Dacey', lastName='Hinton', birthdate=1989-07-26}
Customer{id=39, firstName='Carl', lastName='Monroe', birthdate=1957-10-12}
Customer{id=40, firstName='Derek', lastName='Bush', birthdate=1973-02-27}
Customer{id=41, firstName='Lucian', lastName='Shannon', birthdate=1954-06-29}
Customer{id=42, firstName='Jorden', lastName='Gilliam', birthdate=1989-06-25}
Customer{id=43, firstName='Arden', lastName='Buckner', birthdate=1976-01-21}
Customer{id=44, firstName='Kenneth', lastName='Marquez', birthdate=1954-07-30}
Customer{id=45, firstName='Kitra', lastName='Becker', birthdate=1952-07-26}
Customer{id=46, firstName='Jin', lastName='Greer', birthdate=1978-11-03}
Customer{id=47, firstName='Jaden', lastName='Suarez', birthdate=1956-02-29}
Customer{id=48, firstName='Sylvia', lastName='Nielsen', birthdate=1978-07-16}
Customer{id=49, firstName='Mona', lastName='Osborn', birthdate=1968-04-17}
Customer{id=50, firstName='Lyle', lastName='Lawson', birthdate=1976-05-06}
Customer{id=51, firstName='Asher', lastName='Frazier', birthdate=1958-11-17}
Customer{id=52, firstName='Brynne', lastName='Mcdonald', birthdate=1977-12-24}
Customer{id=53, firstName='Ahmed', lastName='Holt', birthdate=1970-09-07}
Customer{id=54, firstName='Iola', lastName='Thornton', birthdate=1961-04-23}
Customer{id=55, firstName='Quynn', lastName='Villarreal', birthdate=1972-07-21}
Customer{id=56, firstName='Althea', lastName='Black', birthdate=1982-07-03}
Customer{id=57, firstName='Elmo', lastName='Rowland', birthdate=1979-07-25}
Customer{id=58, firstName='Remedios', lastName='Pollard', birthdate=1962-07-03}
Customer{id=59, firstName='Kaitlin', lastName='Trujillo', birthdate=1985-01-17}
Customer{id=60, firstName='Stewart', lastName='Frederick', birthdate=1979-04-20}
Customer{id=61, firstName='Blythe', lastName='Payne', birthdate=1974-08-20}
Customer{id=62, firstName='Nyssa', lastName='Chang', birthdate=1975-05-27}
Customer{id=63, firstName='Mariam', lastName='Sanders', birthdate=1985-03-26}
Customer{id=64, firstName='Orson', lastName='Mendez', birthdate=1961-02-19}
Customer{id=65, firstName='Marshall', lastName='Kidd', birthdate=1980-05-06}
Customer{id=66, firstName='Giacomo', lastName='Tate', birthdate=1980-12-12}
Customer{id=67, firstName='Mollie', lastName='Gilliam', birthdate=1966-02-21}
Customer{id=68, firstName='Holly', lastName='Paul', birthdate=1966-11-12}
Customer{id=69, firstName='Dominic', lastName='Harmon', birthdate=1976-12-16}
Customer{id=70, firstName='Rooney', lastName='Hopper', birthdate=1956-06-21}
Customer{id=71, firstName='Shay', lastName='Craft', birthdate=1959-12-18}
Customer{id=72, firstName='Nicholas', lastName='Melendez', birthdate=1962-03-02}
Customer{id=73, firstName='Addison', lastName='Kaufman', birthdate=1985-07-11}
Customer{id=74, firstName='Anastasia', lastName='Frederick', birthdate=1955-06-05}
Customer{id=75, firstName='Mary', lastName='Benson', birthdate=1956-03-24}
Customer{id=76, firstName='Garrett', lastName='Conner', birthdate=1955-11-30}
Customer{id=77, firstName='Kendall', lastName='Fitzgerald', birthdate=1954-08-13}
Customer{id=78, firstName='Juliet', lastName='Montoya', birthdate=1964-11-01}
Customer{id=79, firstName='Olivia', lastName='Marsh', birthdate=1975-10-09}
Customer{id=80, firstName='Daquan', lastName='Bennett', birthdate=1956-12-25}
Customer{id=81, firstName='Leroy', lastName='Sandoval', birthdate=1963-02-08}
Customer{id=82, firstName='Sonia', lastName='Figueroa', birthdate=1976-01-17}
Customer{id=83, firstName='Emerald', lastName='Baxter', birthdate=1978-05-04}
Customer{id=84, firstName='Reed', lastName='Cobb', birthdate=1974-08-21}
Customer{id=85, firstName='Bertha', lastName='Lowe', birthdate=1952-09-23}
Customer{id=86, firstName='Dennis', lastName='Wright', birthdate=1986-12-27}
Customer{id=87, firstName='Declan', lastName='Buck', birthdate=1989-02-25}
Customer{id=88, firstName='Latifah', lastName='Richardson', birthdate=1952-03-27}
Customer{id=89, firstName='Rashad', lastName='Curry', birthdate=1986-04-19}
Customer{id=90, firstName='Carl', lastName='Cochran', birthdate=1983-01-13}
Customer{id=91, firstName='Levi', lastName='Mack', birthdate=1974-07-24}
Customer{id=92, firstName='Ella', lastName='Mooney', birthdate=1988-06-16}
Customer{id=93, firstName='Dara', lastName='Anthony', birthdate=1980-08-13}
Customer{id=94, firstName='Benedict', lastName='Paul', birthdate=1977-09-24}
Customer{id=95, firstName='Benjamin', lastName='Booker', birthdate=1962-08-10}
Customer{id=96, firstName='Pandora', lastName='Lee', birthdate=1986-05-16}
Customer{id=97, firstName='Hall', lastName='Hester', birthdate=1956-07-18}
Customer{id=98, firstName='Piper', lastName='Marks', birthdate=1964-09-10}
Customer{id=99, firstName='Rafael', lastName='Roman', birthdate=1962-01-24}
Customer{id=100, firstName='Alfonso', lastName='Flores', birthdate=1968-04-22}
Customer{id=101, firstName='Kyra', lastName='Macias', birthdate=1981-04-03}
Customer{id=102, firstName='Erica', lastName='Berger', birthdate=1965-07-19}
Customer{id=103, firstName='Kaitlin', lastName='Ellis', birthdate=1961-05-24}
Customer{id=104, firstName='Sonya', lastName='Nelson', birthdate=1970-06-27}
Customer{id=105, firstName='Graiden', lastName='Wynn', birthdate=1965-06-12}
Customer{id=106, firstName='Amethyst', lastName='Nunez', birthdate=1952-11-20}
Customer{id=107, firstName='Justine', lastName='Carlson', birthdate=1982-12-16}
Customer{id=108, firstName='Dennis', lastName='Molina', birthdate=1980-12-15}
Customer{id=109, firstName='Adena', lastName='Rosales', birthdate=1986-11-06}
Customer{id=110, firstName='Burke', lastName='Morrison', birthdate=1989-05-09}
Customer{id=111, firstName='Macon', lastName='Galloway', birthdate=1960-01-29}
Customer{id=112, firstName='Todd', lastName='Greer', birthdate=1952-09-29}
Customer{id=113, firstName='Aretha', lastName='Norton', birthdate=1972-06-13}
Customer{id=114, firstName='Zephania', lastName='Cortez', birthdate=1969-05-22}
Customer{id=115, firstName='Ishmael', lastName='Wolfe', birthdate=1978-12-28}
Customer{id=116, firstName='Todd', lastName='Day', birthdate=1953-10-12}
Customer{id=117, firstName='Gareth', lastName='Mckay', birthdate=1970-02-21}
Customer{id=118, firstName='Amir', lastName='Vargas', birthdate=1951-07-13}
Customer{id=119, firstName='Darius', lastName='Baker', birthdate=1954-11-26}
Customer{id=120, firstName='Rajah', lastName='Wise', birthdate=1960-05-07}
Customer{id=121, firstName='Avram', lastName='Walsh', birthdate=1976-07-05}
Customer{id=122, firstName='Hilel', lastName='Nieves', birthdate=1952-04-11}
Customer{id=123, firstName='Veda', lastName='Higgins', birthdate=1953-05-19}
Customer{id=124, firstName='Armando', lastName='Tran', birthdate=1987-11-13}
Customer{id=125, firstName='Nichole', lastName='Rowe', birthdate=1961-07-21}
Customer{id=126, firstName='Zephr', lastName='Warren', birthdate=1985-05-20}
Customer{id=127, firstName='Clayton', lastName='Thompson', birthdate=1980-11-09}
Customer{id=128, firstName='Clark', lastName='Underwood', birthdate=1982-11-15}
Customer{id=129, firstName='Daniel', lastName='Swanson', birthdate=1952-09-20}
Customer{id=130, firstName='Kathleen', lastName='Shannon', birthdate=1962-05-30}
Customer{id=131, firstName='Priscilla', lastName='Martin', birthdate=1952-10-28}
Customer{id=132, firstName='Skyler', lastName='Adkins', birthdate=1955-06-14}
Customer{id=133, firstName='Erica', lastName='Logan', birthdate=1955-11-03}
Customer{id=134, firstName='Damon', lastName='Wells', birthdate=1988-07-19}
Customer{id=135, firstName='Macaulay', lastName='Odonnell', birthdate=1971-05-21}
Customer{id=136, firstName='Ruby', lastName='Wilcox', birthdate=1956-04-09}
Customer{id=137, firstName='Hannah', lastName='Leach', birthdate=1990-08-13}
Customer{id=138, firstName='Mia', lastName='Downs', birthdate=1988-06-09}
Customer{id=139, firstName='Erasmus', lastName='Arnold', birthdate=1957-10-08}
Customer{id=140, firstName='Ivor', lastName='Ellis', birthdate=1987-12-08}
Customer{id=141, firstName='Ulla', lastName='Warren', birthdate=1956-01-28}
Customer{id=142, firstName='Meredith', lastName='Mcpherson', birthdate=1956-03-29}
Customer{id=143, firstName='Sebastian', lastName='Raymond', birthdate=1967-02-13}
Customer{id=144, firstName='Harrison', lastName='Rich', birthdate=1983-03-14}
Customer{id=145, firstName='Carissa', lastName='Huff', birthdate=1953-06-21}
Customer{id=146, firstName='Hedy', lastName='Campbell', birthdate=1957-04-25}
Customer{id=147, firstName='Dale', lastName='Conway', birthdate=1976-07-06}
Customer{id=148, firstName='Stella', lastName='Lloyd', birthdate=1961-08-08}
Customer{id=149, firstName='Jaden', lastName='Fisher', birthdate=1958-05-25}
Customer{id=150, firstName='Graham', lastName='Hess', birthdate=1981-08-21}
Customer{id=151, firstName='Stella', lastName='Joyce', birthdate=1987-09-09}
Customer{id=152, firstName='Aurora', lastName='Bridges', birthdate=1959-08-06}
Customer{id=153, firstName='Joelle', lastName='Church', birthdate=1951-11-16}
Customer{id=154, firstName='Ann', lastName='Preston', birthdate=1989-12-08}
Customer{id=155, firstName='Yuri', lastName='Crawford', birthdate=1961-07-21}
Customer{id=156, firstName='Tyler', lastName='Gibbs', birthdate=1967-07-27}
Customer{id=157, firstName='Lila', lastName='Middleton', birthdate=1985-01-25}
Customer{id=158, firstName='Victor', lastName='Flynn', birthdate=1990-04-11}
Customer{id=159, firstName='Oprah', lastName='Marquez', birthdate=1987-10-31}
Customer{id=160, firstName='Ethan', lastName='Carey', birthdate=1977-05-13}
Customer{id=161, firstName='Price', lastName='Cervantes', birthdate=1976-02-02}
Customer{id=162, firstName='Elliott', lastName='Richmond', birthdate=1986-01-29}
Customer{id=163, firstName='Gregory', lastName='Taylor', birthdate=1981-07-18}
Customer{id=164, firstName='Dakota', lastName='Copeland', birthdate=1962-11-13}
Customer{id=165, firstName='Cody', lastName='Guzman', birthdate=1975-12-16}
Customer{id=166, firstName='Arden', lastName='Bass', birthdate=1961-09-05}
Customer{id=167, firstName='Aristotle', lastName='Montoya', birthdate=1983-10-05}
Customer{id=168, firstName='Vladimir', lastName='Ewing', birthdate=1966-04-28}
Customer{id=169, firstName='Laura', lastName='Murray', birthdate=1989-06-02}
Customer{id=170, firstName='Eliana', lastName='Mcgee', birthdate=1974-07-12}
Customer{id=171, firstName='Tanisha', lastName='Obrien', birthdate=1959-03-15}
Customer{id=172, firstName='Jackson', lastName='Mayo', birthdate=1987-09-11}
Customer{id=173, firstName='Maxwell', lastName='Sargent', birthdate=1959-09-06}
Customer{id=174, firstName='Teagan', lastName='Kent', birthdate=1967-03-17}
Customer{id=175, firstName='Lev', lastName='Hernandez', birthdate=1957-04-26}
Customer{id=176, firstName='Lars', lastName='Carr', birthdate=1953-11-01}
Customer{id=177, firstName='Wang', lastName='Koch', birthdate=1979-03-27}
Customer{id=178, firstName='Rigel', lastName='Edwards', birthdate=1974-08-20}
Customer{id=179, firstName='Olga', lastName='Flores', birthdate=1967-06-13}
Customer{id=180, firstName='Laura', lastName='Owen', birthdate=1953-11-20}
Customer{id=181, firstName='Scott', lastName='Bridges', birthdate=1982-09-10}
Customer{id=182, firstName='Bevis', lastName='Gentry', birthdate=1961-09-19}
Customer{id=183, firstName='Colleen', lastName='Frye', birthdate=1973-04-07}
Customer{id=184, firstName='Kendall', lastName='Hopper', birthdate=1977-12-28}
Customer{id=185, firstName='Uriah', lastName='Kennedy', birthdate=1955-07-17}
Customer{id=186, firstName='Ishmael', lastName='Ford', birthdate=1980-01-06}
Customer{id=187, firstName='Graiden', lastName='Hall', birthdate=1988-10-28}
Customer{id=188, firstName='Galvin', lastName='Nunez', birthdate=1968-04-29}
Customer{id=189, firstName='Zena', lastName='Shepherd', birthdate=1983-10-03}
Customer{id=190, firstName='Azalia', lastName='Preston', birthdate=1964-07-04}
Customer{id=191, firstName='Lila', lastName='Robinson', birthdate=1982-10-08}
Customer{id=192, firstName='Garth', lastName='Fuentes', birthdate=1988-08-13}
Customer{id=193, firstName='Emery', lastName='Kim', birthdate=1967-06-17}
Customer{id=194, firstName='Shea', lastName='Bean', birthdate=1990-01-03}
Customer{id=195, firstName='Logan', lastName='Mcclure', birthdate=1967-10-16}
Customer{id=196, firstName='Olympia', lastName='Espinoza', birthdate=1967-05-17}
Customer{id=197, firstName='Louis', lastName='William', birthdate=1967-06-08}
Customer{id=198, firstName='Dylan', lastName='Fulton', birthdate=1962-05-30}
Customer{id=199, firstName='Raphael', lastName='Armstrong', birthdate=1956-11-26}
Customer{id=200, firstName='Zoe', lastName='Nelson', birthdate=1973-01-12}
Customer{id=201, firstName='Vivian', lastName='Love', birthdate=1951-10-31}
Customer{id=202, firstName='Charde', lastName='Lang', birthdate=1967-02-23}
Customer{id=203, firstName='Jason', lastName='Powell', birthdate=1963-12-08}
Customer{id=204, firstName='Colleen', lastName='Terrell', birthdate=1980-04-27}
Customer{id=205, firstName='Cullen', lastName='Cardenas', birthdate=1966-02-13}
Customer{id=206, firstName='Avram', lastName='Leblanc', birthdate=1977-11-09}
Customer{id=207, firstName='Gray', lastName='Gentry', birthdate=1970-11-25}
Customer{id=208, firstName='Nehru', lastName='Brock', birthdate=1966-10-13}
Customer{id=209, firstName='Ulla', lastName='Stewart', birthdate=1988-12-13}
Customer{id=210, firstName='Azalia', lastName='Hines', birthdate=1954-09-19}
Customer{id=211, firstName='Chava', lastName='Frank', birthdate=1972-04-10}
Customer{id=212, firstName='Jamal', lastName='Coffey', birthdate=1985-03-08}
Customer{id=213, firstName='Abigail', lastName='Odonnell', birthdate=1989-12-27}
Customer{id=214, firstName='Lavinia', lastName='Hall', birthdate=1976-03-23}
Customer{id=215, firstName='Clark', lastName='Barrera', birthdate=1975-09-15}
Customer{id=216, firstName='Kennan', lastName='Donaldson', birthdate=1958-07-08}
Customer{id=217, firstName='Allegra', lastName='Rose', birthdate=1967-10-17}
Customer{id=218, firstName='Carson', lastName='Downs', birthdate=1955-06-13}
Customer{id=219, firstName='Carla', lastName='Owen', birthdate=1968-09-04}
Customer{id=220, firstName='Kenyon', lastName='Cox', birthdate=1955-05-04}
Customer{id=221, firstName='Brynne', lastName='Hull', birthdate=1951-07-23}
Customer{id=222, firstName='Yuri', lastName='Holman', birthdate=1984-12-29}
Customer{id=223, firstName='Lareina', lastName='Robinson', birthdate=1966-03-16}
Customer{id=224, firstName='Rylee', lastName='Pena', birthdate=1954-10-07}
Customer{id=225, firstName='Elmo', lastName='Wolfe', birthdate=1976-05-27}
Customer{id=226, firstName='Keith', lastName='Cash', birthdate=1985-08-29}
Customer{id=227, firstName='Deanna', lastName='Kelley', birthdate=1955-05-28}
Customer{id=228, firstName='Lane', lastName='Dickson', birthdate=1951-03-11}
Customer{id=229, firstName='Nicole', lastName='Avila', birthdate=1964-11-29}
Customer{id=230, firstName='Slade', lastName='Rodriquez', birthdate=1961-07-12}
Customer{id=231, firstName='Avye', lastName='Mills', birthdate=1956-07-28}
Customer{id=232, firstName='Colt', lastName='Calderon', birthdate=1956-04-22}
Customer{id=233, firstName='Jena', lastName='Mathis', birthdate=1974-06-02}
Customer{id=234, firstName='Uriel', lastName='Harris', birthdate=1954-12-21}
Customer{id=235, firstName='Keane', lastName='Hayden', birthdate=1960-10-20}
Customer{id=236, firstName='Leah', lastName='Peters', birthdate=1951-12-10}
Customer{id=237, firstName='Sydnee', lastName='Ferguson', birthdate=1958-07-08}
Customer{id=238, firstName='Ulysses', lastName='Reeves', birthdate=1980-06-02}
Customer{id=239, firstName='Sharon', lastName='Golden', birthdate=1951-04-01}
Customer{id=240, firstName='Frances', lastName='Sheppard', birthdate=1952-01-23}
Customer{id=241, firstName='Sierra', lastName='York', birthdate=1952-12-11}
Customer{id=242, firstName='Neve', lastName='Morin', birthdate=1989-06-28}
Customer{id=243, firstName='Darrel', lastName='Rowe', birthdate=1952-08-12}
Customer{id=244, firstName='Elliott', lastName='Gilliam', birthdate=1979-05-18}
Customer{id=245, firstName='Quin', lastName='Boyer', birthdate=1954-10-19}
Customer{id=246, firstName='September', lastName='Santana', birthdate=1954-10-02}
Customer{id=247, firstName='Carol', lastName='Church', birthdate=1952-08-01}
Customer{id=248, firstName='Edan', lastName='Wilkinson', birthdate=1985-11-30}
Customer{id=249, firstName='Jenna', lastName='Mcdowell', birthdate=1951-10-26}
Customer{id=250, firstName='Zahir', lastName='Hurley', birthdate=1966-08-26}
Customer{id=251, firstName='Colton', lastName='Huber', birthdate=1988-08-06}
Customer{id=252, firstName='Sean', lastName='Estrada', birthdate=1956-01-25}
Customer{id=253, firstName='Hedwig', lastName='Stokes', birthdate=1954-09-24}
Customer{id=254, firstName='Graiden', lastName='Mcguire', birthdate=1964-01-19}
Customer{id=255, firstName='Ira', lastName='Welch', birthdate=1978-10-16}
Customer{id=256, firstName='MacKenzie', lastName='Campos', birthdate=1964-06-04}
Customer{id=257, firstName='Wanda', lastName='Berry', birthdate=1978-02-11}
Customer{id=258, firstName='Hannah', lastName='Foreman', birthdate=1986-12-15}
Customer{id=259, firstName='Jessica', lastName='Hart', birthdate=1990-11-27}
Customer{id=260, firstName='Damon', lastName='Payne', birthdate=1972-01-21}
Customer{id=261, firstName='Madeline', lastName='Pitts', birthdate=1974-09-30}
Customer{id=262, firstName='Sybil', lastName='Walsh', birthdate=1960-01-18}
Customer{id=263, firstName='Scott', lastName='Allen', birthdate=1983-11-29}
Customer{id=264, firstName='Linda', lastName='Conley', birthdate=1959-09-12}
Customer{id=265, firstName='Allen', lastName='Rowe', birthdate=1989-11-04}
Customer{id=266, firstName='Giselle', lastName='Garrett', birthdate=1988-10-05}
Customer{id=267, firstName='Martha', lastName='Mack', birthdate=1976-08-12}
Customer{id=268, firstName='Lila', lastName='Fitzpatrick', birthdate=1963-06-03}
Customer{id=269, firstName='Ivana', lastName='Farley', birthdate=1957-12-28}
Customer{id=270, firstName='Grant', lastName='Anthony', birthdate=1976-10-27}
Customer{id=271, firstName='Belle', lastName='Landry', birthdate=1973-08-23}
Customer{id=272, firstName='Cameran', lastName='Garza', birthdate=1973-05-16}
Customer{id=273, firstName='Unity', lastName='Black', birthdate=1986-12-24}
Customer{id=274, firstName='Kaitlin', lastName='Herman', birthdate=1980-05-16}
Customer{id=275, firstName='Joel', lastName='Ware', birthdate=1954-11-09}
Customer{id=276, firstName='Brian', lastName='Wheeler', birthdate=1990-03-14}
Customer{id=277, firstName='Ocean', lastName='Pearson', birthdate=1959-01-29}
Customer{id=278, firstName='Imani', lastName='Sweeney', birthdate=1963-10-26}
Customer{id=279, firstName='Celeste', lastName='Spears', birthdate=1952-06-03}
Customer{id=280, firstName='Kirby', lastName='Barnes', birthdate=1964-09-25}
Customer{id=281, firstName='Rosalyn', lastName='Hart', birthdate=1972-02-10}
Customer{id=282, firstName='Donna', lastName='Mosley', birthdate=1985-10-18}
Customer{id=283, firstName='Suki', lastName='Barker', birthdate=1985-02-07}
Customer{id=284, firstName='Willow', lastName='Smith', birthdate=1972-07-25}
Customer{id=285, firstName='Leandra', lastName='Petersen', birthdate=1978-06-24}
Customer{id=286, firstName='Aspen', lastName='Larson', birthdate=1973-09-28}
Customer{id=287, firstName='Martha', lastName='Irwin', birthdate=1975-10-23}
Customer{id=288, firstName='Alexa', lastName='Castillo', birthdate=1957-01-21}
Customer{id=289, firstName='Halla', lastName='Mccoy', birthdate=1966-02-08}
Customer{id=290, firstName='Martena', lastName='Bryan', birthdate=1987-12-29}
Customer{id=291, firstName='Quynn', lastName='Jordan', birthdate=1987-09-13}
Customer{id=292, firstName='Quynn', lastName='Bridges', birthdate=1981-09-26}
Customer{id=293, firstName='Joshua', lastName='Bolton', birthdate=1953-06-21}
Customer{id=294, firstName='Stacey', lastName='Wynn', birthdate=1971-05-13}
Customer{id=295, firstName='Noble', lastName='Freeman', birthdate=1978-01-07}
Customer{id=296, firstName='Cyrus', lastName='Gomez', birthdate=1981-09-18}
Customer{id=297, firstName='Tyler', lastName='Burch', birthdate=1951-01-19}
Customer{id=298, firstName='Adrienne', lastName='Chapman', birthdate=1962-04-04}
Customer{id=299, firstName='Carissa', lastName='Mooney', birthdate=1984-01-05}
Customer{id=300, firstName='Christopher', lastName='Howe', birthdate=1960-11-21}
Customer{id=301, firstName='Clark', lastName='Gardner', birthdate=1966-12-18}
Customer{id=302, firstName='Dean', lastName='Cook', birthdate=1968-01-04}
Customer{id=303, firstName='Coby', lastName='Stevens', birthdate=1953-12-19}
Customer{id=304, firstName='Whitney', lastName='Terrell', birthdate=1974-04-27}
Customer{id=305, firstName='Yoshi', lastName='Strickland', birthdate=1957-02-20}
Customer{id=306, firstName='Rhoda', lastName='King', birthdate=1984-09-30}
Customer{id=307, firstName='Cheyenne', lastName='Avila', birthdate=1953-10-13}
Customer{id=308, firstName='Piper', lastName='Gray', birthdate=1979-01-21}
Customer{id=309, firstName='Jorden', lastName='Kirk', birthdate=1983-06-15}
Customer{id=310, firstName='Hilary', lastName='Robbins', birthdate=1958-06-11}
Customer{id=311, firstName='Zephr', lastName='Oneill', birthdate=1972-10-12}
Customer{id=312, firstName='Barry', lastName='Mercado', birthdate=1981-05-31}
Customer{id=313, firstName='April', lastName='Villarreal', birthdate=1977-01-02}
Customer{id=314, firstName='Kaseem', lastName='Blanchard', birthdate=1955-04-22}
Customer{id=315, firstName='Cathleen', lastName='Reed', birthdate=1969-09-16}
Customer{id=316, firstName='Mara', lastName='Maynard', birthdate=1985-02-17}
Customer{id=317, firstName='Nell', lastName='Jacobs', birthdate=1977-08-09}
Customer{id=318, firstName='Preston', lastName='Bass', birthdate=1956-02-22}
Customer{id=319, firstName='Mohammad', lastName='Robertson', birthdate=1952-05-18}
Customer{id=320, firstName='Rhiannon', lastName='Witt', birthdate=1956-03-09}
Customer{id=321, firstName='Bernard', lastName='Ashley', birthdate=1989-09-07}
Customer{id=322, firstName='Cole', lastName='Atkinson', birthdate=1958-03-11}
Customer{id=323, firstName='Adena', lastName='Ellis', birthdate=1980-01-12}
Customer{id=324, firstName='Carter', lastName='Whitley', birthdate=1968-08-07}
Customer{id=325, firstName='Rosalyn', lastName='Cotton', birthdate=1972-06-21}
Customer{id=326, firstName='Sloane', lastName='Curry', birthdate=1983-01-23}
Customer{id=327, firstName='Garrison', lastName='Moore', birthdate=1960-02-13}
Customer{id=328, firstName='Catherine', lastName='Cain', birthdate=1989-01-08}
Customer{id=329, firstName='Jerome', lastName='King', birthdate=1976-09-28}
Customer{id=330, firstName='Jared', lastName='Roberts', birthdate=1960-04-24}
Customer{id=331, firstName='Andrew', lastName='Mosley', birthdate=1976-11-10}
Customer{id=332, firstName='Xyla', lastName='Sears', birthdate=1986-10-19}
Customer{id=333, firstName='Nasim', lastName='Peck', birthdate=1979-12-04}
Customer{id=334, firstName='Walter', lastName='Fry', birthdate=1961-12-31}
Customer{id=335, firstName='Tatum', lastName='Blevins', birthdate=1964-10-05}
Customer{id=336, firstName='Elijah', lastName='Burgess', birthdate=1963-03-22}
Customer{id=337, firstName='Elton', lastName='Adkins', birthdate=1977-04-22}
Customer{id=338, firstName='Kenneth', lastName='Welch', birthdate=1962-06-17}
Customer{id=339, firstName='Florence', lastName='Mejia', birthdate=1955-08-12}
Customer{id=340, firstName='Arden', lastName='Moody', birthdate=1959-08-09}
Customer{id=341, firstName='Zenia', lastName='Rollins', birthdate=1968-12-13}
Customer{id=342, firstName='Lillith', lastName='Rosales', birthdate=1970-04-22}
Customer{id=343, firstName='Murphy', lastName='Glenn', birthdate=1969-09-23}
Customer{id=344, firstName='Caldwell', lastName='Gates', birthdate=1961-12-23}
Customer{id=345, firstName='Charles', lastName='Melendez', birthdate=1951-01-13}
Customer{id=346, firstName='Jaden', lastName='Gardner', birthdate=1973-10-12}
Customer{id=347, firstName='Oleg', lastName='Wilkins', birthdate=1956-01-15}
Customer{id=348, firstName='Charles', lastName='Mcgowan', birthdate=1951-01-09}
Customer{id=349, firstName='Whitney', lastName='Gould', birthdate=1961-05-25}
Customer{id=350, firstName='Macaulay', lastName='Rowe', birthdate=1977-03-13}
Customer{id=351, firstName='Sierra', lastName='Lawrence', birthdate=1981-07-28}
Customer{id=352, firstName='Charlotte', lastName='Townsend', birthdate=1979-04-07}
Customer{id=353, firstName='Lillian', lastName='Byers', birthdate=1987-09-09}
Customer{id=354, firstName='Ava', lastName='Randall', birthdate=1988-04-16}
Customer{id=355, firstName='Cally', lastName='Keller', birthdate=1971-11-08}
Customer{id=356, firstName='Giacomo', lastName='Britt', birthdate=1970-06-10}
Customer{id=357, firstName='Gabriel', lastName='Warner', birthdate=1969-12-05}
Customer{id=358, firstName='Solomon', lastName='Foreman', birthdate=1979-08-19}
Customer{id=359, firstName='Hermione', lastName='Gallagher', birthdate=1958-04-22}
Customer{id=360, firstName='Phoebe', lastName='Hinton', birthdate=1985-07-15}
Customer{id=361, firstName='Keiko', lastName='Dennis', birthdate=1953-12-20}
Customer{id=362, firstName='Herman', lastName='Carpenter', birthdate=1981-09-03}
Customer{id=363, firstName='Cecilia', lastName='Oneal', birthdate=1979-04-02}
Customer{id=364, firstName='Gwendolyn', lastName='Alford', birthdate=1963-11-02}
Customer{id=365, firstName='Jonas', lastName='Pratt', birthdate=1973-06-02}
Customer{id=366, firstName='Whitney', lastName='Newton', birthdate=1961-02-01}
Customer{id=367, firstName='Ralph', lastName='Stein', birthdate=1971-04-23}
Customer{id=368, firstName='Eve', lastName='Frederick', birthdate=1983-12-04}
Customer{id=369, firstName='Odysseus', lastName='Hess', birthdate=1982-04-13}
Customer{id=370, firstName='Mechelle', lastName='Richard', birthdate=1990-02-09}
Customer{id=371, firstName='Jesse', lastName='Torres', birthdate=1989-06-11}
Customer{id=372, firstName='Martha', lastName='Mclaughlin', birthdate=1982-06-17}
Customer{id=373, firstName='Emerald', lastName='Haynes', birthdate=1957-03-07}
Customer{id=374, firstName='Rigel', lastName='Barton', birthdate=1964-11-13}
Customer{id=375, firstName='Meredith', lastName='Simon', birthdate=1988-07-29}
Customer{id=376, firstName='Nevada', lastName='Shannon', birthdate=1980-04-22}
Customer{id=377, firstName='Casey', lastName='Delgado', birthdate=1957-11-17}
Customer{id=378, firstName='Xerxes', lastName='Herring', birthdate=1988-01-21}
Customer{id=379, firstName='Penelope', lastName='Blackburn', birthdate=1959-02-28}
Customer{id=380, firstName='Rooney', lastName='Swanson', birthdate=1963-09-15}
Customer{id=381, firstName='Lamar', lastName='Ramirez', birthdate=1964-09-03}
Customer{id=382, firstName='Linda', lastName='Lee', birthdate=1988-01-19}
Customer{id=383, firstName='Hanae', lastName='Johnson', birthdate=1952-06-21}
Customer{id=384, firstName='Zane', lastName='Long', birthdate=1964-11-16}
Customer{id=385, firstName='Aspen', lastName='Potter', birthdate=1960-10-11}
Customer{id=386, firstName='Samson', lastName='Nicholson', birthdate=1989-02-12}
Customer{id=387, firstName='Jael', lastName='Stuart', birthdate=1977-02-10}
Customer{id=388, firstName='Marny', lastName='Summers', birthdate=1959-02-08}
Customer{id=389, firstName='Lael', lastName='Schwartz', birthdate=1956-02-06}
Customer{id=390, firstName='Blythe', lastName='Baldwin', birthdate=1961-08-09}
Customer{id=391, firstName='Keegan', lastName='Pruitt', birthdate=1976-04-23}
Customer{id=392, firstName='Nathan', lastName='Patterson', birthdate=1967-01-27}
Customer{id=393, firstName='Garth', lastName='Calderon', birthdate=1961-04-12}
Customer{id=394, firstName='Flynn', lastName='Winters', birthdate=1988-09-30}
Customer{id=395, firstName='Dara', lastName='Morrison', birthdate=1979-12-22}
Customer{id=396, firstName='Ira', lastName='Wilkerson', birthdate=1973-03-06}
Customer{id=397, firstName='Angela', lastName='Ward', birthdate=1983-03-13}
Customer{id=398, firstName='Wilma', lastName='Collier', birthdate=1960-06-20}
Customer{id=399, firstName='Sandra', lastName='Kaufman', birthdate=1980-04-17}
Customer{id=400, firstName='Amelia', lastName='Osborn', birthdate=1972-05-09}
Customer{id=401, firstName='Gemma', lastName='Finch', birthdate=1989-09-25}
Customer{id=402, firstName='Orli', lastName='Slater', birthdate=1959-03-30}
Customer{id=403, firstName='Donovan', lastName='Beasley', birthdate=1986-06-18}
Customer{id=404, firstName='Dacey', lastName='Leblanc', birthdate=1980-05-22}
Customer{id=405, firstName='Rebekah', lastName='Edwards', birthdate=1961-12-24}
Customer{id=406, firstName='George', lastName='Reeves', birthdate=1965-12-14}
Customer{id=407, firstName='Hadley', lastName='Landry', birthdate=1978-12-13}
Customer{id=408, firstName='Cameran', lastName='Acevedo', birthdate=1957-10-18}
Customer{id=409, firstName='Ignacia', lastName='Medina', birthdate=1953-03-26}
Customer{id=410, firstName='Alvin', lastName='Johnson', birthdate=1988-07-24}
Customer{id=411, firstName='Aurora', lastName='Lucas', birthdate=1966-04-22}
Customer{id=412, firstName='Gretchen', lastName='Norman', birthdate=1968-12-04}
Customer{id=413, firstName='Inga', lastName='Roy', birthdate=1959-10-16}
Customer{id=414, firstName='Aquila', lastName='Thomas', birthdate=1986-02-18}
Customer{id=415, firstName='Boris', lastName='Boyd', birthdate=1959-01-27}
Customer{id=416, firstName='Channing', lastName='Petersen', birthdate=1953-01-09}
Customer{id=417, firstName='Wyoming', lastName='Meadows', birthdate=1960-11-29}
Customer{id=418, firstName='Veronica', lastName='Perkins', birthdate=1977-08-27}
Customer{id=419, firstName='David', lastName='Davidson', birthdate=1972-04-08}
Customer{id=420, firstName='Lillian', lastName='Carpenter', birthdate=1956-12-10}
Customer{id=421, firstName='Danielle', lastName='Luna', birthdate=1988-11-21}
Customer{id=422, firstName='Mia', lastName='Douglas', birthdate=1962-02-15}
Customer{id=423, firstName='Micah', lastName='Galloway', birthdate=1975-05-27}
Customer{id=424, firstName='Tad', lastName='Reynolds', birthdate=1987-09-10}
Customer{id=425, firstName='Troy', lastName='David', birthdate=1985-01-26}
Customer{id=426, firstName='Ila', lastName='Ashley', birthdate=1960-08-27}
Customer{id=427, firstName='Kelly', lastName='Meadows', birthdate=1965-01-02}
Customer{id=428, firstName='Walter', lastName='Pugh', birthdate=1980-12-09}
Customer{id=429, firstName='Lucius', lastName='Battle', birthdate=1983-04-12}
Customer{id=430, firstName='Florence', lastName='Stark', birthdate=1963-06-19}
Customer{id=431, firstName='Priscilla', lastName='Gregory', birthdate=1986-10-26}
Customer{id=432, firstName='Joseph', lastName='Dickerson', birthdate=1985-03-04}
Customer{id=433, firstName='Kellie', lastName='Slater', birthdate=1979-12-06}
Customer{id=434, firstName='Hayden', lastName='Olson', birthdate=1963-12-01}
Customer{id=435, firstName='Xanthus', lastName='Raymond', birthdate=1976-01-21}
Customer{id=436, firstName='Shannon', lastName='Lynn', birthdate=1967-06-17}
Customer{id=437, firstName='Kato', lastName='Sosa', birthdate=1987-10-21}
Customer{id=438, firstName='Molly', lastName='Juarez', birthdate=1959-11-29}
Customer{id=439, firstName='Hermione', lastName='Buchanan', birthdate=1953-11-20}
Customer{id=440, firstName='Kevyn', lastName='Ellis', birthdate=1983-08-21}
Customer{id=441, firstName='Paloma', lastName='Riddle', birthdate=1989-05-21}
Customer{id=442, firstName='Tiger', lastName='Gallegos', birthdate=1952-05-11}
Customer{id=443, firstName='Willow', lastName='Morgan', birthdate=1966-04-28}
Customer{id=444, firstName='Stephen', lastName='Smith', birthdate=1982-11-17}
Customer{id=445, firstName='Curran', lastName='Mueller', birthdate=1962-07-09}
Customer{id=446, firstName='Cathleen', lastName='Melendez', birthdate=1969-04-06}
Customer{id=447, firstName='Vaughan', lastName='Cunningham', birthdate=1970-06-13}
Customer{id=448, firstName='Grace', lastName='Kane', birthdate=1979-06-01}
Customer{id=449, firstName='Ebony', lastName='Sweet', birthdate=1980-03-07}
Customer{id=450, firstName='Scott', lastName='Burt', birthdate=1975-12-15}
Customer{id=451, firstName='Britanney', lastName='Lancaster', birthdate=1979-07-19}
Customer{id=452, firstName='Lane', lastName='Christensen', birthdate=1964-09-17}
Customer{id=453, firstName='Hyacinth', lastName='Orr', birthdate=1959-05-07}
Customer{id=454, firstName='Cailin', lastName='Craig', birthdate=1975-08-17}
Customer{id=455, firstName='Craig', lastName='Dean', birthdate=1966-04-01}
Customer{id=456, firstName='Julian', lastName='Lee', birthdate=1951-08-16}
Customer{id=457, firstName='Yoko', lastName='Burt', birthdate=1961-02-08}
Customer{id=458, firstName='Aurora', lastName='Zamora', birthdate=1953-05-31}
Customer{id=459, firstName='Ulric', lastName='Lee', birthdate=1959-02-09}
Customer{id=460, firstName='Lucius', lastName='Holmes', birthdate=1978-04-20}
Customer{id=461, firstName='Eve', lastName='Mcconnell', birthdate=1981-08-08}
Customer{id=462, firstName='Donovan', lastName='Odonnell', birthdate=1976-06-29}
Customer{id=463, firstName='Idona', lastName='Ortiz', birthdate=1972-08-14}
Customer{id=464, firstName='Mona', lastName='Cantrell', birthdate=1970-06-19}
Customer{id=465, firstName='Dennis', lastName='Gregory', birthdate=1968-11-08}
Customer{id=466, firstName='Beau', lastName='Weaver', birthdate=1977-07-23}
Customer{id=467, firstName='Willow', lastName='Santos', birthdate=1989-05-29}
Customer{id=468, firstName='Alisa', lastName='Jarvis', birthdate=1972-08-31}
Customer{id=469, firstName='Veronica', lastName='Patterson', birthdate=1984-05-21}
Customer{id=470, firstName='Martin', lastName='Sosa', birthdate=1959-03-23}
Customer{id=471, firstName='Clinton', lastName='Gaines', birthdate=1985-10-23}
Customer{id=472, firstName='Darryl', lastName='Madden', birthdate=1955-11-27}
Customer{id=473, firstName='Len', lastName='Morse', birthdate=1968-11-15}
Customer{id=474, firstName='Axel', lastName='Malone', birthdate=1988-08-15}
Customer{id=475, firstName='Rebecca', lastName='Rasmussen', birthdate=1990-09-14}
Customer{id=476, firstName='McKenzie', lastName='Acosta', birthdate=1972-04-02}
Customer{id=477, firstName='Russell', lastName='Sampson', birthdate=1980-03-17}
Customer{id=478, firstName='Emi', lastName='Cameron', birthdate=1970-01-25}
Customer{id=479, firstName='Merritt', lastName='Scott', birthdate=1971-12-20}
Customer{id=480, firstName='Rafael', lastName='Todd', birthdate=1976-02-09}
Customer{id=481, firstName='Ronan', lastName='Potter', birthdate=1988-10-13}
Customer{id=482, firstName='Jerome', lastName='Adams', birthdate=1965-03-23}
Customer{id=483, firstName='Daryl', lastName='Mcintosh', birthdate=1980-07-01}
Customer{id=484, firstName='Zoe', lastName='Johnson', birthdate=1965-08-14}
Customer{id=485, firstName='Cyrus', lastName='Fulton', birthdate=1962-04-26}
Customer{id=486, firstName='Xaviera', lastName='Poole', birthdate=1977-03-14}
Customer{id=487, firstName='Alfonso', lastName='Kinney', birthdate=1974-03-27}
Customer{id=488, firstName='Yolanda', lastName='Walls', birthdate=1985-01-04}
Customer{id=489, firstName='Uta', lastName='Wallace', birthdate=1981-05-20}
Customer{id=490, firstName='Alexis', lastName='Foster', birthdate=1967-01-18}
Customer{id=491, firstName='Sybil', lastName='Kim', birthdate=1983-05-19}
Customer{id=492, firstName='Nomlanga', lastName='Mccormick', birthdate=1988-02-23}
Customer{id=493, firstName='Marshall', lastName='Bray', birthdate=1958-08-16}
Customer{id=494, firstName='Uriah', lastName='Cole', birthdate=1965-02-18}
Customer{id=495, firstName='Wesley', lastName='Stokes', birthdate=1980-07-15}
Customer{id=496, firstName='Kennedy', lastName='Payne', birthdate=1956-02-18}
Customer{id=497, firstName='April', lastName='Gibbs', birthdate=1965-10-14}
Customer{id=498, firstName='Alec', lastName='Mccarthy', birthdate=1968-10-06}
Customer{id=499, firstName='Philip', lastName='Koch', birthdate=1967-07-04}
Customer{id=500, firstName='Reuben', lastName='Simmons', birthdate=1956-09-20}
Customer{id=501, firstName='Kelly', lastName='Ashley', birthdate=1987-05-13}
Customer{id=502, firstName='Chadwick', lastName='Salazar', birthdate=1963-05-11}
Customer{id=503, firstName='Justine', lastName='Warren', birthdate=1980-03-01}
Customer{id=504, firstName='Elizabeth', lastName='Meyer', birthdate=1960-02-20}
Customer{id=505, firstName='Elvis', lastName='Berger', birthdate=1968-03-22}
Customer{id=506, firstName='Miranda', lastName='Bird', birthdate=1986-11-01}
Customer{id=507, firstName='Leila', lastName='Pearson', birthdate=1982-09-04}
Customer{id=508, firstName='Willow', lastName='Dixon', birthdate=1969-07-09}
Customer{id=509, firstName='Jade', lastName='Graham', birthdate=1981-06-04}
Customer{id=510, firstName='Abigail', lastName='Sexton', birthdate=1968-12-20}
Customer{id=511, firstName='Quail', lastName='Zimmerman', birthdate=1984-02-13}
Customer{id=512, firstName='Martena', lastName='Bruce', birthdate=1983-04-30}
Customer{id=513, firstName='Moses', lastName='Boyer', birthdate=1968-12-02}
Customer{id=514, firstName='Meghan', lastName='Zamora', birthdate=1961-07-10}
Customer{id=515, firstName='Whoopi', lastName='Battle', birthdate=1984-11-03}
Customer{id=516, firstName='Darryl', lastName='Mejia', birthdate=1982-10-31}
Customer{id=517, firstName='Dorothy', lastName='Sawyer', birthdate=1990-07-19}
Customer{id=518, firstName='Ashton', lastName='Bond', birthdate=1960-03-03}
Customer{id=519, firstName='Cassandra', lastName='Mcmillan', birthdate=1957-09-21}
Customer{id=520, firstName='Martin', lastName='Rios', birthdate=1958-01-03}
Customer{id=521, firstName='Cedric', lastName='Christensen', birthdate=1976-11-20}
Customer{id=522, firstName='Marny', lastName='Coleman', birthdate=1966-05-07}
Customer{id=523, firstName='Ina', lastName='Barton', birthdate=1970-06-03}
Customer{id=524, firstName='Keiko', lastName='Sloan', birthdate=1981-02-10}
Customer{id=525, firstName='Reese', lastName='Whitehead', birthdate=1973-05-06}
Customer{id=526, firstName='Dana', lastName='Vang', birthdate=1958-04-30}
Customer{id=527, firstName='Nathaniel', lastName='Stevens', birthdate=1963-10-30}
Customer{id=528, firstName='Lucius', lastName='Wells', birthdate=1961-01-18}
Customer{id=529, firstName='Glenna', lastName='Boyer', birthdate=1954-03-30}
Customer{id=530, firstName='Finn', lastName='Short', birthdate=1964-08-30}
Customer{id=531, firstName='Barrett', lastName='Conley', birthdate=1989-08-09}
Customer{id=532, firstName='Susan', lastName='Vinson', birthdate=1981-01-24}
Customer{id=533, firstName='Carly', lastName='Riley', birthdate=1961-11-22}
Customer{id=534, firstName='Hilel', lastName='Dudley', birthdate=1961-08-26}
Customer{id=535, firstName='Yvonne', lastName='Ashley', birthdate=1972-03-04}
Customer{id=536, firstName='Karina', lastName='Berg', birthdate=1961-03-25}
Customer{id=537, firstName='Shana', lastName='Huber', birthdate=1952-09-30}
Customer{id=538, firstName='Walter', lastName='Benson', birthdate=1986-05-25}
Customer{id=539, firstName='Mark', lastName='Howe', birthdate=1985-01-27}
Customer{id=540, firstName='Hammett', lastName='Hammond', birthdate=1990-04-05}
Customer{id=541, firstName='Zenaida', lastName='Rutledge', birthdate=1986-02-18}
Customer{id=542, firstName='Richard', lastName='Kinney', birthdate=1980-04-18}
Customer{id=543, firstName='Jocelyn', lastName='Shepherd', birthdate=1983-04-22}
Customer{id=544, firstName='Sacha', lastName='Frank', birthdate=1982-05-16}
Customer{id=545, firstName='Sloane', lastName='Walton', birthdate=1958-04-22}
Customer{id=546, firstName='Bree', lastName='Cooper', birthdate=1981-07-11}
Customer{id=547, firstName='Yoshio', lastName='Alvarado', birthdate=1968-11-27}
Customer{id=548, firstName='Lamar', lastName='Knight', birthdate=1962-12-26}
Customer{id=549, firstName='Kirestin', lastName='Mayer', birthdate=1961-03-20}
Customer{id=550, firstName='Reese', lastName='Mayer', birthdate=1988-08-04}
Customer{id=551, firstName='Victoria', lastName='Reynolds', birthdate=1972-12-31}
Customer{id=552, firstName='Unity', lastName='Flores', birthdate=1988-02-16}
Customer{id=553, firstName='Tatiana', lastName='Tanner', birthdate=1982-04-08}
Customer{id=554, firstName='Emily', lastName='Estes', birthdate=1963-11-05}
Customer{id=555, firstName='Brent', lastName='Munoz', birthdate=1986-01-25}
Customer{id=556, firstName='Jordan', lastName='Sanchez', birthdate=1987-07-20}
Customer{id=557, firstName='Arthur', lastName='Whitaker', birthdate=1990-04-18}
Customer{id=558, firstName='Driscoll', lastName='Shepard', birthdate=1980-10-04}
Customer{id=559, firstName='Deirdre', lastName='Berg', birthdate=1989-06-28}
Customer{id=560, firstName='Fredericka', lastName='Buckley', birthdate=1987-03-06}
Customer{id=561, firstName='Katelyn', lastName='Cooke', birthdate=1957-02-06}
Customer{id=562, firstName='Otto', lastName='Rose', birthdate=1974-05-15}
Customer{id=563, firstName='Jaime', lastName='Zimmerman', birthdate=1960-04-23}
Customer{id=564, firstName='Hiroko', lastName='Callahan', birthdate=1972-05-16}
Customer{id=565, firstName='Allen', lastName='Acosta', birthdate=1968-09-22}
Customer{id=566, firstName='Taylor', lastName='Maldonado', birthdate=1973-12-05}
Customer{id=567, firstName='Kareem', lastName='Bowen', birthdate=1968-05-06}
Customer{id=568, firstName='Jonah', lastName='Hayden', birthdate=1951-05-18}
Customer{id=569, firstName='Bruno', lastName='Dickson', birthdate=1975-04-26}
Customer{id=570, firstName='Shelley', lastName='Pollard', birthdate=1987-12-23}
Customer{id=571, firstName='Baxter', lastName='Estrada', birthdate=1968-02-22}
Customer{id=572, firstName='Daryl', lastName='Olson', birthdate=1961-04-20}
Customer{id=573, firstName='Ainsley', lastName='Nieves', birthdate=1962-06-19}
Customer{id=574, firstName='Allen', lastName='Arnold', birthdate=1970-09-05}
Customer{id=575, firstName='Wade', lastName='Vargas', birthdate=1969-05-22}
Customer{id=576, firstName='Palmer', lastName='Pate', birthdate=1985-07-04}
Customer{id=577, firstName='Lysandra', lastName='Foster', birthdate=1960-10-12}
Customer{id=578, firstName='Hilary', lastName='Jordan', birthdate=1958-02-18}
Customer{id=579, firstName='Leah', lastName='Douglas', birthdate=1985-07-02}
Customer{id=580, firstName='Kim', lastName='Graham', birthdate=1980-08-25}
Customer{id=581, firstName='Ivor', lastName='Stein', birthdate=1963-07-13}
Customer{id=582, firstName='Yael', lastName='Nicholson', birthdate=1990-11-13}
Customer{id=583, firstName='Cynthia', lastName='Wilkinson', birthdate=1952-11-08}
Customer{id=584, firstName='Lavinia', lastName='Alvarez', birthdate=1981-11-05}
Customer{id=585, firstName='Raya', lastName='Harris', birthdate=1968-10-15}
Customer{id=586, firstName='Ivana', lastName='Bradshaw', birthdate=1979-01-20}
Customer{id=587, firstName='Stephanie', lastName='Rosario', birthdate=1964-04-06}
Customer{id=588, firstName='Deborah', lastName='Madden', birthdate=1982-02-02}
Customer{id=589, firstName='Anne', lastName='Moses', birthdate=1985-10-30}
Customer{id=590, firstName='Beverly', lastName='Dunn', birthdate=1984-02-03}
Customer{id=591, firstName='Dalton', lastName='Mcfadden', birthdate=1961-11-24}
Customer{id=592, firstName='Sasha', lastName='Erickson', birthdate=1956-09-19}
Customer{id=593, firstName='Teegan', lastName='Walker', birthdate=1958-08-07}
Customer{id=594, firstName='Amelia', lastName='Church', birthdate=1990-08-04}
Customer{id=595, firstName='Brenna', lastName='Cantrell', birthdate=1953-10-23}
Customer{id=596, firstName='Jackson', lastName='Montoya', birthdate=1956-10-22}
Customer{id=597, firstName='Blaze', lastName='Horton', birthdate=1968-12-06}
Customer{id=598, firstName='Amber', lastName='Workman', birthdate=1972-10-21}
Customer{id=599, firstName='Azalia', lastName='Bradshaw', birthdate=1982-12-19}
Customer{id=600, firstName='Zelenia', lastName='Henson', birthdate=1982-07-03}
Customer{id=601, firstName='Thomas', lastName='Mathews', birthdate=1954-11-21}
Customer{id=602, firstName='Kevyn', lastName='Whitney', birthdate=1984-09-21}
Customer{id=603, firstName='Marny', lastName='Leon', birthdate=1984-06-10}
Customer{id=604, firstName='Jarrod', lastName='Gay', birthdate=1960-06-22}
Customer{id=605, firstName='Chastity', lastName='Wyatt', birthdate=1975-08-14}
Customer{id=606, firstName='Remedios', lastName='Shannon', birthdate=1967-10-19}
Customer{id=607, firstName='Martina', lastName='Valenzuela', birthdate=1989-11-11}
Customer{id=608, firstName='Ulla', lastName='Mcdaniel', birthdate=1956-05-18}
Customer{id=609, firstName='Flavia', lastName='Chen', birthdate=1976-01-24}
Customer{id=610, firstName='Sydnee', lastName='Martinez', birthdate=1979-01-22}
Customer{id=611, firstName='Adara', lastName='Hodges', birthdate=1954-12-13}
Customer{id=612, firstName='Martin', lastName='Patrick', birthdate=1965-08-08}
Customer{id=613, firstName='Carla', lastName='Mejia', birthdate=1983-09-26}
Customer{id=614, firstName='Alea', lastName='Sellers', birthdate=1957-05-15}
Customer{id=615, firstName='Maite', lastName='Ellison', birthdate=1989-11-20}
Customer{id=616, firstName='Alan', lastName='Curtis', birthdate=1972-10-21}
Customer{id=617, firstName='Kiona', lastName='Donaldson', birthdate=1990-01-25}
Customer{id=618, firstName='Octavius', lastName='Hester', birthdate=1990-07-19}
Customer{id=619, firstName='Yvonne', lastName='Dudley', birthdate=1977-12-19}
Customer{id=620, firstName='Kieran', lastName='Vargas', birthdate=1961-12-30}
Customer{id=621, firstName='Selma', lastName='Lucas', birthdate=1982-01-23}
Customer{id=622, firstName='Burton', lastName='Barnett', birthdate=1979-08-08}
Customer{id=623, firstName='Kaitlin', lastName='Malone', birthdate=1990-05-21}
Customer{id=624, firstName='Madison', lastName='Blackwell', birthdate=1966-10-16}
Customer{id=625, firstName='Erich', lastName='Browning', birthdate=1954-08-11}
Customer{id=626, firstName='Joshua', lastName='Mills', birthdate=1974-04-02}
Customer{id=627, firstName='Eliana', lastName='Downs', birthdate=1974-01-12}
Customer{id=628, firstName='Giacomo', lastName='Saunders', birthdate=1960-08-28}
Customer{id=629, firstName='Donna', lastName='Carey', birthdate=1958-12-14}
Customer{id=630, firstName='Cedric', lastName='Pennington', birthdate=1990-06-11}
Customer{id=631, firstName='Xantha', lastName='Mckee', birthdate=1958-09-10}
Customer{id=632, firstName='Rhona', lastName='Strickland', birthdate=1987-10-05}
Customer{id=633, firstName='Beverly', lastName='Sharp', birthdate=1987-05-26}
Customer{id=634, firstName='Cailin', lastName='Kim', birthdate=1975-03-29}
Customer{id=635, firstName='Tanek', lastName='Graves', birthdate=1967-10-17}
Customer{id=636, firstName='Quinn', lastName='Guthrie', birthdate=1963-02-23}
Customer{id=637, firstName='Declan', lastName='Church', birthdate=1963-11-16}
Customer{id=638, firstName='Lysandra', lastName='Cunningham', birthdate=1964-04-12}
Customer{id=639, firstName='Allistair', lastName='Lawson', birthdate=1963-04-10}
Customer{id=640, firstName='Rylee', lastName='Haynes', birthdate=1958-02-04}
Customer{id=641, firstName='Neve', lastName='Myers', birthdate=1951-02-14}
Customer{id=642, firstName='Kevin', lastName='Deleon', birthdate=1957-11-29}
Customer{id=643, firstName='Wallace', lastName='Ochoa', birthdate=1959-10-26}
Customer{id=644, firstName='Patience', lastName='Dawson', birthdate=1972-07-22}
Customer{id=645, firstName='Carla', lastName='Burch', birthdate=1963-03-12}
Customer{id=646, firstName='Fallon', lastName='Mcintosh', birthdate=1960-03-18}
Customer{id=647, firstName='Stephen', lastName='Figueroa', birthdate=1966-03-28}
Customer{id=648, firstName='Katell', lastName='Sanders', birthdate=1990-10-23}
Customer{id=649, firstName='Tyler', lastName='Dillard', birthdate=1957-02-09}
Customer{id=650, firstName='Kessie', lastName='Waller', birthdate=1975-03-14}
Customer{id=651, firstName='Stewart', lastName='Mason', birthdate=1982-10-25}
Customer{id=652, firstName='Kitra', lastName='Pittman', birthdate=1960-01-14}
Customer{id=653, firstName='Ivor', lastName='Gordon', birthdate=1953-11-12}
Customer{id=654, firstName='Dane', lastName='Le', birthdate=1956-09-26}
Customer{id=655, firstName='Silas', lastName='Delaney', birthdate=1950-12-24}
Customer{id=656, firstName='Avram', lastName='Chambers', birthdate=1989-01-21}
Customer{id=657, firstName='Joan', lastName='Banks', birthdate=1966-04-24}
Customer{id=658, firstName='Kennan', lastName='Small', birthdate=1986-08-20}
Customer{id=659, firstName='Sebastian', lastName='Mcintyre', birthdate=1960-05-25}
Customer{id=660, firstName='Armand', lastName='Moon', birthdate=1984-05-11}
Customer{id=661, firstName='Edward', lastName='Ortega', birthdate=1957-08-24}
Customer{id=662, firstName='Donovan', lastName='Burris', birthdate=1961-07-18}
Customer{id=663, firstName='Aurora', lastName='Velez', birthdate=1973-05-08}
Customer{id=664, firstName='Cailin', lastName='Ferrell', birthdate=1959-08-13}
Customer{id=665, firstName='Cade', lastName='Thomas', birthdate=1984-12-11}
Customer{id=666, firstName='Shoshana', lastName='Le', birthdate=1957-08-28}
Customer{id=667, firstName='Maggy', lastName='Hartman', birthdate=1955-08-26}
Customer{id=668, firstName='Bradley', lastName='Talley', birthdate=1965-12-11}
Customer{id=669, firstName='Carlos', lastName='Gonzales', birthdate=1963-12-10}
Customer{id=670, firstName='Julian', lastName='Jensen', birthdate=1982-10-18}
Customer{id=671, firstName='Colby', lastName='Rogers', birthdate=1990-08-28}
Customer{id=672, firstName='Allegra', lastName='Neal', birthdate=1988-07-01}
Customer{id=673, firstName='Melinda', lastName='Quinn', birthdate=1979-02-02}
Customer{id=674, firstName='Wayne', lastName='Mendez', birthdate=1983-01-20}
Customer{id=675, firstName='Vivian', lastName='Massey', birthdate=1980-06-17}
Customer{id=676, firstName='Gary', lastName='Berger', birthdate=1980-08-02}
Customer{id=677, firstName='Seth', lastName='Jensen', birthdate=1970-12-22}
Customer{id=678, firstName='Noble', lastName='Reese', birthdate=1959-11-25}
Customer{id=679, firstName='Yeo', lastName='Byrd', birthdate=1967-09-02}
Customer{id=680, firstName='Ingrid', lastName='Leach', birthdate=1954-04-08}
Customer{id=681, firstName='Vaughan', lastName='Frazier', birthdate=1972-08-27}
Customer{id=682, firstName='Ima', lastName='Howe', birthdate=1955-02-20}
Customer{id=683, firstName='Kaitlin', lastName='Wall', birthdate=1961-05-08}
Customer{id=684, firstName='Nichole', lastName='Schmidt', birthdate=1986-12-22}
Customer{id=685, firstName='Lesley', lastName='Roy', birthdate=1958-07-20}
Customer{id=686, firstName='Tyler', lastName='Pierce', birthdate=1969-03-06}
Customer{id=687, firstName='Branden', lastName='Carver', birthdate=1973-02-12}
Customer{id=688, firstName='Kerry', lastName='Miranda', birthdate=1961-01-07}
Customer{id=689, firstName='Ariel', lastName='Cruz', birthdate=1973-04-05}
Customer{id=690, firstName='Thor', lastName='Sykes', birthdate=1976-10-31}
Customer{id=691, firstName='Quincy', lastName='Garza', birthdate=1985-07-15}
Customer{id=692, firstName='Whilemina', lastName='Cabrera', birthdate=1978-04-10}
Customer{id=693, firstName='Zia', lastName='Dean', birthdate=1981-09-09}
Customer{id=694, firstName='Quemby', lastName='Thompson', birthdate=1958-11-12}
Customer{id=695, firstName='Francis', lastName='Patton', birthdate=1980-01-03}
Customer{id=696, firstName='Janna', lastName='Moran', birthdate=1960-06-17}
Customer{id=697, firstName='Joelle', lastName='Craig', birthdate=1981-02-19}
Customer{id=698, firstName='Castor', lastName='Harrington', birthdate=1985-04-26}
Customer{id=699, firstName='Bell', lastName='Hunt', birthdate=1951-11-17}
Customer{id=700, firstName='Hall', lastName='Clarke', birthdate=1987-01-29}
Customer{id=701, firstName='Wade', lastName='Moore', birthdate=1970-09-06}
Customer{id=702, firstName='Jana', lastName='Bennett', birthdate=1978-04-28}
Customer{id=703, firstName='Winter', lastName='Beard', birthdate=1963-02-17}
Customer{id=704, firstName='Melanie', lastName='Willis', birthdate=1966-08-08}
Customer{id=705, firstName='Meghan', lastName='Graves', birthdate=1950-12-23}
Customer{id=706, firstName='Byron', lastName='Flores', birthdate=1977-03-07}
Customer{id=707, firstName='Shaeleigh', lastName='Schroeder', birthdate=1978-12-26}
Customer{id=708, firstName='Noelani', lastName='Woods', birthdate=1981-12-26}
Customer{id=709, firstName='Kristen', lastName='Humphrey', birthdate=1954-11-13}
Customer{id=710, firstName='Quon', lastName='Franklin', birthdate=1988-04-05}
Customer{id=711, firstName='Hedwig', lastName='Wiley', birthdate=1977-09-08}
Customer{id=712, firstName='Brock', lastName='Bishop', birthdate=1957-11-25}
Customer{id=713, firstName='Lisandra', lastName='Weiss', birthdate=1979-10-13}
Customer{id=714, firstName='Reed', lastName='Myers', birthdate=1957-10-27}
Customer{id=715, firstName='Rhonda', lastName='Kent', birthdate=1979-11-23}
Customer{id=716, firstName='Moana', lastName='Cote', birthdate=1981-03-13}
Customer{id=717, firstName='Isadora', lastName='Wilson', birthdate=1980-08-13}
Customer{id=718, firstName='Sonia', lastName='Ramsey', birthdate=1972-06-20}
Customer{id=719, firstName='Keegan', lastName='Warren', birthdate=1966-01-10}
Customer{id=720, firstName='Asher', lastName='Bailey', birthdate=1988-07-17}
Customer{id=721, firstName='Prescott', lastName='Holcomb', birthdate=1976-12-21}
Customer{id=722, firstName='Rafael', lastName='Watson', birthdate=1964-02-10}
Customer{id=723, firstName='Xenos', lastName='Dawson', birthdate=1979-09-14}
Customer{id=724, firstName='Xaviera', lastName='Avila', birthdate=1965-07-07}
Customer{id=725, firstName='Latifah', lastName='Vincent', birthdate=1987-07-03}
Customer{id=726, firstName='Amena', lastName='Harrison', birthdate=1972-06-22}
Customer{id=727, firstName='Tatiana', lastName='Vincent', birthdate=1958-07-10}
Customer{id=728, firstName='Jelani', lastName='Hansen', birthdate=1964-12-09}
Customer{id=729, firstName='Pascale', lastName='Blevins', birthdate=1962-12-20}
Customer{id=730, firstName='Zeph', lastName='Powell', birthdate=1968-09-06}
Customer{id=731, firstName='Laith', lastName='Guthrie', birthdate=1961-02-08}
Customer{id=732, firstName='Bevis', lastName='Skinner', birthdate=1978-09-04}
Customer{id=733, firstName='Jonah', lastName='Mullins', birthdate=1955-09-30}
Customer{id=734, firstName='Lynn', lastName='Middleton', birthdate=1990-10-29}
Customer{id=735, firstName='Tashya', lastName='Hanson', birthdate=1960-08-16}
Customer{id=736, firstName='Noelani', lastName='Bridges', birthdate=1982-07-13}
Customer{id=737, firstName='Bruno', lastName='Sherman', birthdate=1985-02-18}
Customer{id=738, firstName='Risa', lastName='Weiss', birthdate=1975-05-29}
Customer{id=739, firstName='Stacy', lastName='Wynn', birthdate=1969-11-21}
Customer{id=740, firstName='Justine', lastName='Cantrell', birthdate=1951-07-01}
Customer{id=741, firstName='Myra', lastName='Suarez', birthdate=1960-10-23}
Customer{id=742, firstName='Castor', lastName='Ball', birthdate=1974-07-19}
Customer{id=743, firstName='Bradley', lastName='Hurley', birthdate=1985-11-13}
Customer{id=744, firstName='Cameran', lastName='Rogers', birthdate=1985-04-27}
Customer{id=745, firstName='Helen', lastName='Woods', birthdate=1987-08-29}
Customer{id=746, firstName='Cooper', lastName='Edwards', birthdate=1971-03-11}
Customer{id=747, firstName='Alec', lastName='Finley', birthdate=1980-02-08}
Customer{id=748, firstName='Kylan', lastName='Adams', birthdate=1970-06-05}
Customer{id=749, firstName='Kelsey', lastName='Coffey', birthdate=1970-03-30}
Customer{id=750, firstName='Willa', lastName='Howard', birthdate=1987-04-19}
Customer{id=751, firstName='Shea', lastName='Fernandez', birthdate=1990-08-29}
Customer{id=752, firstName='Rinah', lastName='Christian', birthdate=1958-09-28}
Customer{id=753, firstName='Todd', lastName='Wolfe', birthdate=1968-08-10}
Customer{id=754, firstName='Nora', lastName='Wallace', birthdate=1978-10-10}
Customer{id=755, firstName='Lewis', lastName='Joseph', birthdate=1964-06-29}
Customer{id=756, firstName='Charles', lastName='Duffy', birthdate=1961-09-06}
Customer{id=757, firstName='Grady', lastName='Barlow', birthdate=1978-03-28}
Customer{id=758, firstName='Petra', lastName='Horne', birthdate=1975-05-07}
Customer{id=759, firstName='Wesley', lastName='Clements', birthdate=1982-02-12}
Customer{id=760, firstName='Arsenio', lastName='Frost', birthdate=1979-09-23}
Customer{id=761, firstName='Wylie', lastName='Whitley', birthdate=1951-06-27}
Customer{id=762, firstName='Kendall', lastName='Baird', birthdate=1965-09-04}
Customer{id=763, firstName='Jacob', lastName='Cannon', birthdate=1954-07-26}
Customer{id=764, firstName='Ciaran', lastName='Pierce', birthdate=1972-04-05}
Customer{id=765, firstName='Chester', lastName='Brock', birthdate=1966-11-02}
Customer{id=766, firstName='Lance', lastName='Collier', birthdate=1989-03-13}
Customer{id=767, firstName='Justin', lastName='Terrell', birthdate=1962-10-21}
Customer{id=768, firstName='Chancellor', lastName='Merrill', birthdate=1983-08-02}
Customer{id=769, firstName='Juliet', lastName='Conley', birthdate=1955-01-30}
Customer{id=770, firstName='Karyn', lastName='Humphrey', birthdate=1985-01-24}
Customer{id=771, firstName='Scarlett', lastName='Stuart', birthdate=1956-11-14}
Customer{id=772, firstName='Jakeem', lastName='Morrow', birthdate=1958-03-21}
Customer{id=773, firstName='Vivian', lastName='Harmon', birthdate=1957-05-29}
Customer{id=774, firstName='Jolie', lastName='Jimenez', birthdate=1988-08-01}
Customer{id=775, firstName='Nissim', lastName='Graham', birthdate=1978-03-04}
Customer{id=776, firstName='Ronan', lastName='Sweeney', birthdate=1951-07-21}
Customer{id=777, firstName='Ruth', lastName='Sellers', birthdate=1967-07-13}
Customer{id=778, firstName='Kyra', lastName='Dorsey', birthdate=1952-11-28}
Customer{id=779, firstName='Meghan', lastName='Wiley', birthdate=1951-07-21}
Customer{id=780, firstName='Martena', lastName='Baird', birthdate=1986-09-26}
Customer{id=781, firstName='Julie', lastName='Morgan', birthdate=1972-02-02}
Customer{id=782, firstName='Leslie', lastName='Mcdaniel', birthdate=1974-07-31}
Customer{id=783, firstName='Lucius', lastName='Wright', birthdate=1965-05-23}
Customer{id=784, firstName='Leilani', lastName='Blair', birthdate=1964-03-02}
Customer{id=785, firstName='Neve', lastName='Hyde', birthdate=1966-03-21}
Customer{id=786, firstName='Cheyenne', lastName='Scott', birthdate=1966-10-31}
Customer{id=787, firstName='Daquan', lastName='Sheppard', birthdate=1979-07-02}
Customer{id=788, firstName='Calista', lastName='Brown', birthdate=1986-08-26}
Customer{id=789, firstName='Phoebe', lastName='Paul', birthdate=1975-05-27}
Customer{id=790, firstName='Neve', lastName='Porter', birthdate=1971-09-30}
Customer{id=791, firstName='Geraldine', lastName='Burns', birthdate=1979-12-06}
Customer{id=792, firstName='Sophia', lastName='Ramsey', birthdate=1964-06-14}
Customer{id=793, firstName='Cedric', lastName='Miles', birthdate=1966-11-07}
Customer{id=794, firstName='Dorian', lastName='Murray', birthdate=1969-09-24}
Customer{id=795, firstName='Autumn', lastName='Patterson', birthdate=1974-04-04}
Customer{id=796, firstName='Maxwell', lastName='Miles', birthdate=1972-03-25}
Customer{id=797, firstName='Reese', lastName='Maynard', birthdate=1987-04-07}
Customer{id=798, firstName='Sybill', lastName='Powers', birthdate=1953-02-09}
Customer{id=799, firstName='Lawrence', lastName='Lawson', birthdate=1964-06-30}
Customer{id=800, firstName='Imogene', lastName='Lee', birthdate=1966-10-19}
Customer{id=801, firstName='Mira', lastName='Franks', birthdate=1964-03-08}
Customer{id=802, firstName='Silas', lastName='Dixon', birthdate=1953-04-11}
Customer{id=803, firstName='Paloma', lastName='Daniels', birthdate=1962-06-14}
Customer{id=804, firstName='Dillon', lastName='Kirby', birthdate=1984-09-16}
Customer{id=805, firstName='Jarrod', lastName='Morris', birthdate=1974-12-21}
Customer{id=806, firstName='Quintessa', lastName='Leon', birthdate=1952-01-05}
Customer{id=807, firstName='Lucas', lastName='Short', birthdate=1973-07-09}
Customer{id=808, firstName='Karly', lastName='Buck', birthdate=1986-07-08}
Customer{id=809, firstName='Jacqueline', lastName='Alexander', birthdate=1983-09-25}
Customer{id=810, firstName='Brock', lastName='Norris', birthdate=1975-11-13}
Customer{id=811, firstName='Jaden', lastName='Summers', birthdate=1960-10-12}
Customer{id=812, firstName='Buffy', lastName='Freeman', birthdate=1976-01-20}
Customer{id=813, firstName='Reed', lastName='Hardy', birthdate=1986-12-05}
Customer{id=814, firstName='Olivia', lastName='Riddle', birthdate=1976-06-13}
Customer{id=815, firstName='Aimee', lastName='Beck', birthdate=1961-11-07}
Customer{id=816, firstName='Iola', lastName='Prince', birthdate=1960-02-01}
Customer{id=817, firstName='Camilla', lastName='Copeland', birthdate=1985-11-28}
Customer{id=818, firstName='Gloria', lastName='Berg', birthdate=1969-12-10}
Customer{id=819, firstName='Rinah', lastName='Brennan', birthdate=1955-03-03}
Customer{id=820, firstName='Emery', lastName='Aguirre', birthdate=1953-11-18}
Customer{id=821, firstName='Desiree', lastName='Miller', birthdate=1979-12-02}
Customer{id=822, firstName='Pamela', lastName='Maxwell', birthdate=1958-08-05}
Customer{id=823, firstName='Odessa', lastName='Lambert', birthdate=1951-12-21}
Customer{id=824, firstName='Tanek', lastName='Workman', birthdate=1958-07-04}
Customer{id=825, firstName='Gareth', lastName='West', birthdate=1986-01-29}
Customer{id=826, firstName='Vielka', lastName='Browning', birthdate=1988-07-28}
Customer{id=827, firstName='September', lastName='Norton', birthdate=1983-11-08}
Customer{id=828, firstName='Lavinia', lastName='Olsen', birthdate=1986-01-03}
Customer{id=829, firstName='Stone', lastName='Higgins', birthdate=1970-03-12}
Customer{id=830, firstName='Lucas', lastName='Torres', birthdate=1981-03-26}
Customer{id=831, firstName='Yen', lastName='Cruz', birthdate=1958-05-12}
Customer{id=832, firstName='Nadine', lastName='Cannon', birthdate=1977-03-18}
Customer{id=833, firstName='Mikayla', lastName='Johnson', birthdate=1957-01-27}
Customer{id=834, firstName='Logan', lastName='Brewer', birthdate=1974-11-13}
Customer{id=835, firstName='Ella', lastName='Carson', birthdate=1978-03-16}
Customer{id=836, firstName='Zia', lastName='Gaines', birthdate=1988-09-13}
Customer{id=837, firstName='Mason', lastName='Mccray', birthdate=1966-05-05}
Customer{id=838, firstName='Jeanette', lastName='Gill', birthdate=1970-01-01}
Customer{id=839, firstName='Dana', lastName='Hickman', birthdate=1987-05-16}
Customer{id=840, firstName='Barrett', lastName='Erickson', birthdate=1973-05-31}
Customer{id=841, firstName='Leilani', lastName='Kelley', birthdate=1978-10-31}
Customer{id=842, firstName='Sade', lastName='Boyle', birthdate=1962-09-12}
Customer{id=843, firstName='Gillian', lastName='Sanchez', birthdate=1969-11-13}
Customer{id=844, firstName='Brynne', lastName='Gutierrez', birthdate=1982-08-23}
Customer{id=845, firstName='Clare', lastName='Potter', birthdate=1959-01-20}
Customer{id=846, firstName='Flavia', lastName='Hobbs', birthdate=1956-01-22}
Customer{id=847, firstName='Thaddeus', lastName='Osborn', birthdate=1975-09-19}
Customer{id=848, firstName='Herrod', lastName='Noble', birthdate=1976-11-13}
Customer{id=849, firstName='Brendan', lastName='Gibbs', birthdate=1955-06-15}
Customer{id=850, firstName='Ulla', lastName='Campbell', birthdate=1965-09-11}
Customer{id=851, firstName='Aiko', lastName='Mcguire', birthdate=1974-12-20}
Customer{id=852, firstName='Burton', lastName='Jordan', birthdate=1982-09-02}
Customer{id=853, firstName='Ashely', lastName='Morrow', birthdate=1975-02-22}
Customer{id=854, firstName='Chaim', lastName='Burnett', birthdate=1971-04-12}
Customer{id=855, firstName='Anika', lastName='Crawford', birthdate=1956-12-30}
Customer{id=856, firstName='Leandra', lastName='Lamb', birthdate=1965-03-18}
Customer{id=857, firstName='Nasim', lastName='Powell', birthdate=1977-11-14}
Customer{id=858, firstName='Tiger', lastName='Green', birthdate=1965-12-12}
Customer{id=859, firstName='Summer', lastName='Powers', birthdate=1959-10-10}
Customer{id=860, firstName='Kevyn', lastName='Pace', birthdate=1952-10-16}
Customer{id=861, firstName='Brady', lastName='Garrison', birthdate=1984-08-21}
Customer{id=862, firstName='Brian', lastName='Bolton', birthdate=1967-10-07}
Customer{id=863, firstName='Kalia', lastName='Kidd', birthdate=1987-06-23}
Customer{id=864, firstName='Carlos', lastName='Downs', birthdate=1967-02-27}
Customer{id=865, firstName='Driscoll', lastName='Combs', birthdate=1969-12-06}
Customer{id=866, firstName='Laith', lastName='Gordon', birthdate=1959-06-13}
Customer{id=867, firstName='Dale', lastName='Mcbride', birthdate=1978-02-26}
Customer{id=868, firstName='Hu', lastName='Everett', birthdate=1956-10-31}
Customer{id=869, firstName='Tyrone', lastName='Compton', birthdate=1986-10-03}
Customer{id=870, firstName='Tad', lastName='Castaneda', birthdate=1963-04-25}
Customer{id=871, firstName='Chaim', lastName='Hancock', birthdate=1968-11-17}
Customer{id=872, firstName='Sage', lastName='Wyatt', birthdate=1979-12-30}
Customer{id=873, firstName='Cruz', lastName='Stafford', birthdate=1956-12-07}
Customer{id=874, firstName='Nissim', lastName='Hancock', birthdate=1985-02-11}
Customer{id=875, firstName='Malcolm', lastName='Hatfield', birthdate=1970-10-12}
Customer{id=876, firstName='Sebastian', lastName='Shepherd', birthdate=1984-05-26}
Customer{id=877, firstName='Honorato', lastName='Allen', birthdate=1986-08-14}
Customer{id=878, firstName='Dorothy', lastName='Rose', birthdate=1976-06-14}
Customer{id=879, firstName='Quintessa', lastName='Lyons', birthdate=1982-10-05}
Customer{id=880, firstName='Deacon', lastName='Stein', birthdate=1977-04-27}
Customer{id=881, firstName='Ian', lastName='Franco', birthdate=1965-07-19}
Customer{id=882, firstName='Naida', lastName='Mayo', birthdate=1959-07-29}
Customer{id=883, firstName='Giacomo', lastName='Reed', birthdate=1959-02-07}
Customer{id=884, firstName='Raven', lastName='Thompson', birthdate=1962-05-09}
Customer{id=885, firstName='Myra', lastName='Martin', birthdate=1975-11-29}
Customer{id=886, firstName='Medge', lastName='Forbes', birthdate=1986-11-29}
Customer{id=887, firstName='Barry', lastName='Randall', birthdate=1951-11-06}
Customer{id=888, firstName='Alvin', lastName='Butler', birthdate=1957-05-21}
Customer{id=889, firstName='Aimee', lastName='Brooks', birthdate=1978-04-09}
Customer{id=890, firstName='Honorato', lastName='Nieves', birthdate=1982-08-08}
Customer{id=891, firstName='Avye', lastName='Kemp', birthdate=1962-06-28}
Customer{id=892, firstName='Dane', lastName='Boyer', birthdate=1988-02-17}
Customer{id=893, firstName='Susan', lastName='Glass', birthdate=1972-04-01}
Customer{id=894, firstName='Derek', lastName='Mitchell', birthdate=1969-06-02}
Customer{id=895, firstName='Angela', lastName='Parker', birthdate=1972-09-23}
Customer{id=896, firstName='Helen', lastName='Fuentes', birthdate=1983-12-07}
Customer{id=897, firstName='Dieter', lastName='Huff', birthdate=1951-12-19}
Customer{id=898, firstName='Chase', lastName='Oneil', birthdate=1987-02-02}
Customer{id=899, firstName='Simone', lastName='Bryant', birthdate=1958-06-22}
Customer{id=900, firstName='Ocean', lastName='Lane', birthdate=1974-11-25}
Customer{id=901, firstName='Harriet', lastName='Terrell', birthdate=1977-05-05}
Customer{id=902, firstName='Eleanor', lastName='Duffy', birthdate=1983-04-02}
Customer{id=903, firstName='Alika', lastName='Adkins', birthdate=1983-02-02}
Customer{id=904, firstName='Sigourney', lastName='Valencia', birthdate=1961-06-22}
Customer{id=905, firstName='Declan', lastName='Walsh', birthdate=1970-12-06}
Customer{id=906, firstName='Jacob', lastName='Miranda', birthdate=1976-09-03}
Customer{id=907, firstName='Keaton', lastName='Murphy', birthdate=1970-08-08}
Customer{id=908, firstName='Keegan', lastName='Harding', birthdate=1974-12-05}
Customer{id=909, firstName='Hedy', lastName='Huber', birthdate=1954-01-26}
Customer{id=910, firstName='Reece', lastName='Finch', birthdate=1951-07-17}
Customer{id=911, firstName='Yuli', lastName='Boyle', birthdate=1964-02-09}
Customer{id=912, firstName='Caesar', lastName='Pena', birthdate=1958-03-02}
Customer{id=913, firstName='Carol', lastName='Poole', birthdate=1983-09-26}
Customer{id=914, firstName='Lois', lastName='Hancock', birthdate=1961-04-28}
Customer{id=915, firstName='Marvin', lastName='Nunez', birthdate=1980-06-15}
Customer{id=916, firstName='Justina', lastName='Day', birthdate=1966-09-28}
Customer{id=917, firstName='Azalia', lastName='Buckley', birthdate=1955-12-10}
Customer{id=918, firstName='Devin', lastName='Kelley', birthdate=1979-12-07}
Customer{id=919, firstName='Rose', lastName='Nguyen', birthdate=1958-11-23}
Customer{id=920, firstName='Shafira', lastName='Dickson', birthdate=1986-07-09}
Customer{id=921, firstName='Aurora', lastName='Melton', birthdate=1969-12-29}
Customer{id=922, firstName='Timothy', lastName='Cunningham', birthdate=1969-12-10}
Customer{id=923, firstName='Winter', lastName='Graves', birthdate=1954-05-29}
Customer{id=924, firstName='Audra', lastName='Gray', birthdate=1952-12-10}
Customer{id=925, firstName='Keefe', lastName='Simpson', birthdate=1963-08-13}
Customer{id=926, firstName='Upton', lastName='Branch', birthdate=1955-05-05}
Customer{id=927, firstName='Naida', lastName='Zimmerman', birthdate=1963-12-30}
Customer{id=928, firstName='Brady', lastName='Rivera', birthdate=1973-03-30}
Customer{id=929, firstName='Eugenia', lastName='Knight', birthdate=1971-10-22}
Customer{id=930, firstName='MacKenzie', lastName='Clayton', birthdate=1971-06-02}
Customer{id=931, firstName='Clio', lastName='Dodson', birthdate=1981-03-04}
Customer{id=932, firstName='Whitney', lastName='Witt', birthdate=1972-10-22}
Customer{id=933, firstName='Phyllis', lastName='Stafford', birthdate=1961-10-30}
Customer{id=934, firstName='Robin', lastName='Chen', birthdate=1973-04-29}
Customer{id=935, firstName='Hasad', lastName='Mclaughlin', birthdate=1961-07-02}
Customer{id=936, firstName='Len', lastName='Fields', birthdate=1962-01-16}
Customer{id=937, firstName='Nelle', lastName='Hudson', birthdate=1982-10-05}
Customer{id=938, firstName='Jacqueline', lastName='Mathews', birthdate=1955-01-01}
Customer{id=939, firstName='Abigail', lastName='Erickson', birthdate=1963-05-12}
Customer{id=940, firstName='Hope', lastName='Hampton', birthdate=1956-07-29}
Customer{id=941, firstName='Adrian', lastName='Curtis', birthdate=1984-11-14}
Customer{id=942, firstName='Mufutau', lastName='Foley', birthdate=1968-12-18}
Customer{id=943, firstName='Keelie', lastName='Gentry', birthdate=1959-07-13}
Customer{id=944, firstName='Tatyana', lastName='Dunlap', birthdate=1962-09-12}
Customer{id=945, firstName='Yael', lastName='Reyes', birthdate=1952-09-26}
Customer{id=946, firstName='Tobias', lastName='Atkinson', birthdate=1961-11-25}
Customer{id=947, firstName='Scarlet', lastName='Greene', birthdate=1972-08-19}
Customer{id=948, firstName='Uriel', lastName='Navarro', birthdate=1989-07-31}
Customer{id=949, firstName='Amity', lastName='Wilder', birthdate=1961-08-03}
Customer{id=950, firstName='Jared', lastName='Hartman', birthdate=1984-07-13}
Customer{id=951, firstName='Isaac', lastName='Bailey', birthdate=1970-08-13}
Customer{id=952, firstName='Sonya', lastName='Sampson', birthdate=1979-12-12}
Customer{id=953, firstName='Rebekah', lastName='Weeks', birthdate=1963-02-20}
Customer{id=954, firstName='Reagan', lastName='Bowers', birthdate=1967-02-03}
Customer{id=955, firstName='Joshua', lastName='Head', birthdate=1953-05-07}
Customer{id=956, firstName='Brenda', lastName='Chang', birthdate=1972-09-30}
Customer{id=957, firstName='Steel', lastName='Burris', birthdate=1983-09-08}
Customer{id=958, firstName='Chandler', lastName='Herman', birthdate=1957-03-02}
Customer{id=959, firstName='Cameron', lastName='Little', birthdate=1990-12-05}
Customer{id=960, firstName='Halee', lastName='Copeland', birthdate=1976-07-03}
Customer{id=961, firstName='Connor', lastName='Cardenas', birthdate=1985-12-09}
Customer{id=962, firstName='Alana', lastName='Ratliff', birthdate=1974-02-07}
Customer{id=963, firstName='Maisie', lastName='Dunlap', birthdate=1958-08-08}
Customer{id=964, firstName='Rhonda', lastName='Vargas', birthdate=1983-04-11}
Customer{id=965, firstName='Connor', lastName='Richard', birthdate=1983-06-06}
Customer{id=966, firstName='Courtney', lastName='Chavez', birthdate=1984-01-31}
Customer{id=967, firstName='Holmes', lastName='Graham', birthdate=1958-02-02}
Customer{id=968, firstName='Vielka', lastName='Chandler', birthdate=1982-02-18}
Customer{id=969, firstName='Gail', lastName='Marks', birthdate=1986-07-11}
Customer{id=970, firstName='Cole', lastName='Valentine', birthdate=1973-06-11}
Customer{id=971, firstName='Kibo', lastName='Small', birthdate=1974-10-21}
Customer{id=972, firstName='Ashton', lastName='Short', birthdate=1977-12-04}
Customer{id=973, firstName='Stone', lastName='White', birthdate=1980-05-23}
Customer{id=974, firstName='Hilda', lastName='Vazquez', birthdate=1987-11-10}
Customer{id=975, firstName='Phoebe', lastName='Norris', birthdate=1958-03-04}
Customer{id=976, firstName='Aileen', lastName='Morin', birthdate=1979-06-11}
Customer{id=977, firstName='Luke', lastName='Chase', birthdate=1974-09-10}
Customer{id=978, firstName='Faith', lastName='Barry', birthdate=1959-10-13}
Customer{id=979, firstName='Myra', lastName='Bradshaw', birthdate=1965-02-09}
Customer{id=980, firstName='Julie', lastName='Herrera', birthdate=1960-12-13}
Customer{id=981, firstName='Selma', lastName='Bell', birthdate=1962-08-08}
Customer{id=982, firstName='Harlan', lastName='Strickland', birthdate=1971-07-01}
Customer{id=983, firstName='Kimberly', lastName='Marshall', birthdate=1952-10-22}
Customer{id=984, firstName='Amir', lastName='Myers', birthdate=1978-01-25}
Customer{id=985, firstName='Noelani', lastName='Ward', birthdate=1990-08-23}
Customer{id=986, firstName='Morgan', lastName='Castillo', birthdate=1978-05-31}
Customer{id=987, firstName='Caldwell', lastName='Noble', birthdate=1968-07-14}
Customer{id=988, firstName='Blaine', lastName='Perkins', birthdate=1972-09-09}
Customer{id=989, firstName='Mechelle', lastName='Delgado', birthdate=1965-03-01}
Customer{id=990, firstName='Tana', lastName='Barron', birthdate=1975-10-26}
Customer{id=991, firstName='Katelyn', lastName='Mosley', birthdate=1965-07-16}
Customer{id=992, firstName='Britanni', lastName='Monroe', birthdate=1982-06-01}
Customer{id=993, firstName='Knox', lastName='Medina', birthdate=1980-08-28}
Customer{id=994, firstName='Kathleen', lastName='Wheeler', birthdate=1983-12-31}
Customer{id=995, firstName='Shellie', lastName='Mccarty', birthdate=1966-04-04}
Customer{id=996, firstName='Kitra', lastName='Mckenzie', birthdate=1971-02-09}
Customer{id=997, firstName='Sheila', lastName='Harmon', birthdate=1967-03-16}
Customer{id=998, firstName='MacKensie', lastName='Underwood', birthdate=1954-06-16}
Customer{id=999, firstName='Indigo', lastName='Carter', birthdate=1959-04-05}
Customer{id=1000, firstName='Raphael', lastName='Owens', birthdate=1960-01-12}
