{"id":1,"firstName":"Stone","lastName":"Barrett","birthdate":-164167200000}
{"id":1,"firstName":"Hassan","lastName":"Husted","birthdate":946677600000}
{"id":2,"firstName":"Rosario","lastName":"Raye","birthdate":949442400000}
{"id":2,"firstName":"Raymond","lastName":"Pace","birthdate":250639200000}
{"id":3,"firstName":"Carrie","lastName":"Cappello","birthdate":952034400000}
{"id":3,"firstName":"Armando","lastName":"Logan","birthdate":535845600000}
{"id":4,"firstName":"Latifah","lastName":"Barnett","birthdate":-329536800000}
{"id":4,"firstName":"Azucena","lastName":"Agnew","birthdate":954799200000}
{"id":5,"firstName":"Benito","lastName":"Browning","birthdate":957477600000}
{"id":5,"firstName":"Cassandra","lastName":"Moses","birthdate":-419652000000}
{"id":6,"firstName":"Audra","lastName":"Hopkins","birthdate":462664800000}
{"id":6,"firstName":"Peggy","lastName":"Pam","birthdate":960242400000}
{"id":7,"firstName":"Contessa","lastName":"Cobian","birthdate":962920800000}
{"id":7,"firstName":"Upton","lastName":"Morrow","birthdate":97624800000}
{"id":8,"firstName":"Erick","lastName":"Edge","birthdate":965685600000}
{"id":8,"firstName":"Melodie","lastName":"Velasquez","birthdate":-526528800000}
{"id":9,"firstName":"Sybill","lastName":"Nolan","birthdate":-584589600000}
{"id":9,"firstName":"Osvaldo","lastName":"Oquendo","birthdate":968450400000}
{"id":10,"firstName":"Jennell","lastName":"Jump","birthdate":971128800000}
{"id":10,"firstName":"Glenna","lastName":"Little","birthdate":-515901600000}
{"id":11,"firstName":"Ingrid","lastName":"Jackson","birthdate":-388893600000}
{"id":11,"firstName":"Leandro","lastName":"Lueck","birthdate":973893600000}
{"id":12,"firstName":"Ma","lastName":"Motsinger","birthdate":976572000000}
{"id":12,"firstName":"Duncan","lastName":"Castaneda","birthdate":285717600000}
{"id":13,"firstName":"Xaviera","lastName":"Gillespie","birthdate":-140666400000}
{"id":13,"firstName":"Rachael","lastName":"Rachal","birthdate":978300000000}
{"id":14,"firstName":"Zimmerman","lastName":"Zachary","birthdate":981064800000}
{"id":14,"firstName":"Rhoda","lastName":"Lancaster","birthdate":653004000000}
{"id":15,"firstName":"Fatima","lastName":"Combs","birthdate":297036000000}
{"id":15,"firstName":"Zimmerman","lastName":"Aaron","birthdate":983570400000}
{"id":16,"firstName":"Merrill","lastName":"Hopkins","birthdate":646869600000}
{"id":17,"firstName":"Felicia","lastName":"Vinson","birthdate":-316749600000}
{"id":18,"firstName":"Hanae","lastName":"Harvey","birthdate":472946400000}
{"id":19,"firstName":"Ramona","lastName":"Acosta","birthdate":-237520800000}
{"id":20,"firstName":"Katelyn","lastName":"Hammond","birthdate":595288800000}
{"id":21,"firstName":"Rosalyn","lastName":"Simon","birthdate":383436000000}
{"id":22,"firstName":"Alea","lastName":"Barron","birthdate":-332215200000}
{"id":23,"firstName":"Raymond","lastName":"Knox","birthdate":300924000000}
{"id":24,"firstName":"Hu","lastName":"Franks","birthdate":598312800000}
{"id":25,"firstName":"Damon","lastName":"Holman","birthdate":-186976800000}
{"id":26,"firstName":"Ori","lastName":"Nunez","birthdate":-365306400000}
{"id":27,"firstName":"Sasha","lastName":"Carey","birthdate":190245600000}
{"id":28,"firstName":"Sarah","lastName":"Mullins","birthdate":532821600000}
{"id":29,"firstName":"Hammett","lastName":"Buck","birthdate":391730400000}
{"id":30,"firstName":"Melissa","lastName":"Parrish","birthdate":-201492000000}
{"id":31,"firstName":"Daquan","lastName":"Craig","birthdate":235346400000}
{"id":32,"firstName":"Keane","lastName":"Rose","birthdate":-355802400000}
{"id":33,"firstName":"Erich","lastName":"Joyce","birthdate":152056800000}
{"id":34,"firstName":"Iliana","lastName":"Atkinson","birthdate":-92368800000}
{"id":35,"firstName":"Dawn","lastName":"Fulton","birthdate":-297396000000}
{"id":36,"firstName":"Anjolie","lastName":"Gay","birthdate":67125600000}
{"id":37,"firstName":"Tanya","lastName":"Crosby","birthdate":52783200000}
{"id":38,"firstName":"Dacey","lastName":"Hinton","birthdate":617407200000}
{"id":39,"firstName":"Carl","lastName":"Monroe","birthdate":-385696800000}
{"id":40,"firstName":"Derek","lastName":"Bush","birthdate":99612000000}
{"id":41,"firstName":"Lucian","lastName":"Shannon","birthdate":-489463200000}
{"id":42,"firstName":"Jorden","lastName":"Gilliam","birthdate":614728800000}
{"id":43,"firstName":"Arden","lastName":"Buckner","birthdate":191023200000}
{"id":44,"firstName":"Kenneth","lastName":"Marquez","birthdate":-486784800000}
{"id":45,"firstName":"Kitra","lastName":"Becker","birthdate":-550202400000}
{"id":46,"firstName":"Jin","lastName":"Greer","birthdate":278892000000}
{"id":47,"firstName":"Jaden","lastName":"Suarez","birthdate":-436759200000}
{"id":48,"firstName":"Sylvia","lastName":"Nielsen","birthdate":269388000000}
{"id":49,"firstName":"Mona","lastName":"Osborn","birthdate":-53920800000}
{"id":50,"firstName":"Lyle","lastName":"Lawson","birthdate":200181600000}
{"id":51,"firstName":"Asher","lastName":"Frazier","birthdate":-351050400000}
{"id":52,"firstName":"Brynne","lastName":"Mcdonald","birthdate":251762400000}
{"id":53,"firstName":"Ahmed","lastName":"Holt","birthdate":21506400000}
{"id":54,"firstName":"Iola","lastName":"Thornton","birthdate":-274327200000}
{"id":55,"firstName":"Quynn","lastName":"Villarreal","birthdate":80517600000}
{"id":56,"firstName":"Althea","lastName":"Black","birthdate":394495200000}
{"id":57,"firstName":"Elmo","lastName":"Rowland","birthdate":301701600000}
{"id":58,"firstName":"Remedios","lastName":"Pollard","birthdate":-236656800000}
{"id":59,"firstName":"Kaitlin","lastName":"Trujillo","birthdate":474760800000}
{"id":60,"firstName":"Stewart","lastName":"Frederick","birthdate":293407200000}
{"id":61,"firstName":"Blythe","lastName":"Payne","birthdate":146181600000}
{"id":62,"firstName":"Nyssa","lastName":"Chang","birthdate":170373600000}
{"id":63,"firstName":"Mariam","lastName":"Sanders","birthdate":480636000000}
{"id":64,"firstName":"Orson","lastName":"Mendez","birthdate":-279770400000}
{"id":65,"firstName":"Marshall","lastName":"Kidd","birthdate":326412000000}
{"id":66,"firstName":"Giacomo","lastName":"Tate","birthdate":345420000000}
{"id":67,"firstName":"Mollie","lastName":"Gilliam","birthdate":-121831200000}
{"id":68,"firstName":"Holly","lastName":"Paul","birthdate":-99021600000}
{"id":69,"firstName":"Dominic","lastName":"Harmon","birthdate":219535200000}
{"id":70,"firstName":"Rooney","lastName":"Hopper","birthdate":-426996000000}
{"id":71,"firstName":"Shay","lastName":"Craft","birthdate":-316836000000}
{"id":72,"firstName":"Nicholas","lastName":"Melendez","birthdate":-247284000000}
{"id":73,"firstName":"Addison","lastName":"Kaufman","birthdate":489880800000}
{"id":74,"firstName":"Anastasia","lastName":"Frederick","birthdate":-460000800000}
{"id":75,"firstName":"Mary","lastName":"Benson","birthdate":-434685600000}
{"id":76,"firstName":"Garrett","lastName":"Conner","birthdate":-444621600000}
{"id":77,"firstName":"Kendall","lastName":"Fitzgerald","birthdate":-485575200000}
{"id":78,"firstName":"Juliet","lastName":"Montoya","birthdate":-163044000000}
{"id":79,"firstName":"Olivia","lastName":"Marsh","birthdate":182037600000}
{"id":80,"firstName":"Daquan","lastName":"Bennett","birthdate":-410839200000}
{"id":81,"firstName":"Leroy","lastName":"Sandoval","birthdate":-217648800000}
{"id":82,"firstName":"Sonia","lastName":"Figueroa","birthdate":190677600000}
{"id":83,"firstName":"Emerald","lastName":"Baxter","birthdate":263080800000}
{"id":84,"firstName":"Reed","lastName":"Cobb","birthdate":146268000000}
{"id":85,"firstName":"Bertha","lastName":"Lowe","birthdate":-545104800000}
{"id":86,"firstName":"Dennis","lastName":"Wright","birthdate":536018400000}
{"id":87,"firstName":"Declan","lastName":"Buck","birthdate":604360800000}
{"id":88,"firstName":"Latifah","lastName":"Richardson","birthdate":-560656800000}
{"id":89,"firstName":"Rashad","lastName":"Curry","birthdate":514245600000}
{"id":90,"firstName":"Carl","lastName":"Cochran","birthdate":411256800000}
{"id":91,"firstName":"Levi","lastName":"Mack","birthdate":143848800000}
{"id":92,"firstName":"Ella","lastName":"Mooney","birthdate":582415200000}
{"id":93,"firstName":"Dara","lastName":"Anthony","birthdate":334965600000}
{"id":94,"firstName":"Benedict","lastName":"Paul","birthdate":243900000000}
{"id":95,"firstName":"Benjamin","lastName":"Booker","birthdate":-233373600000}
{"id":96,"firstName":"Pandora","lastName":"Lee","birthdate":516578400000}
{"id":97,"firstName":"Hall","lastName":"Hester","birthdate":-424663200000}
{"id":98,"firstName":"Piper","lastName":"Marks","birthdate":-167536800000}
{"id":99,"firstName":"Rafael","lastName":"Roman","birthdate":-250480800000}
{"id":100,"firstName":"Alfonso","lastName":"Flores","birthdate":-53488800000}
{"id":101,"firstName":"Kyra","lastName":"Macias","birthdate":355096800000}
{"id":102,"firstName":"Erica","lastName":"Berger","birthdate":-140580000000}
{"id":103,"firstName":"Kaitlin","lastName":"Ellis","birthdate":-271648800000}
{"id":104,"firstName":"Sonya","lastName":"Nelson","birthdate":15285600000}
{"id":105,"firstName":"Graiden","lastName":"Wynn","birthdate":-143776800000}
{"id":106,"firstName":"Amethyst","lastName":"Nunez","birthdate":-540093600000}
{"id":107,"firstName":"Justine","lastName":"Carlson","birthdate":408837600000}
{"id":108,"firstName":"Dennis","lastName":"Molina","birthdate":345679200000}
{"id":109,"firstName":"Adena","lastName":"Rosales","birthdate":531612000000}
{"id":110,"firstName":"Burke","lastName":"Morrison","birthdate":610668000000}
{"id":111,"firstName":"Macon","lastName":"Galloway","birthdate":-313207200000}
{"id":112,"firstName":"Todd","lastName":"Greer","birthdate":-544586400000}
{"id":113,"firstName":"Aretha","lastName":"Norton","birthdate":77234400000}
{"id":114,"firstName":"Zephania","lastName":"Cortez","birthdate":-19360800000}
{"id":115,"firstName":"Ishmael","lastName":"Wolfe","birthdate":283644000000}
{"id":116,"firstName":"Todd","lastName":"Day","birthdate":-511927200000}
{"id":117,"firstName":"Gareth","lastName":"Mckay","birthdate":4399200000}
{"id":118,"firstName":"Amir","lastName":"Vargas","birthdate":-582948000000}
{"id":119,"firstName":"Darius","lastName":"Baker","birthdate":-476503200000}
{"id":120,"firstName":"Rajah","lastName":"Wise","birthdate":-304653600000}
{"id":121,"firstName":"Avram","lastName":"Walsh","birthdate":205365600000}
{"id":122,"firstName":"Hilel","lastName":"Nieves","birthdate":-559360800000}
{"id":123,"firstName":"Veda","lastName":"Higgins","birthdate":-524541600000}
{"id":124,"firstName":"Armando","lastName":"Tran","birthdate":563752800000}
{"id":125,"firstName":"Nichole","lastName":"Rowe","birthdate":-266637600000}
{"id":126,"firstName":"Zephr","lastName":"Warren","birthdate":485388000000}
{"id":127,"firstName":"Clayton","lastName":"Thompson","birthdate":342568800000}
{"id":128,"firstName":"Clark","lastName":"Underwood","birthdate":406159200000}
{"id":129,"firstName":"Daniel","lastName":"Swanson","birthdate":-545364000000}
{"id":130,"firstName":"Kathleen","lastName":"Shannon","birthdate":-239594400000}
{"id":131,"firstName":"Priscilla","lastName":"Martin","birthdate":-542080800000}
{"id":132,"firstName":"Skyler","lastName":"Adkins","birthdate":-459223200000}
{"id":133,"firstName":"Erica","lastName":"Logan","birthdate":-446954400000}
{"id":134,"firstName":"Damon","lastName":"Wells","birthdate":585266400000}
{"id":135,"firstName":"Macaulay","lastName":"Odonnell","birthdate":43624800000}
{"id":136,"firstName":"Ruby","lastName":"Wilcox","birthdate":-433303200000}
{"id":137,"firstName":"Hannah","lastName":"Leach","birthdate":650498400000}
{"id":138,"firstName":"Mia","lastName":"Downs","birthdate":581810400000}
{"id":139,"firstName":"Erasmus","lastName":"Arnold","birthdate":-386042400000}
{"id":140,"firstName":"Ivor","lastName":"Ellis","birthdate":565912800000}
{"id":141,"firstName":"Ulla","lastName":"Warren","birthdate":-439524000000}
{"id":142,"firstName":"Meredith","lastName":"Mcpherson","birthdate":-434253600000}
{"id":143,"firstName":"Sebastian","lastName":"Raymond","birthdate":-90986400000}
{"id":144,"firstName":"Harrison","lastName":"Rich","birthdate":416440800000}
{"id":145,"firstName":"Carissa","lastName":"Huff","birthdate":-521690400000}
{"id":146,"firstName":"Hedy","lastName":"Campbell","birthdate":-400384800000}
{"id":147,"firstName":"Dale","lastName":"Conway","birthdate":205452000000}
{"id":148,"firstName":"Stella","lastName":"Lloyd","birthdate":-265082400000}
{"id":149,"firstName":"Jaden","lastName":"Fisher","birthdate":-366256800000}
{"id":150,"firstName":"Graham","lastName":"Hess","birthdate":367192800000}
{"id":151,"firstName":"Stella","lastName":"Joyce","birthdate":558136800000}
{"id":152,"firstName":"Aurora","lastName":"Bridges","birthdate":-328413600000}
{"id":153,"firstName":"Joelle","lastName":"Church","birthdate":-572061600000}
{"id":154,"firstName":"Ann","lastName":"Preston","birthdate":629071200000}
{"id":155,"firstName":"Yuri","lastName":"Crawford","birthdate":-266637600000}
{"id":156,"firstName":"Tyler","lastName":"Gibbs","birthdate":-76816800000}
{"id":157,"firstName":"Lila","lastName":"Middleton","birthdate":475452000000}
{"id":158,"firstName":"Victor","lastName":"Flynn","birthdate":639784800000}
{"id":159,"firstName":"Oprah","lastName":"Marquez","birthdate":562629600000}
{"id":160,"firstName":"Ethan","lastName":"Carey","birthdate":232322400000}
{"id":161,"firstName":"Price","lastName":"Cervantes","birthdate":192060000000}
{"id":162,"firstName":"Elliott","lastName":"Richmond","birthdate":507333600000}
{"id":163,"firstName":"Gregory","lastName":"Taylor","birthdate":364255200000}
{"id":164,"firstName":"Dakota","lastName":"Copeland","birthdate":-225165600000}
{"id":165,"firstName":"Cody","lastName":"Guzman","birthdate":187912800000}
{"id":166,"firstName":"Arden","lastName":"Bass","birthdate":-262663200000}
{"id":167,"firstName":"Aristotle","lastName":"Montoya","birthdate":434152800000}
{"id":168,"firstName":"Vladimir","lastName":"Ewing","birthdate":-116128800000}
{"id":169,"firstName":"Laura","lastName":"Murray","birthdate":612741600000}
{"id":170,"firstName":"Eliana","lastName":"Mcgee","birthdate":142812000000}
{"id":171,"firstName":"Tanisha","lastName":"Obrien","birthdate":-340855200000}
{"id":172,"firstName":"Jackson","lastName":"Mayo","birthdate":558309600000}
{"id":173,"firstName":"Maxwell","lastName":"Sargent","birthdate":-325735200000}
{"id":174,"firstName":"Teagan","lastName":"Kent","birthdate":-88221600000}
{"id":175,"firstName":"Lev","lastName":"Hernandez","birthdate":-400298400000}
{"id":176,"firstName":"Lars","lastName":"Carr","birthdate":-510199200000}
{"id":177,"firstName":"Wang","lastName":"Koch","birthdate":291333600000}
{"id":178,"firstName":"Rigel","lastName":"Edwards","birthdate":146181600000}
{"id":179,"firstName":"Olga","lastName":"Flores","birthdate":-80618400000}
{"id":180,"firstName":"Laura","lastName":"Owen","birthdate":-508557600000}
{"id":181,"firstName":"Scott","lastName":"Bridges","birthdate":400456800000}
{"id":182,"firstName":"Bevis","lastName":"Gentry","birthdate":-261453600000}
{"id":183,"firstName":"Colleen","lastName":"Frye","birthdate":102981600000}
{"id":184,"firstName":"Kendall","lastName":"Hopper","birthdate":252108000000}
{"id":185,"firstName":"Uriah","lastName":"Kennedy","birthdate":-456372000000}
{"id":186,"firstName":"Ishmael","lastName":"Ford","birthdate":315957600000}
{"id":187,"firstName":"Graiden","lastName":"Hall","birthdate":593992800000}
{"id":188,"firstName":"Galvin","lastName":"Nunez","birthdate":-52884000000}
{"id":189,"firstName":"Zena","lastName":"Shepherd","birthdate":433980000000}
{"id":190,"firstName":"Azalia","lastName":"Preston","birthdate":-173412000000}
{"id":191,"firstName":"Lila","lastName":"Robinson","birthdate":402876000000}
{"id":192,"firstName":"Garth","lastName":"Fuentes","birthdate":587426400000}
{"id":193,"firstName":"Emery","lastName":"Kim","birthdate":-80272800000}
{"id":194,"firstName":"Shea","lastName":"Bean","birthdate":631317600000}
{"id":195,"firstName":"Logan","lastName":"Mcclure","birthdate":-69818400000}
{"id":196,"firstName":"Olympia","lastName":"Espinoza","birthdate":-82951200000}
{"id":197,"firstName":"Louis","lastName":"William","birthdate":-81050400000}
{"id":198,"firstName":"Dylan","lastName":"Fulton","birthdate":-239594400000}
{"id":199,"firstName":"Raphael","lastName":"Armstrong","birthdate":-413344800000}
{"id":200,"firstName":"Zoe","lastName":"Nelson","birthdate":95637600000}
{"id":201,"firstName":"Vivian","lastName":"Love","birthdate":-573444000000}
{"id":202,"firstName":"Charde","lastName":"Lang","birthdate":-90122400000}
{"id":203,"firstName":"Jason","lastName":"Powell","birthdate":-191469600000}
{"id":204,"firstName":"Colleen","lastName":"Terrell","birthdate":325634400000}
{"id":205,"firstName":"Cullen","lastName":"Cardenas","birthdate":-122522400000}
{"id":206,"firstName":"Avram","lastName":"Leblanc","birthdate":247874400000}
{"id":207,"firstName":"Gray","lastName":"Gentry","birthdate":28332000000}
{"id":208,"firstName":"Nehru","lastName":"Brock","birthdate":-101613600000}
{"id":209,"firstName":"Ulla","lastName":"Stewart","birthdate":597967200000}
{"id":210,"firstName":"Azalia","lastName":"Hines","birthdate":-482378400000}
{"id":211,"firstName":"Chava","lastName":"Frank","birthdate":71704800000}
{"id":212,"firstName":"Jamal","lastName":"Coffey","birthdate":479080800000}
{"id":213,"firstName":"Abigail","lastName":"Odonnell","birthdate":630712800000}
{"id":214,"firstName":"Lavinia","lastName":"Hall","birthdate":196380000000}
{"id":215,"firstName":"Clark","lastName":"Barrera","birthdate":179964000000}
{"id":216,"firstName":"Kennan","lastName":"Donaldson","birthdate":-362455200000}
{"id":217,"firstName":"Allegra","lastName":"Rose","birthdate":-69732000000}
{"id":218,"firstName":"Carson","lastName":"Downs","birthdate":-459309600000}
{"id":219,"firstName":"Carla","lastName":"Owen","birthdate":-41824800000}
{"id":220,"firstName":"Kenyon","lastName":"Cox","birthdate":-462765600000}
{"id":221,"firstName":"Brynne","lastName":"Hull","birthdate":-582084000000}
{"id":222,"firstName":"Yuri","lastName":"Holman","birthdate":473119200000}
{"id":223,"firstName":"Lareina","lastName":"Robinson","birthdate":-119844000000}
{"id":224,"firstName":"Rylee","lastName":"Pena","birthdate":-480823200000}
{"id":225,"firstName":"Elmo","lastName":"Wolfe","birthdate":201996000000}
{"id":226,"firstName":"Keith","lastName":"Cash","birthdate":494114400000}
{"id":227,"firstName":"Deanna","lastName":"Kelley","birthdate":-460692000000}
{"id":228,"firstName":"Lane","lastName":"Dickson","birthdate":-593661600000}
{"id":229,"firstName":"Nicole","lastName":"Avila","birthdate":-160624800000}
{"id":230,"firstName":"Slade","lastName":"Rodriquez","birthdate":-267415200000}
{"id":231,"firstName":"Avye","lastName":"Mills","birthdate":-423799200000}
{"id":232,"firstName":"Colt","lastName":"Calderon","birthdate":-432180000000}
{"id":233,"firstName":"Jena","lastName":"Mathis","birthdate":139356000000}
{"id":234,"firstName":"Uriel","lastName":"Harris","birthdate":-474343200000}
{"id":235,"firstName":"Keane","lastName":"Hayden","birthdate":-290311200000}
{"id":236,"firstName":"Leah","lastName":"Peters","birthdate":-569988000000}
{"id":237,"firstName":"Sydnee","lastName":"Ferguson","birthdate":-362455200000}
{"id":238,"firstName":"Ulysses","lastName":"Reeves","birthdate":328744800000}
{"id":239,"firstName":"Sharon","lastName":"Golden","birthdate":-591847200000}
{"id":240,"firstName":"Frances","lastName":"Sheppard","birthdate":-566186400000}
{"id":241,"firstName":"Sierra","lastName":"York","birthdate":-538279200000}
{"id":242,"firstName":"Neve","lastName":"Morin","birthdate":614988000000}
{"id":243,"firstName":"Darrel","lastName":"Rowe","birthdate":-548733600000}
{"id":244,"firstName":"Elliott","lastName":"Gilliam","birthdate":295826400000}
{"id":245,"firstName":"Quin","lastName":"Boyer","birthdate":-479786400000}
{"id":246,"firstName":"September","lastName":"Santana","birthdate":-481255200000}
{"id":247,"firstName":"Carol","lastName":"Church","birthdate":-549684000000}
{"id":248,"firstName":"Edan","lastName":"Wilkinson","birthdate":502149600000}
{"id":249,"firstName":"Jenna","lastName":"Mcdowell","birthdate":-573876000000}
{"id":250,"firstName":"Zahir","lastName":"Hurley","birthdate":-105760800000}
{"id":251,"firstName":"Colton","lastName":"Huber","birthdate":586821600000}
{"id":252,"firstName":"Sean","lastName":"Estrada","birthdate":-439783200000}
{"id":253,"firstName":"Hedwig","lastName":"Stokes","birthdate":-481946400000}
{"id":254,"firstName":"Graiden","lastName":"Mcguire","birthdate":-187840800000}
{"id":255,"firstName":"Ira","lastName":"Welch","birthdate":277336800000}
{"id":256,"firstName":"MacKenzie","lastName":"Campos","birthdate":-176004000000}
{"id":257,"firstName":"Wanda","lastName":"Berry","birthdate":255996000000}
{"id":258,"firstName":"Hannah","lastName":"Foreman","birthdate":534981600000}
{"id":259,"firstName":"Jessica","lastName":"Hart","birthdate":659656800000}
{"id":260,"firstName":"Damon","lastName":"Payne","birthdate":64792800000}
{"id":261,"firstName":"Madeline","lastName":"Pitts","birthdate":149724000000}
{"id":262,"firstName":"Sybil","lastName":"Walsh","birthdate":-314157600000}
{"id":263,"firstName":"Scott","lastName":"Allen","birthdate":438904800000}
{"id":264,"firstName":"Linda","lastName":"Conley","birthdate":-325216800000}
{"id":265,"firstName":"Allen","lastName":"Rowe","birthdate":626133600000}
{"id":266,"firstName":"Giselle","lastName":"Garrett","birthdate":592005600000}
{"id":267,"firstName":"Martha","lastName":"Mack","birthdate":208648800000}
{"id":268,"firstName":"Lila","lastName":"Fitzpatrick","birthdate":-207712800000}
{"id":269,"firstName":"Ivana","lastName":"Farley","birthdate":-379044000000}
{"id":270,"firstName":"Grant","lastName":"Anthony","birthdate":215215200000}
{"id":271,"firstName":"Belle","lastName":"Landry","birthdate":114904800000}
{"id":272,"firstName":"Cameran","lastName":"Garza","birthdate":106351200000}
{"id":273,"firstName":"Unity","lastName":"Black","birthdate":535759200000}
{"id":274,"firstName":"Kaitlin","lastName":"Herman","birthdate":327276000000}
{"id":275,"firstName":"Joel","lastName":"Ware","birthdate":-477972000000}
{"id":276,"firstName":"Brian","lastName":"Wheeler","birthdate":637365600000}
{"id":277,"firstName":"Ocean","lastName":"Pearson","birthdate":-344743200000}
{"id":278,"firstName":"Imani","lastName":"Sweeney","birthdate":-195184800000}
{"id":279,"firstName":"Celeste","lastName":"Spears","birthdate":-554781600000}
{"id":280,"firstName":"Kirby","lastName":"Barnes","birthdate":-166240800000}
{"id":281,"firstName":"Rosalyn","lastName":"Hart","birthdate":66520800000}
{"id":282,"firstName":"Donna","lastName":"Mosley","birthdate":498434400000}
{"id":283,"firstName":"Suki","lastName":"Barker","birthdate":476575200000}
{"id":284,"firstName":"Willow","lastName":"Smith","birthdate":80863200000}
{"id":285,"firstName":"Leandra","lastName":"Petersen","birthdate":267487200000}
{"id":286,"firstName":"Aspen","lastName":"Larson","birthdate":118015200000}
{"id":287,"firstName":"Martha","lastName":"Irwin","birthdate":183247200000}
{"id":288,"firstName":"Alexa","lastName":"Castillo","birthdate":-408506400000}
{"id":289,"firstName":"Halla","lastName":"Mccoy","birthdate":-122954400000}
{"id":290,"firstName":"Martena","lastName":"Bryan","birthdate":567727200000}
{"id":291,"firstName":"Quynn","lastName":"Jordan","birthdate":558482400000}
{"id":292,"firstName":"Quynn","lastName":"Bridges","birthdate":370303200000}
{"id":293,"firstName":"Joshua","lastName":"Bolton","birthdate":-521690400000}
{"id":294,"firstName":"Stacey","lastName":"Wynn","birthdate":42933600000}
{"id":295,"firstName":"Noble","lastName":"Freeman","birthdate":252972000000}
{"id":296,"firstName":"Cyrus","lastName":"Gomez","birthdate":369612000000}
{"id":297,"firstName":"Tyler","lastName":"Burch","birthdate":-598068000000}
{"id":298,"firstName":"Adrienne","lastName":"Chapman","birthdate":-244432800000}
{"id":299,"firstName":"Carissa","lastName":"Mooney","birthdate":442101600000}
{"id":300,"firstName":"Christopher","lastName":"Howe","birthdate":-287546400000}
{"id":301,"firstName":"Clark","lastName":"Gardner","birthdate":-95911200000}
{"id":302,"firstName":"Dean","lastName":"Cook","birthdate":-62906400000}
{"id":303,"firstName":"Coby","lastName":"Stevens","birthdate":-506052000000}
{"id":304,"firstName":"Whitney","lastName":"Terrell","birthdate":136245600000}
{"id":305,"firstName":"Yoshi","lastName":"Strickland","birthdate":-405914400000}
{"id":306,"firstName":"Rhoda","lastName":"King","birthdate":465343200000}
{"id":307,"firstName":"Cheyenne","lastName":"Avila","birthdate":-511840800000}
{"id":308,"firstName":"Piper","lastName":"Gray","birthdate":285717600000}
{"id":309,"firstName":"Jorden","lastName":"Kirk","birthdate":424476000000}
{"id":310,"firstName":"Hilary","lastName":"Robbins","birthdate":-364788000000}
{"id":311,"firstName":"Zephr","lastName":"Oneill","birthdate":87688800000}
{"id":312,"firstName":"Barry","lastName":"Mercado","birthdate":360108000000}
{"id":313,"firstName":"April","lastName":"Villarreal","birthdate":221004000000}
{"id":314,"firstName":"Kaseem","lastName":"Blanchard","birthdate":-463802400000}
{"id":315,"firstName":"Cathleen","lastName":"Reed","birthdate":-9252000000}
{"id":316,"firstName":"Mara","lastName":"Maynard","birthdate":477439200000}
{"id":317,"firstName":"Nell","lastName":"Jacobs","birthdate":239925600000}
{"id":318,"firstName":"Preston","lastName":"Bass","birthdate":-437364000000}
{"id":319,"firstName":"Mohammad","lastName":"Robertson","birthdate":-556164000000}
{"id":320,"firstName":"Rhiannon","lastName":"Witt","birthdate":-435981600000}
{"id":321,"firstName":"Bernard","lastName":"Ashley","birthdate":621122400000}
{"id":322,"firstName":"Cole","lastName":"Atkinson","birthdate":-372736800000}
{"id":323,"firstName":"Adena","lastName":"Ellis","birthdate":316476000000}
{"id":324,"firstName":"Carter","lastName":"Whitley","birthdate":-44244000000}
{"id":325,"firstName":"Rosalyn","lastName":"Cotton","birthdate":77925600000}
{"id":326,"firstName":"Sloane","lastName":"Curry","birthdate":412120800000}
{"id":327,"firstName":"Garrison","lastName":"Moore","birthdate":-311911200000}
{"id":328,"firstName":"Catherine","lastName":"Cain","birthdate":600213600000}
{"id":329,"firstName":"Jerome","lastName":"King","birthdate":212709600000}
{"id":330,"firstName":"Jared","lastName":"Roberts","birthdate":-305776800000}
{"id":331,"firstName":"Andrew","lastName":"Mosley","birthdate":216424800000}
{"id":332,"firstName":"Xyla","lastName":"Sears","birthdate":530056800000}
{"id":333,"firstName":"Nasim","lastName":"Peck","birthdate":313106400000}
{"id":334,"firstName":"Walter","lastName":"Fry","birthdate":-252554400000}
{"id":335,"firstName":"Tatum","lastName":"Blevins","birthdate":-165376800000}
{"id":336,"firstName":"Elijah","lastName":"Burgess","birthdate":-214020000000}
{"id":337,"firstName":"Elton","lastName":"Adkins","birthdate":230508000000}
{"id":338,"firstName":"Kenneth","lastName":"Welch","birthdate":-238039200000}
{"id":339,"firstName":"Florence","lastName":"Mejia","birthdate":-454125600000}
{"id":340,"firstName":"Arden","lastName":"Moody","birthdate":-328154400000}
{"id":341,"firstName":"Zenia","lastName":"Rollins","birthdate":-33184800000}
{"id":342,"firstName":"Lillith","lastName":"Rosales","birthdate":9583200000}
{"id":343,"firstName":"Murphy","lastName":"Glenn","birthdate":-8647200000}
{"id":344,"firstName":"Caldwell","lastName":"Gates","birthdate":-253245600000}
{"id":345,"firstName":"Charles","lastName":"Melendez","birthdate":-598586400000}
{"id":346,"firstName":"Jaden","lastName":"Gardner","birthdate":119224800000}
{"id":347,"firstName":"Oleg","lastName":"Wilkins","birthdate":-440647200000}
{"id":348,"firstName":"Charles","lastName":"Mcgowan","birthdate":-598932000000}
{"id":349,"firstName":"Whitney","lastName":"Gould","birthdate":-271562400000}
{"id":350,"firstName":"Macaulay","lastName":"Rowe","birthdate":227052000000}
{"id":351,"firstName":"Sierra","lastName":"Lawrence","birthdate":365119200000}
{"id":352,"firstName":"Charlotte","lastName":"Townsend","birthdate":292284000000}
{"id":353,"firstName":"Lillian","lastName":"Byers","birthdate":558136800000}
{"id":354,"firstName":"Ava","lastName":"Randall","birthdate":577144800000}
{"id":355,"firstName":"Cally","lastName":"Keller","birthdate":58399200000}
{"id":356,"firstName":"Giacomo","lastName":"Britt","birthdate":13816800000}
{"id":357,"firstName":"Gabriel","lastName":"Warner","birthdate":-2340000000}
{"id":358,"firstName":"Solomon","lastName":"Foreman","birthdate":303861600000}
{"id":359,"firstName":"Hermione","lastName":"Gallagher","birthdate":-369108000000}
{"id":360,"firstName":"Phoebe","lastName":"Hinton","birthdate":490226400000}
{"id":361,"firstName":"Keiko","lastName":"Dennis","birthdate":-505965600000}
{"id":362,"firstName":"Herman","lastName":"Carpenter","birthdate":368316000000}
{"id":363,"firstName":"Cecilia","lastName":"Oneal","birthdate":291852000000}
{"id":364,"firstName":"Gwendolyn","lastName":"Alford","birthdate":-194580000000}
{"id":365,"firstName":"Jonas","lastName":"Pratt","birthdate":107820000000}
{"id":366,"firstName":"Whitney","lastName":"Newton","birthdate":-281325600000}
{"id":367,"firstName":"Ralph","lastName":"Stein","birthdate":41205600000}
{"id":368,"firstName":"Eve","lastName":"Frederick","birthdate":439336800000}
{"id":369,"firstName":"Odysseus","lastName":"Hess","birthdate":387496800000}
{"id":370,"firstName":"Mechelle","lastName":"Richard","birthdate":634514400000}
{"id":371,"firstName":"Jesse","lastName":"Torres","birthdate":613519200000}
{"id":372,"firstName":"Martha","lastName":"Mclaughlin","birthdate":393112800000}
{"id":373,"firstName":"Emerald","lastName":"Haynes","birthdate":-404618400000}
{"id":374,"firstName":"Rigel","lastName":"Barton","birthdate":-162007200000}
{"id":375,"firstName":"Meredith","lastName":"Simon","birthdate":586130400000}
{"id":376,"firstName":"Nevada","lastName":"Shannon","birthdate":325202400000}
{"id":377,"firstName":"Casey","lastName":"Delgado","birthdate":-382586400000}
{"id":378,"firstName":"Xerxes","lastName":"Herring","birthdate":569714400000}
{"id":379,"firstName":"Penelope","lastName":"Blackburn","birthdate":-342151200000}
{"id":380,"firstName":"Rooney","lastName":"Swanson","birthdate":-198727200000}
{"id":381,"firstName":"Lamar","lastName":"Ramirez","birthdate":-168141600000}
{"id":382,"firstName":"Linda","lastName":"Lee","birthdate":569541600000}
{"id":383,"firstName":"Hanae","lastName":"Johnson","birthdate":-553226400000}
{"id":384,"firstName":"Zane","lastName":"Long","birthdate":-161748000000}
{"id":385,"firstName":"Aspen","lastName":"Potter","birthdate":-291088800000}
{"id":386,"firstName":"Samson","lastName":"Nicholson","birthdate":603237600000}
{"id":387,"firstName":"Jael","lastName":"Stuart","birthdate":224373600000}
{"id":388,"firstName":"Marny","lastName":"Summers","birthdate":-343879200000}
{"id":389,"firstName":"Lael","lastName":"Schwartz","birthdate":-438746400000}
{"id":390,"firstName":"Blythe","lastName":"Baldwin","birthdate":-264996000000}
{"id":391,"firstName":"Keegan","lastName":"Pruitt","birthdate":199058400000}
{"id":392,"firstName":"Nathan","lastName":"Patterson","birthdate":-92455200000}
{"id":393,"firstName":"Garth","lastName":"Calderon","birthdate":-275277600000}
{"id":394,"firstName":"Flynn","lastName":"Winters","birthdate":591573600000}
{"id":395,"firstName":"Dara","lastName":"Morrison","birthdate":314661600000}
{"id":396,"firstName":"Ira","lastName":"Wilkerson","birthdate":100216800000}
{"id":397,"firstName":"Angela","lastName":"Ward","birthdate":416354400000}
{"id":398,"firstName":"Wilma","lastName":"Collier","birthdate":-300852000000}
{"id":399,"firstName":"Sandra","lastName":"Kaufman","birthdate":324770400000}
{"id":400,"firstName":"Amelia","lastName":"Osborn","birthdate":74210400000}
{"id":401,"firstName":"Gemma","lastName":"Finch","birthdate":622677600000}
{"id":402,"firstName":"Orli","lastName":"Slater","birthdate":-339559200000}
{"id":403,"firstName":"Donovan","lastName":"Beasley","birthdate":519429600000}
{"id":404,"firstName":"Dacey","lastName":"Leblanc","birthdate":327794400000}
{"id":405,"firstName":"Rebekah","lastName":"Edwards","birthdate":-253159200000}
{"id":406,"firstName":"George","lastName":"Reeves","birthdate":-127792800000}
{"id":407,"firstName":"Hadley","lastName":"Landry","birthdate":282348000000}
{"id":408,"firstName":"Cameran","lastName":"Acevedo","birthdate":-385178400000}
{"id":409,"firstName":"Ignacia","lastName":"Medina","birthdate":-529207200000}
{"id":410,"firstName":"Alvin","lastName":"Johnson","birthdate":585698400000}
{"id":411,"firstName":"Aurora","lastName":"Lucas","birthdate":-116647200000}
{"id":412,"firstName":"Gretchen","lastName":"Norman","birthdate":-33962400000}
{"id":413,"firstName":"Inga","lastName":"Roy","birthdate":-322279200000}
{"id":414,"firstName":"Aquila","lastName":"Thomas","birthdate":509061600000}
{"id":415,"firstName":"Boris","lastName":"Boyd","birthdate":-344916000000}
{"id":416,"firstName":"Channing","lastName":"Petersen","birthdate":-535773600000}
{"id":417,"firstName":"Wyoming","lastName":"Meadows","birthdate":-286855200000}
{"id":418,"firstName":"Veronica","lastName":"Perkins","birthdate":241480800000}
{"id":419,"firstName":"David","lastName":"Davidson","birthdate":71532000000}
{"id":420,"firstName":"Lillian","lastName":"Carpenter","birthdate":-412135200000}
{"id":421,"firstName":"Danielle","lastName":"Luna","birthdate":596066400000}
{"id":422,"firstName":"Mia","lastName":"Douglas","birthdate":-248580000000}
{"id":423,"firstName":"Micah","lastName":"Galloway","birthdate":170373600000}
{"id":424,"firstName":"Tad","lastName":"Reynolds","birthdate":558223200000}
{"id":425,"firstName":"Troy","lastName":"David","birthdate":475538400000}
{"id":426,"firstName":"Ila","lastName":"Ashley","birthdate":-294976800000}
{"id":427,"firstName":"Kelly","lastName":"Meadows","birthdate":-157687200000}
{"id":428,"firstName":"Walter","lastName":"Pugh","birthdate":345160800000}
{"id":429,"firstName":"Lucius","lastName":"Battle","birthdate":418946400000}
{"id":430,"firstName":"Florence","lastName":"Stark","birthdate":-206330400000}
{"id":431,"firstName":"Priscilla","lastName":"Gregory","birthdate":530661600000}
{"id":432,"firstName":"Joseph","lastName":"Dickerson","birthdate":478735200000}
{"id":433,"firstName":"Kellie","lastName":"Slater","birthdate":313279200000}
{"id":434,"firstName":"Hayden","lastName":"Olson","birthdate":-192074400000}
{"id":435,"firstName":"Xanthus","lastName":"Raymond","birthdate":191023200000}
{"id":436,"firstName":"Shannon","lastName":"Lynn","birthdate":-80272800000}
{"id":437,"firstName":"Kato","lastName":"Sosa","birthdate":561765600000}
{"id":438,"firstName":"Molly","lastName":"Juarez","birthdate":-318477600000}
{"id":439,"firstName":"Hermione","lastName":"Buchanan","birthdate":-508557600000}
{"id":440,"firstName":"Kevyn","lastName":"Ellis","birthdate":430264800000}
{"id":441,"firstName":"Paloma","lastName":"Riddle","birthdate":611704800000}
{"id":442,"firstName":"Tiger","lastName":"Gallegos","birthdate":-556768800000}
{"id":443,"firstName":"Willow","lastName":"Morgan","birthdate":-116128800000}
{"id":444,"firstName":"Stephen","lastName":"Smith","birthdate":406332000000}
{"id":445,"firstName":"Curran","lastName":"Mueller","birthdate":-236138400000}
{"id":446,"firstName":"Cathleen","lastName":"Melendez","birthdate":-23335200000}
{"id":447,"firstName":"Vaughan","lastName":"Cunningham","birthdate":14076000000}
{"id":448,"firstName":"Grace","lastName":"Kane","birthdate":297036000000}
{"id":449,"firstName":"Ebony","lastName":"Sweet","birthdate":321228000000}
{"id":450,"firstName":"Scott","lastName":"Burt","birthdate":187826400000}
{"id":451,"firstName":"Britanney","lastName":"Lancaster","birthdate":301183200000}
{"id":452,"firstName":"Lane","lastName":"Christensen","birthdate":-166932000000}
{"id":453,"firstName":"Hyacinth","lastName":"Orr","birthdate":-336276000000}
{"id":454,"firstName":"Cailin","lastName":"Craig","birthdate":177458400000}
{"id":455,"firstName":"Craig","lastName":"Dean","birthdate":-118461600000}
{"id":456,"firstName":"Julian","lastName":"Lee","birthdate":-580010400000}
{"id":457,"firstName":"Yoko","lastName":"Burt","birthdate":-280720800000}
{"id":458,"firstName":"Aurora","lastName":"Zamora","birthdate":-523504800000}
{"id":459,"firstName":"Ulric","lastName":"Lee","birthdate":-343792800000}
{"id":460,"firstName":"Lucius","lastName":"Holmes","birthdate":261871200000}
{"id":461,"firstName":"Eve","lastName":"Mcconnell","birthdate":366069600000}
{"id":462,"firstName":"Donovan","lastName":"Odonnell","birthdate":204847200000}
{"id":463,"firstName":"Idona","lastName":"Ortiz","birthdate":82591200000}
{"id":464,"firstName":"Mona","lastName":"Cantrell","birthdate":14594400000}
{"id":465,"firstName":"Dennis","lastName":"Gregory","birthdate":-36208800000}
{"id":466,"firstName":"Beau","lastName":"Weaver","birthdate":238456800000}
{"id":467,"firstName":"Willow","lastName":"Santos","birthdate":612396000000}
{"id":468,"firstName":"Alisa","lastName":"Jarvis","birthdate":84060000000}
{"id":469,"firstName":"Veronica","lastName":"Patterson","birthdate":453938400000}
{"id":470,"firstName":"Martin","lastName":"Sosa","birthdate":-340164000000}
{"id":471,"firstName":"Clinton","lastName":"Gaines","birthdate":498866400000}
{"id":472,"firstName":"Darryl","lastName":"Madden","birthdate":-444880800000}
{"id":473,"firstName":"Len","lastName":"Morse","birthdate":-35604000000}
{"id":474,"firstName":"Axel","lastName":"Malone","birthdate":587599200000}
{"id":475,"firstName":"Rebecca","lastName":"Rasmussen","birthdate":653263200000}
{"id":476,"firstName":"McKenzie","lastName":"Acosta","birthdate":71013600000}
{"id":477,"firstName":"Russell","lastName":"Sampson","birthdate":322092000000}
{"id":478,"firstName":"Emi","lastName":"Cameron","birthdate":2066400000}
{"id":479,"firstName":"Merritt","lastName":"Scott","birthdate":62028000000}
{"id":480,"firstName":"Rafael","lastName":"Todd","birthdate":192664800000}
{"id":481,"firstName":"Ronan","lastName":"Potter","birthdate":592696800000}
{"id":482,"firstName":"Jerome","lastName":"Adams","birthdate":-150775200000}
{"id":483,"firstName":"Daryl","lastName":"Mcintosh","birthdate":331250400000}
{"id":484,"firstName":"Zoe","lastName":"Johnson","birthdate":-138333600000}
{"id":485,"firstName":"Cyrus","lastName":"Fulton","birthdate":-242532000000}
{"id":486,"firstName":"Xaviera","lastName":"Poole","birthdate":227138400000}
{"id":487,"firstName":"Alfonso","lastName":"Kinney","birthdate":133567200000}
{"id":488,"firstName":"Yolanda","lastName":"Walls","birthdate":473637600000}
{"id":489,"firstName":"Uta","lastName":"Wallace","birthdate":359157600000}
{"id":490,"firstName":"Alexis","lastName":"Foster","birthdate":-93232800000}
{"id":491,"firstName":"Sybil","lastName":"Kim","birthdate":422143200000}
{"id":492,"firstName":"Nomlanga","lastName":"Mccormick","birthdate":572565600000}
{"id":493,"firstName":"Marshall","lastName":"Bray","birthdate":-359085600000}
{"id":494,"firstName":"Uriah","lastName":"Cole","birthdate":-153626400000}
{"id":495,"firstName":"Wesley","lastName":"Stokes","birthdate":332460000000}
{"id":496,"firstName":"Kennedy","lastName":"Payne","birthdate":-437709600000}
{"id":497,"firstName":"April","lastName":"Gibbs","birthdate":-133063200000}
{"id":498,"firstName":"Alec","lastName":"Mccarthy","birthdate":-39060000000}
{"id":499,"firstName":"Philip","lastName":"Koch","birthdate":-78804000000}
{"id":500,"firstName":"Reuben","lastName":"Simmons","birthdate":-419133600000}
{"id":501,"firstName":"Kelly","lastName":"Ashley","birthdate":547855200000}
{"id":502,"firstName":"Chadwick","lastName":"Salazar","birthdate":-209700000000}
{"id":503,"firstName":"Justine","lastName":"Warren","birthdate":320709600000}
{"id":504,"firstName":"Elizabeth","lastName":"Meyer","birthdate":-311306400000}
{"id":505,"firstName":"Elvis","lastName":"Berger","birthdate":-56167200000}
{"id":506,"firstName":"Miranda","lastName":"Bird","birthdate":531180000000}
{"id":507,"firstName":"Leila","lastName":"Pearson","birthdate":399938400000}
{"id":508,"firstName":"Willow","lastName":"Dixon","birthdate":-15213600000}
{"id":509,"firstName":"Jade","lastName":"Graham","birthdate":360453600000}
{"id":510,"firstName":"Abigail","lastName":"Sexton","birthdate":-32580000000}
{"id":511,"firstName":"Quail","lastName":"Zimmerman","birthdate":445471200000}
{"id":512,"firstName":"Martena","lastName":"Bruce","birthdate":420501600000}
{"id":513,"firstName":"Moses","lastName":"Boyer","birthdate":-34135200000}
{"id":514,"firstName":"Meghan","lastName":"Zamora","birthdate":-267588000000}
{"id":515,"firstName":"Whoopi","lastName":"Battle","birthdate":468280800000}
{"id":516,"firstName":"Darryl","lastName":"Mejia","birthdate":404863200000}
{"id":517,"firstName":"Dorothy","lastName":"Sawyer","birthdate":648338400000}
{"id":518,"firstName":"Ashton","lastName":"Bond","birthdate":-310269600000}
{"id":519,"firstName":"Cassandra","lastName":"Mcmillan","birthdate":-387511200000}
{"id":520,"firstName":"Martin","lastName":"Rios","birthdate":-378525600000}
{"id":521,"firstName":"Cedric","lastName":"Christensen","birthdate":217288800000}
{"id":522,"firstName":"Marny","lastName":"Coleman","birthdate":-115351200000}
{"id":523,"firstName":"Ina","lastName":"Barton","birthdate":13212000000}
{"id":524,"firstName":"Keiko","lastName":"Sloan","birthdate":350604000000}
{"id":525,"firstName":"Reese","lastName":"Whitehead","birthdate":105487200000}
{"id":526,"firstName":"Dana","lastName":"Vang","birthdate":-368416800000}
{"id":527,"firstName":"Nathaniel","lastName":"Stevens","birthdate":-194839200000}
{"id":528,"firstName":"Lucius","lastName":"Wells","birthdate":-282535200000}
{"id":529,"firstName":"Glenna","lastName":"Boyer","birthdate":-497325600000}
{"id":530,"firstName":"Finn","lastName":"Short","birthdate":-168487200000}
{"id":531,"firstName":"Barrett","lastName":"Conley","birthdate":618616800000}
{"id":532,"firstName":"Susan","lastName":"Vinson","birthdate":349135200000}
{"id":533,"firstName":"Carly","lastName":"Riley","birthdate":-255924000000}
{"id":534,"firstName":"Hilel","lastName":"Dudley","birthdate":-263527200000}
{"id":535,"firstName":"Yvonne","lastName":"Ashley","birthdate":68508000000}
{"id":536,"firstName":"Karina","lastName":"Berg","birthdate":-276832800000}
{"id":537,"firstName":"Shana","lastName":"Huber","birthdate":-544500000000}
{"id":538,"firstName":"Walter","lastName":"Benson","birthdate":517356000000}
{"id":539,"firstName":"Mark","lastName":"Howe","birthdate":475624800000}
{"id":540,"firstName":"Hammett","lastName":"Hammond","birthdate":639266400000}
{"id":541,"firstName":"Zenaida","lastName":"Rutledge","birthdate":509061600000}
{"id":542,"firstName":"Richard","lastName":"Kinney","birthdate":324856800000}
{"id":543,"firstName":"Jocelyn","lastName":"Shepherd","birthdate":419810400000}
{"id":544,"firstName":"Sacha","lastName":"Frank","birthdate":390348000000}
{"id":545,"firstName":"Sloane","lastName":"Walton","birthdate":-369108000000}
{"id":546,"firstName":"Bree","lastName":"Cooper","birthdate":363650400000}
{"id":547,"firstName":"Yoshio","lastName":"Alvarado","birthdate":-34567200000}
{"id":548,"firstName":"Lamar","lastName":"Knight","birthdate":-221450400000}
{"id":549,"firstName":"Kirestin","lastName":"Mayer","birthdate":-277264800000}
{"id":550,"firstName":"Reese","lastName":"Mayer","birthdate":586648800000}
{"id":551,"firstName":"Victoria","lastName":"Reynolds","birthdate":94600800000}
{"id":552,"firstName":"Unity","lastName":"Flores","birthdate":571960800000}
{"id":553,"firstName":"Tatiana","lastName":"Tanner","birthdate":387064800000}
{"id":554,"firstName":"Emily","lastName":"Estes","birthdate":-194320800000}
{"id":555,"firstName":"Brent","lastName":"Munoz","birthdate":506988000000}
{"id":556,"firstName":"Jordan","lastName":"Sanchez","birthdate":553730400000}
{"id":557,"firstName":"Arthur","lastName":"Whitaker","birthdate":640389600000}
{"id":558,"firstName":"Driscoll","lastName":"Shepard","birthdate":339458400000}
{"id":559,"firstName":"Deirdre","lastName":"Berg","birthdate":614988000000}
{"id":560,"firstName":"Fredericka","lastName":"Buckley","birthdate":541980000000}
{"id":561,"firstName":"Katelyn","lastName":"Cooke","birthdate":-407124000000}
{"id":562,"firstName":"Otto","lastName":"Rose","birthdate":137800800000}
{"id":563,"firstName":"Jaime","lastName":"Zimmerman","birthdate":-305863200000}
{"id":564,"firstName":"Hiroko","lastName":"Callahan","birthdate":74815200000}
{"id":565,"firstName":"Allen","lastName":"Acosta","birthdate":-40269600000}
{"id":566,"firstName":"Taylor","lastName":"Maldonado","birthdate":123890400000}
{"id":567,"firstName":"Kareem","lastName":"Bowen","birthdate":-52279200000}
{"id":568,"firstName":"Jonah","lastName":"Hayden","birthdate":-587786400000}
{"id":569,"firstName":"Bruno","lastName":"Dickson","birthdate":167695200000}
{"id":570,"firstName":"Shelley","lastName":"Pollard","birthdate":567208800000}
{"id":571,"firstName":"Baxter","lastName":"Estrada","birthdate":-58672800000}
{"id":572,"firstName":"Daryl","lastName":"Olson","birthdate":-274586400000}
{"id":573,"firstName":"Ainsley","lastName":"Nieves","birthdate":-237866400000}
{"id":574,"firstName":"Allen","lastName":"Arnold","birthdate":21333600000}
{"id":575,"firstName":"Wade","lastName":"Vargas","birthdate":-19360800000}
{"id":576,"firstName":"Palmer","lastName":"Pate","birthdate":489276000000}
{"id":577,"firstName":"Lysandra","lastName":"Foster","birthdate":-291002400000}
{"id":578,"firstName":"Hilary","lastName":"Jordan","birthdate":-374551200000}
{"id":579,"firstName":"Leah","lastName":"Douglas","birthdate":489103200000}
{"id":580,"firstName":"Kim","lastName":"Graham","birthdate":336002400000}
{"id":581,"firstName":"Ivor","lastName":"Stein","birthdate":-204256800000}
{"id":582,"firstName":"Yael","lastName":"Nicholson","birthdate":658447200000}
{"id":583,"firstName":"Cynthia","lastName":"Wilkinson","birthdate":-541130400000}
{"id":584,"firstName":"Lavinia","lastName":"Alvarez","birthdate":373759200000}
{"id":585,"firstName":"Raya","lastName":"Harris","birthdate":-38282400000}
{"id":586,"firstName":"Ivana","lastName":"Bradshaw","birthdate":285631200000}
{"id":587,"firstName":"Stephanie","lastName":"Rosario","birthdate":-181101600000}
{"id":588,"firstName":"Deborah","lastName":"Madden","birthdate":381448800000}
{"id":589,"firstName":"Anne","lastName":"Moses","birthdate":499471200000}
{"id":590,"firstName":"Beverly","lastName":"Dunn","birthdate":444607200000}
{"id":591,"firstName":"Dalton","lastName":"Mcfadden","birthdate":-255751200000}
{"id":592,"firstName":"Sasha","lastName":"Erickson","birthdate":-419220000000}
{"id":593,"firstName":"Teegan","lastName":"Walker","birthdate":-359863200000}
{"id":594,"firstName":"Amelia","lastName":"Church","birthdate":649720800000}
{"id":595,"firstName":"Brenna","lastName":"Cantrell","birthdate":-510976800000}
{"id":596,"firstName":"Jackson","lastName":"Montoya","birthdate":-416368800000}
{"id":597,"firstName":"Blaze","lastName":"Horton","birthdate":-33789600000}
{"id":598,"firstName":"Amber","lastName":"Workman","birthdate":88466400000}
{"id":599,"firstName":"Azalia","lastName":"Bradshaw","birthdate":409096800000}
{"id":600,"firstName":"Zelenia","lastName":"Henson","birthdate":394495200000}
{"id":601,"firstName":"Thomas","lastName":"Mathews","birthdate":-476935200000}
{"id":602,"firstName":"Kevyn","lastName":"Whitney","birthdate":464565600000}
{"id":603,"firstName":"Marny","lastName":"Leon","birthdate":455666400000}
{"id":604,"firstName":"Jarrod","lastName":"Gay","birthdate":-300679200000}
{"id":605,"firstName":"Chastity","lastName":"Wyatt","birthdate":177199200000}
{"id":606,"firstName":"Remedios","lastName":"Shannon","birthdate":-69559200000}
{"id":607,"firstName":"Martina","lastName":"Valenzuela","birthdate":626738400000}
{"id":608,"firstName":"Ulla","lastName":"Mcdaniel","birthdate":-429933600000}
{"id":609,"firstName":"Flavia","lastName":"Chen","birthdate":191282400000}
{"id":610,"firstName":"Sydnee","lastName":"Martinez","birthdate":285804000000}
{"id":611,"firstName":"Adara","lastName":"Hodges","birthdate":-475034400000}
{"id":612,"firstName":"Martin","lastName":"Patrick","birthdate":-138852000000}
{"id":613,"firstName":"Carla","lastName":"Mejia","birthdate":433375200000}
{"id":614,"firstName":"Alea","lastName":"Sellers","birthdate":-398656800000}
{"id":615,"firstName":"Maite","lastName":"Ellison","birthdate":627516000000}
{"id":616,"firstName":"Alan","lastName":"Curtis","birthdate":88466400000}
{"id":617,"firstName":"Kiona","lastName":"Donaldson","birthdate":633218400000}
{"id":618,"firstName":"Octavius","lastName":"Hester","birthdate":648338400000}
{"id":619,"firstName":"Yvonne","lastName":"Dudley","birthdate":251330400000}
{"id":620,"firstName":"Kieran","lastName":"Vargas","birthdate":-252640800000}
{"id":621,"firstName":"Selma","lastName":"Lucas","birthdate":380584800000}
{"id":622,"firstName":"Burton","lastName":"Barnett","birthdate":302911200000}
{"id":623,"firstName":"Kaitlin","lastName":"Malone","birthdate":643240800000}
{"id":624,"firstName":"Madison","lastName":"Blackwell","birthdate":-101354400000}
{"id":625,"firstName":"Erich","lastName":"Browning","birthdate":-485748000000}
{"id":626,"firstName":"Joshua","lastName":"Mills","birthdate":134085600000}
{"id":627,"firstName":"Eliana","lastName":"Downs","birthdate":127173600000}
{"id":628,"firstName":"Giacomo","lastName":"Saunders","birthdate":-294890400000}
{"id":629,"firstName":"Donna","lastName":"Carey","birthdate":-348717600000}
{"id":630,"firstName":"Cedric","lastName":"Pennington","birthdate":645055200000}
{"id":631,"firstName":"Xantha","lastName":"Mckee","birthdate":-356925600000}
{"id":632,"firstName":"Rhona","lastName":"Strickland","birthdate":560383200000}
{"id":633,"firstName":"Beverly","lastName":"Sharp","birthdate":548978400000}
{"id":634,"firstName":"Cailin","lastName":"Kim","birthdate":165276000000}
{"id":635,"firstName":"Tanek","lastName":"Graves","birthdate":-69732000000}
{"id":636,"firstName":"Quinn","lastName":"Guthrie","birthdate":-216352800000}
{"id":637,"firstName":"Declan","lastName":"Church","birthdate":-193370400000}
{"id":638,"firstName":"Lysandra","lastName":"Cunningham","birthdate":-180583200000}
{"id":639,"firstName":"Allistair","lastName":"Lawson","birthdate":-212378400000}
{"id":640,"firstName":"Rylee","lastName":"Haynes","birthdate":-375760800000}
{"id":641,"firstName":"Neve","lastName":"Myers","birthdate":-595821600000}
{"id":642,"firstName":"Kevin","lastName":"Deleon","birthdate":-381549600000}
{"id":643,"firstName":"Wallace","lastName":"Ochoa","birthdate":-321415200000}
{"id":644,"firstName":"Patience","lastName":"Dawson","birthdate":80604000000}
{"id":645,"firstName":"Carla","lastName":"Burch","birthdate":-214884000000}
{"id":646,"firstName":"Fallon","lastName":"Mcintosh","birthdate":-308973600000}
{"id":647,"firstName":"Stephen","lastName":"Figueroa","birthdate":-118807200000}
{"id":648,"firstName":"Katell","lastName":"Sanders","birthdate":656632800000}
{"id":649,"firstName":"Tyler","lastName":"Dillard","birthdate":-406864800000}
{"id":650,"firstName":"Kessie","lastName":"Waller","birthdate":163980000000}
{"id":651,"firstName":"Stewart","lastName":"Mason","birthdate":404344800000}
{"id":652,"firstName":"Kitra","lastName":"Pittman","birthdate":-314503200000}
{"id":653,"firstName":"Ivor","lastName":"Gordon","birthdate":-509248800000}
{"id":654,"firstName":"Dane","lastName":"Le","birthdate":-418615200000}
{"id":655,"firstName":"Silas","lastName":"Delaney","birthdate":-600314400000}
{"id":656,"firstName":"Avram","lastName":"Chambers","birthdate":601336800000}
{"id":657,"firstName":"Joan","lastName":"Banks","birthdate":-116474400000}
{"id":658,"firstName":"Kennan","lastName":"Small","birthdate":524872800000}
{"id":659,"firstName":"Sebastian","lastName":"Mcintyre","birthdate":-303098400000}
{"id":660,"firstName":"Armand","lastName":"Moon","birthdate":453074400000}
{"id":661,"firstName":"Edward","lastName":"Ortega","birthdate":-389930400000}
{"id":662,"firstName":"Donovan","lastName":"Burris","birthdate":-266896800000}
{"id":663,"firstName":"Aurora","lastName":"Velez","birthdate":105660000000}
{"id":664,"firstName":"Cailin","lastName":"Ferrell","birthdate":-327808800000}
{"id":665,"firstName":"Cade","lastName":"Thomas","birthdate":471564000000}
{"id":666,"firstName":"Shoshana","lastName":"Le","birthdate":-389584800000}
{"id":667,"firstName":"Maggy","lastName":"Hartman","birthdate":-452916000000}
{"id":668,"firstName":"Bradley","lastName":"Talley","birthdate":-128052000000}
{"id":669,"firstName":"Carlos","lastName":"Gonzales","birthdate":-191296800000}
{"id":670,"firstName":"Julian","lastName":"Jensen","birthdate":403740000000}
{"id":671,"firstName":"Colby","lastName":"Rogers","birthdate":651794400000}
{"id":672,"firstName":"Allegra","lastName":"Neal","birthdate":583711200000}
{"id":673,"firstName":"Melinda","lastName":"Quinn","birthdate":286754400000}
{"id":674,"firstName":"Wayne","lastName":"Mendez","birthdate":411861600000}
{"id":675,"firstName":"Vivian","lastName":"Massey","birthdate":330040800000}
{"id":676,"firstName":"Gary","lastName":"Berger","birthdate":334015200000}
{"id":677,"firstName":"Seth","lastName":"Jensen","birthdate":30664800000}
{"id":678,"firstName":"Noble","lastName":"Reese","birthdate":-318823200000}
{"id":679,"firstName":"Yeo","lastName":"Byrd","birthdate":-73620000000}
{"id":680,"firstName":"Ingrid","lastName":"Leach","birthdate":-496548000000}
{"id":681,"firstName":"Vaughan","lastName":"Frazier","birthdate":83714400000}
{"id":682,"firstName":"Ima","lastName":"Howe","birthdate":-469072800000}
{"id":683,"firstName":"Kaitlin","lastName":"Wall","birthdate":-273031200000}
{"id":684,"firstName":"Nichole","lastName":"Schmidt","birthdate":535586400000}
{"id":685,"firstName":"Lesley","lastName":"Roy","birthdate":-361418400000}
{"id":686,"firstName":"Tyler","lastName":"Pierce","birthdate":-26013600000}
{"id":687,"firstName":"Branden","lastName":"Carver","birthdate":98316000000}
{"id":688,"firstName":"Kerry","lastName":"Miranda","birthdate":-283485600000}
{"id":689,"firstName":"Ariel","lastName":"Cruz","birthdate":102808800000}
{"id":690,"firstName":"Thor","lastName":"Sykes","birthdate":215560800000}
{"id":691,"firstName":"Quincy","lastName":"Garza","birthdate":490226400000}
{"id":692,"firstName":"Whilemina","lastName":"Cabrera","birthdate":261007200000}
{"id":693,"firstName":"Zia","lastName":"Dean","birthdate":368834400000}
{"id":694,"firstName":"Quemby","lastName":"Thompson","birthdate":-351482400000}
{"id":695,"firstName":"Francis","lastName":"Patton","birthdate":315698400000}
{"id":696,"firstName":"Janna","lastName":"Moran","birthdate":-301111200000}
{"id":697,"firstName":"Joelle","lastName":"Craig","birthdate":351381600000}
{"id":698,"firstName":"Castor","lastName":"Harrington","birthdate":483314400000}
{"id":699,"firstName":"Bell","lastName":"Hunt","birthdate":-571975200000}
{"id":700,"firstName":"Hall","lastName":"Clarke","birthdate":538869600000}
{"id":701,"firstName":"Wade","lastName":"Moore","birthdate":21420000000}
{"id":702,"firstName":"Jana","lastName":"Bennett","birthdate":262562400000}
{"id":703,"firstName":"Winter","lastName":"Beard","birthdate":-216871200000}
{"id":704,"firstName":"Melanie","lastName":"Willis","birthdate":-107316000000}
{"id":705,"firstName":"Meghan","lastName":"Graves","birthdate":-600400800000}
{"id":706,"firstName":"Byron","lastName":"Flores","birthdate":226533600000}
{"id":707,"firstName":"Shaeleigh","lastName":"Schroeder","birthdate":283471200000}
{"id":708,"firstName":"Noelani","lastName":"Woods","birthdate":378165600000}
{"id":709,"firstName":"Kristen","lastName":"Humphrey","birthdate":-477626400000}
{"id":710,"firstName":"Quon","lastName":"Franklin","birthdate":576194400000}
{"id":711,"firstName":"Hedwig","lastName":"Wiley","birthdate":242517600000}
{"id":712,"firstName":"Brock","lastName":"Bishop","birthdate":-381895200000}
{"id":713,"firstName":"Lisandra","lastName":"Weiss","birthdate":308613600000}
{"id":714,"firstName":"Reed","lastName":"Myers","birthdate":-384400800000}
{"id":715,"firstName":"Rhonda","lastName":"Kent","birthdate":312156000000}
{"id":716,"firstName":"Moana","lastName":"Cote","birthdate":353282400000}
{"id":717,"firstName":"Isadora","lastName":"Wilson","birthdate":334965600000}
{"id":718,"firstName":"Sonia","lastName":"Ramsey","birthdate":77839200000}
{"id":719,"firstName":"Keegan","lastName":"Warren","birthdate":-125460000000}
{"id":720,"firstName":"Asher","lastName":"Bailey","birthdate":585093600000}
{"id":721,"firstName":"Prescott","lastName":"Holcomb","birthdate":219967200000}
{"id":722,"firstName":"Rafael","lastName":"Watson","birthdate":-185940000000}
{"id":723,"firstName":"Xenos","lastName":"Dawson","birthdate":306108000000}
{"id":724,"firstName":"Xaviera","lastName":"Avila","birthdate":-141616800000}
{"id":725,"firstName":"Latifah","lastName":"Vincent","birthdate":552261600000}
{"id":726,"firstName":"Amena","lastName":"Harrison","birthdate":78012000000}
{"id":727,"firstName":"Tatiana","lastName":"Vincent","birthdate":-362282400000}
{"id":728,"firstName":"Jelani","lastName":"Hansen","birthdate":-159760800000}
{"id":729,"firstName":"Pascale","lastName":"Blevins","birthdate":-221968800000}
{"id":730,"firstName":"Zeph","lastName":"Powell","birthdate":-41652000000}
{"id":731,"firstName":"Laith","lastName":"Guthrie","birthdate":-280720800000}
{"id":732,"firstName":"Bevis","lastName":"Skinner","birthdate":273708000000}
{"id":733,"firstName":"Jonah","lastName":"Mullins","birthdate":-449892000000}
{"id":734,"firstName":"Lynn","lastName":"Middleton","birthdate":657151200000}
{"id":735,"firstName":"Tashya","lastName":"Hanson","birthdate":-295927200000}
{"id":736,"firstName":"Noelani","lastName":"Bridges","birthdate":395359200000}
{"id":737,"firstName":"Bruno","lastName":"Sherman","birthdate":477525600000}
{"id":738,"firstName":"Risa","lastName":"Weiss","birthdate":170546400000}
{"id":739,"firstName":"Stacy","lastName":"Wynn","birthdate":-3549600000}
{"id":740,"firstName":"Justine","lastName":"Cantrell","birthdate":-583984800000}
{"id":741,"firstName":"Myra","lastName":"Suarez","birthdate":-290052000000}
{"id":742,"firstName":"Castor","lastName":"Ball","birthdate":143416800000}
{"id":743,"firstName":"Bradley","lastName":"Hurley","birthdate":500680800000}
{"id":744,"firstName":"Cameran","lastName":"Rogers","birthdate":483400800000}
{"id":745,"firstName":"Helen","lastName":"Woods","birthdate":557186400000}
{"id":746,"firstName":"Cooper","lastName":"Edwards","birthdate":37490400000}
{"id":747,"firstName":"Alec","lastName":"Finley","birthdate":318808800000}
{"id":748,"firstName":"Kylan","lastName":"Adams","birthdate":13384800000}
{"id":749,"firstName":"Kelsey","lastName":"Coffey","birthdate":7596000000}
{"id":750,"firstName":"Willa","lastName":"Howard","birthdate":545781600000}
{"id":751,"firstName":"Shea","lastName":"Fernandez","birthdate":651880800000}
{"id":752,"firstName":"Rinah","lastName":"Christian","birthdate":-355370400000}
{"id":753,"firstName":"Todd","lastName":"Wolfe","birthdate":-43984800000}
{"id":754,"firstName":"Nora","lastName":"Wallace","birthdate":276818400000}
{"id":755,"firstName":"Lewis","lastName":"Joseph","birthdate":-173844000000}
{"id":756,"firstName":"Charles","lastName":"Duffy","birthdate":-262576800000}
{"id":757,"firstName":"Grady","lastName":"Barlow","birthdate":259884000000}
{"id":758,"firstName":"Petra","lastName":"Horne","birthdate":168645600000}
{"id":759,"firstName":"Wesley","lastName":"Clements","birthdate":382312800000}
{"id":760,"firstName":"Arsenio","lastName":"Frost","birthdate":306885600000}
{"id":761,"firstName":"Wylie","lastName":"Whitley","birthdate":-584330400000}
{"id":762,"firstName":"Kendall","lastName":"Baird","birthdate":-136519200000}
{"id":763,"firstName":"Jacob","lastName":"Cannon","birthdate":-487130400000}
{"id":764,"firstName":"Ciaran","lastName":"Pierce","birthdate":71272800000}
{"id":765,"firstName":"Chester","lastName":"Brock","birthdate":-99885600000}
{"id":766,"firstName":"Lance","lastName":"Collier","birthdate":605743200000}
{"id":767,"firstName":"Justin","lastName":"Terrell","birthdate":-227152800000}
{"id":768,"firstName":"Chancellor","lastName":"Merrill","birthdate":428623200000}
{"id":769,"firstName":"Juliet","lastName":"Conley","birthdate":-470887200000}
{"id":770,"firstName":"Karyn","lastName":"Humphrey","birthdate":475365600000}
{"id":771,"firstName":"Scarlett","lastName":"Stuart","birthdate":-414381600000}
{"id":772,"firstName":"Jakeem","lastName":"Morrow","birthdate":-371872800000}
{"id":773,"firstName":"Vivian","lastName":"Harmon","birthdate":-397447200000}
{"id":774,"firstName":"Jolie","lastName":"Jimenez","birthdate":586389600000}
{"id":775,"firstName":"Nissim","lastName":"Graham","birthdate":257810400000}
{"id":776,"firstName":"Ronan","lastName":"Sweeney","birthdate":-582256800000}
{"id":777,"firstName":"Ruth","lastName":"Sellers","birthdate":-78026400000}
{"id":778,"firstName":"Kyra","lastName":"Dorsey","birthdate":-539402400000}
{"id":779,"firstName":"Meghan","lastName":"Wiley","birthdate":-582256800000}
{"id":780,"firstName":"Martena","lastName":"Baird","birthdate":528069600000}
{"id":781,"firstName":"Julie","lastName":"Morgan","birthdate":65829600000}
{"id":782,"firstName":"Leslie","lastName":"Mcdaniel","birthdate":144453600000}
{"id":783,"firstName":"Lucius","lastName":"Wright","birthdate":-145504800000}
{"id":784,"firstName":"Leilani","lastName":"Blair","birthdate":-184125600000}
{"id":785,"firstName":"Neve","lastName":"Hyde","birthdate":-119412000000}
{"id":786,"firstName":"Cheyenne","lastName":"Scott","birthdate":-100058400000}
{"id":787,"firstName":"Daquan","lastName":"Sheppard","birthdate":299714400000}
{"id":788,"firstName":"Calista","lastName":"Brown","birthdate":525391200000}
{"id":789,"firstName":"Phoebe","lastName":"Paul","birthdate":170373600000}
{"id":790,"firstName":"Neve","lastName":"Porter","birthdate":55029600000}
{"id":791,"firstName":"Geraldine","lastName":"Burns","birthdate":313279200000}
{"id":792,"firstName":"Sophia","lastName":"Ramsey","birthdate":-175140000000}
{"id":793,"firstName":"Cedric","lastName":"Miles","birthdate":-99453600000}
{"id":794,"firstName":"Dorian","lastName":"Murray","birthdate":-8560800000}
{"id":795,"firstName":"Autumn","lastName":"Patterson","birthdate":134258400000}
{"id":796,"firstName":"Maxwell","lastName":"Miles","birthdate":70322400000}
{"id":797,"firstName":"Reese","lastName":"Maynard","birthdate":544744800000}
{"id":798,"firstName":"Sybill","lastName":"Powers","birthdate":-533095200000}
{"id":799,"firstName":"Lawrence","lastName":"Lawson","birthdate":-173757600000}
{"id":800,"firstName":"Imogene","lastName":"Lee","birthdate":-101095200000}
{"id":801,"firstName":"Mira","lastName":"Franks","birthdate":-183607200000}
{"id":802,"firstName":"Silas","lastName":"Dixon","birthdate":-527824800000}
{"id":803,"firstName":"Paloma","lastName":"Daniels","birthdate":-238298400000}
{"id":804,"firstName":"Dillon","lastName":"Kirby","birthdate":464133600000}
{"id":805,"firstName":"Jarrod","lastName":"Morris","birthdate":156808800000}
{"id":806,"firstName":"Quintessa","lastName":"Leon","birthdate":-567741600000}
{"id":807,"firstName":"Lucas","lastName":"Short","birthdate":111016800000}
{"id":808,"firstName":"Karly","lastName":"Buck","birthdate":521157600000}
{"id":809,"firstName":"Jacqueline","lastName":"Alexander","birthdate":433288800000}
{"id":810,"firstName":"Brock","lastName":"Norris","birthdate":185061600000}
{"id":811,"firstName":"Jaden","lastName":"Summers","birthdate":-291002400000}
{"id":812,"firstName":"Buffy","lastName":"Freeman","birthdate":190936800000}
{"id":813,"firstName":"Reed","lastName":"Hardy","birthdate":534117600000}
{"id":814,"firstName":"Olivia","lastName":"Riddle","birthdate":203464800000}
{"id":815,"firstName":"Aimee","lastName":"Beck","birthdate":-257220000000}
{"id":816,"firstName":"Iola","lastName":"Prince","birthdate":-312948000000}
{"id":817,"firstName":"Camilla","lastName":"Copeland","birthdate":501976800000}
{"id":818,"firstName":"Gloria","lastName":"Berg","birthdate":-1908000000}
{"id":819,"firstName":"Rinah","lastName":"Brennan","birthdate":-468122400000}
{"id":820,"firstName":"Emery","lastName":"Aguirre","birthdate":-508730400000}
{"id":821,"firstName":"Desiree","lastName":"Miller","birthdate":312933600000}
{"id":822,"firstName":"Pamela","lastName":"Maxwell","birthdate":-360036000000}
{"id":823,"firstName":"Odessa","lastName":"Lambert","birthdate":-569037600000}
{"id":824,"firstName":"Tanek","lastName":"Workman","birthdate":-362800800000}
{"id":825,"firstName":"Gareth","lastName":"West","birthdate":507333600000}
{"id":826,"firstName":"Vielka","lastName":"Browning","birthdate":586044000000}
{"id":827,"firstName":"September","lastName":"Norton","birthdate":437090400000}
{"id":828,"firstName":"Lavinia","lastName":"Olsen","birthdate":505087200000}
{"id":829,"firstName":"Stone","lastName":"Higgins","birthdate":6040800000}
{"id":830,"firstName":"Lucas","lastName":"Torres","birthdate":354405600000}
{"id":831,"firstName":"Yen","lastName":"Cruz","birthdate":-367380000000}
{"id":832,"firstName":"Nadine","lastName":"Cannon","birthdate":227484000000}
{"id":833,"firstName":"Mikayla","lastName":"Johnson","birthdate":-407988000000}
{"id":834,"firstName":"Logan","lastName":"Brewer","birthdate":153525600000}
{"id":835,"firstName":"Ella","lastName":"Carson","birthdate":258847200000}
{"id":836,"firstName":"Zia","lastName":"Gaines","birthdate":590104800000}
{"id":837,"firstName":"Mason","lastName":"Mccray","birthdate":-115524000000}
{"id":838,"firstName":"Jeanette","lastName":"Gill","birthdate":-7200000}
{"id":839,"firstName":"Dana","lastName":"Hickman","birthdate":548114400000}
{"id":840,"firstName":"Barrett","lastName":"Erickson","birthdate":107647200000}
{"id":841,"firstName":"Leilani","lastName":"Kelley","birthdate":278632800000}
{"id":842,"firstName":"Sade","lastName":"Boyle","birthdate":-230522400000}
{"id":843,"firstName":"Gillian","lastName":"Sanchez","birthdate":-4240800000}
{"id":844,"firstName":"Brynne","lastName":"Gutierrez","birthdate":398901600000}
{"id":845,"firstName":"Clare","lastName":"Potter","birthdate":-345520800000}
{"id":846,"firstName":"Flavia","lastName":"Hobbs","birthdate":-440042400000}
{"id":847,"firstName":"Thaddeus","lastName":"Osborn","birthdate":180309600000}
{"id":848,"firstName":"Herrod","lastName":"Noble","birthdate":216684000000}
{"id":849,"firstName":"Brendan","lastName":"Gibbs","birthdate":-459136800000}
{"id":850,"firstName":"Ulla","lastName":"Campbell","birthdate":-135914400000}
{"id":851,"firstName":"Aiko","lastName":"Mcguire","birthdate":156722400000}
{"id":852,"firstName":"Burton","lastName":"Jordan","birthdate":399765600000}
{"id":853,"firstName":"Ashely","lastName":"Morrow","birthdate":162252000000}
{"id":854,"firstName":"Chaim","lastName":"Burnett","birthdate":40255200000}
{"id":855,"firstName":"Anika","lastName":"Crawford","birthdate":-410407200000}
{"id":856,"firstName":"Leandra","lastName":"Lamb","birthdate":-151207200000}
{"id":857,"firstName":"Nasim","lastName":"Powell","birthdate":248306400000}
{"id":858,"firstName":"Tiger","lastName":"Green","birthdate":-127965600000}
{"id":859,"firstName":"Summer","lastName":"Powers","birthdate":-322797600000}
{"id":860,"firstName":"Kevyn","lastName":"Pace","birthdate":-543117600000}
{"id":861,"firstName":"Brady","lastName":"Garrison","birthdate":461887200000}
{"id":862,"firstName":"Brian","lastName":"Bolton","birthdate":-70596000000}
{"id":863,"firstName":"Kalia","lastName":"Kidd","birthdate":551397600000}
{"id":864,"firstName":"Carlos","lastName":"Downs","birthdate":-89776800000}
{"id":865,"firstName":"Driscoll","lastName":"Combs","birthdate":-2253600000}
{"id":866,"firstName":"Laith","lastName":"Gordon","birthdate":-333079200000}
{"id":867,"firstName":"Dale","lastName":"Mcbride","birthdate":257292000000}
{"id":868,"firstName":"Hu","lastName":"Everett","birthdate":-415591200000}
{"id":869,"firstName":"Tyrone","lastName":"Compton","birthdate":528674400000}
{"id":870,"firstName":"Tad","lastName":"Castaneda","birthdate":-211082400000}
{"id":871,"firstName":"Chaim","lastName":"Hancock","birthdate":-35431200000}
{"id":872,"firstName":"Sage","lastName":"Wyatt","birthdate":315352800000}
{"id":873,"firstName":"Cruz","lastName":"Stafford","birthdate":-412394400000}
{"id":874,"firstName":"Nissim","lastName":"Hancock","birthdate":476920800000}
{"id":875,"firstName":"Malcolm","lastName":"Hatfield","birthdate":24530400000}
{"id":876,"firstName":"Sebastian","lastName":"Shepherd","birthdate":454370400000}
{"id":877,"firstName":"Honorato","lastName":"Allen","birthdate":524354400000}
{"id":878,"firstName":"Dorothy","lastName":"Rose","birthdate":203551200000}
{"id":879,"firstName":"Quintessa","lastName":"Lyons","birthdate":402616800000}
{"id":880,"firstName":"Deacon","lastName":"Stein","birthdate":230940000000}
{"id":881,"firstName":"Ian","lastName":"Franco","birthdate":-140580000000}
{"id":882,"firstName":"Naida","lastName":"Mayo","birthdate":-329104800000}
{"id":883,"firstName":"Giacomo","lastName":"Reed","birthdate":-343965600000}
{"id":884,"firstName":"Raven","lastName":"Thompson","birthdate":-241408800000}
{"id":885,"firstName":"Myra","lastName":"Martin","birthdate":186444000000}
{"id":886,"firstName":"Medge","lastName":"Forbes","birthdate":533599200000}
{"id":887,"firstName":"Barry","lastName":"Randall","birthdate":-572925600000}
{"id":888,"firstName":"Alvin","lastName":"Butler","birthdate":-398138400000}
{"id":889,"firstName":"Aimee","lastName":"Brooks","birthdate":260920800000}
{"id":890,"firstName":"Honorato","lastName":"Nieves","birthdate":397605600000}
{"id":891,"firstName":"Avye","lastName":"Kemp","birthdate":-237088800000}
{"id":892,"firstName":"Dane","lastName":"Boyer","birthdate":572047200000}
{"id":893,"firstName":"Susan","lastName":"Glass","birthdate":70927200000}
{"id":894,"firstName":"Derek","lastName":"Mitchell","birthdate":-18410400000}
{"id":895,"firstName":"Angela","lastName":"Parker","birthdate":86047200000}
{"id":896,"firstName":"Helen","lastName":"Fuentes","birthdate":439596000000}
{"id":897,"firstName":"Dieter","lastName":"Huff","birthdate":-569210400000}
{"id":898,"firstName":"Chase","lastName":"Oneil","birthdate":539215200000}
{"id":899,"firstName":"Simone","lastName":"Bryant","birthdate":-363837600000}
{"id":900,"firstName":"Ocean","lastName":"Lane","birthdate":154562400000}
{"id":901,"firstName":"Harriet","lastName":"Terrell","birthdate":231631200000}
{"id":902,"firstName":"Eleanor","lastName":"Duffy","birthdate":418082400000}
{"id":903,"firstName":"Alika","lastName":"Adkins","birthdate":412984800000}
{"id":904,"firstName":"Sigourney","lastName":"Valencia","birthdate":-269143200000}
{"id":905,"firstName":"Declan","lastName":"Walsh","birthdate":29282400000}
{"id":906,"firstName":"Jacob","lastName":"Miranda","birthdate":210549600000}
{"id":907,"firstName":"Keaton","lastName":"Murphy","birthdate":18914400000}
{"id":908,"firstName":"Keegan","lastName":"Harding","birthdate":155426400000}
{"id":909,"firstName":"Hedy","lastName":"Huber","birthdate":-502768800000}
{"id":910,"firstName":"Reece","lastName":"Finch","birthdate":-582602400000}
{"id":911,"firstName":"Yuli","lastName":"Boyle","birthdate":-186026400000}
{"id":912,"firstName":"Caesar","lastName":"Pena","birthdate":-373514400000}
{"id":913,"firstName":"Carol","lastName":"Poole","birthdate":433375200000}
{"id":914,"firstName":"Lois","lastName":"Hancock","birthdate":-273895200000}
{"id":915,"firstName":"Marvin","lastName":"Nunez","birthdate":329868000000}
{"id":916,"firstName":"Justina","lastName":"Day","birthdate":-102909600000}
{"id":917,"firstName":"Azalia","lastName":"Buckley","birthdate":-443757600000}
{"id":918,"firstName":"Devin","lastName":"Kelley","birthdate":313365600000}
{"id":919,"firstName":"Rose","lastName":"Nguyen","birthdate":-350532000000}
{"id":920,"firstName":"Shafira","lastName":"Dickson","birthdate":521244000000}
{"id":921,"firstName":"Aurora","lastName":"Melton","birthdate":-266400000}
{"id":922,"firstName":"Timothy","lastName":"Cunningham","birthdate":-1908000000}
{"id":923,"firstName":"Winter","lastName":"Graves","birthdate":-492141600000}
{"id":924,"firstName":"Audra","lastName":"Gray","birthdate":-538365600000}
{"id":925,"firstName":"Keefe","lastName":"Simpson","birthdate":-201578400000}
{"id":926,"firstName":"Upton","lastName":"Branch","birthdate":-462679200000}
{"id":927,"firstName":"Naida","lastName":"Zimmerman","birthdate":-189568800000}
{"id":928,"firstName":"Brady","lastName":"Rivera","birthdate":102290400000}
{"id":929,"firstName":"Eugenia","lastName":"Knight","birthdate":56930400000}
{"id":930,"firstName":"MacKenzie","lastName":"Clayton","birthdate":44661600000}
{"id":931,"firstName":"Clio","lastName":"Dodson","birthdate":352504800000}
{"id":932,"firstName":"Whitney","lastName":"Witt","birthdate":88552800000}
{"id":933,"firstName":"Phyllis","lastName":"Stafford","birthdate":-257911200000}
{"id":934,"firstName":"Robin","lastName":"Chen","birthdate":104882400000}
{"id":935,"firstName":"Hasad","lastName":"Mclaughlin","birthdate":-268279200000}
{"id":936,"firstName":"Len","lastName":"Fields","birthdate":-251172000000}
{"id":937,"firstName":"Nelle","lastName":"Hudson","birthdate":402616800000}
{"id":938,"firstName":"Jacqueline","lastName":"Mathews","birthdate":-473392800000}
{"id":939,"firstName":"Abigail","lastName":"Erickson","birthdate":-209613600000}
{"id":940,"firstName":"Hope","lastName":"Hampton","birthdate":-423712800000}
{"id":941,"firstName":"Adrian","lastName":"Curtis","birthdate":469231200000}
{"id":942,"firstName":"Mufutau","lastName":"Foley","birthdate":-32752800000}
{"id":943,"firstName":"Keelie","lastName":"Gentry","birthdate":-330487200000}
{"id":944,"firstName":"Tatyana","lastName":"Dunlap","birthdate":-230522400000}
{"id":945,"firstName":"Yael","lastName":"Reyes","birthdate":-544845600000}
{"id":946,"firstName":"Tobias","lastName":"Atkinson","birthdate":-255664800000}
{"id":947,"firstName":"Scarlet","lastName":"Greene","birthdate":83023200000}
{"id":948,"firstName":"Uriel","lastName":"Navarro","birthdate":617839200000}
{"id":949,"firstName":"Amity","lastName":"Wilder","birthdate":-265514400000}
{"id":950,"firstName":"Jared","lastName":"Hartman","birthdate":458517600000}
{"id":951,"firstName":"Isaac","lastName":"Bailey","birthdate":19346400000}
{"id":952,"firstName":"Sonya","lastName":"Sampson","birthdate":313797600000}
{"id":953,"firstName":"Rebekah","lastName":"Weeks","birthdate":-216612000000}
{"id":954,"firstName":"Reagan","lastName":"Bowers","birthdate":-91850400000}
{"id":955,"firstName":"Joshua","lastName":"Head","birthdate":-525578400000}
{"id":956,"firstName":"Brenda","lastName":"Chang","birthdate":86652000000}
{"id":957,"firstName":"Steel","lastName":"Burris","birthdate":431820000000}
{"id":958,"firstName":"Chandler","lastName":"Herman","birthdate":-405050400000}
{"id":959,"firstName":"Cameron","lastName":"Little","birthdate":660348000000}
{"id":960,"firstName":"Halee","lastName":"Copeland","birthdate":205192800000}
{"id":961,"firstName":"Connor","lastName":"Cardenas","birthdate":502927200000}
{"id":962,"firstName":"Alana","lastName":"Ratliff","birthdate":129420000000}
{"id":963,"firstName":"Maisie","lastName":"Dunlap","birthdate":-359776800000}
{"id":964,"firstName":"Rhonda","lastName":"Vargas","birthdate":418860000000}
{"id":965,"firstName":"Connor","lastName":"Richard","birthdate":423698400000}
{"id":966,"firstName":"Courtney","lastName":"Chavez","birthdate":444348000000}
{"id":967,"firstName":"Holmes","lastName":"Graham","birthdate":-375933600000}
{"id":968,"firstName":"Vielka","lastName":"Chandler","birthdate":382831200000}
{"id":969,"firstName":"Gail","lastName":"Marks","birthdate":521416800000}
{"id":970,"firstName":"Cole","lastName":"Valentine","birthdate":108597600000}
{"id":971,"firstName":"Kibo","lastName":"Small","birthdate":151538400000}
{"id":972,"firstName":"Ashton","lastName":"Short","birthdate":250034400000}
{"id":973,"firstName":"Stone","lastName":"White","birthdate":327880800000}
{"id":974,"firstName":"Hilda","lastName":"Vazquez","birthdate":563493600000}
{"id":975,"firstName":"Phoebe","lastName":"Norris","birthdate":-373341600000}
{"id":976,"firstName":"Aileen","lastName":"Morin","birthdate":297900000000}
{"id":977,"firstName":"Luke","lastName":"Chase","birthdate":147996000000}
{"id":978,"firstName":"Faith","lastName":"Barry","birthdate":-322538400000}
{"id":979,"firstName":"Myra","lastName":"Bradshaw","birthdate":-154404000000}
{"id":980,"firstName":"Julie","lastName":"Herrera","birthdate":-285645600000}
{"id":981,"firstName":"Selma","lastName":"Bell","birthdate":-233546400000}
{"id":982,"firstName":"Harlan","lastName":"Strickland","birthdate":47167200000}
{"id":983,"firstName":"Kimberly","lastName":"Marshall","birthdate":-542599200000}
{"id":984,"firstName":"Amir","lastName":"Myers","birthdate":254527200000}
{"id":985,"firstName":"Noelani","lastName":"Ward","birthdate":651362400000}
{"id":986,"firstName":"Morgan","lastName":"Castillo","birthdate":265413600000}
{"id":987,"firstName":"Caldwell","lastName":"Noble","birthdate":-46317600000}
{"id":988,"firstName":"Blaine","lastName":"Perkins","birthdate":84837600000}
{"id":989,"firstName":"Mechelle","lastName":"Delgado","birthdate":-152676000000}
{"id":990,"firstName":"Tana","lastName":"Barron","birthdate":183506400000}
{"id":991,"firstName":"Katelyn","lastName":"Mosley","birthdate":-140839200000}
{"id":992,"firstName":"Britanni","lastName":"Monroe","birthdate":391730400000}
{"id":993,"firstName":"Knox","lastName":"Medina","birthdate":336261600000}
{"id":994,"firstName":"Kathleen","lastName":"Wheeler","birthdate":441669600000}
{"id":995,"firstName":"Shellie","lastName":"Mccarty","birthdate":-118202400000}
{"id":996,"firstName":"Kitra","lastName":"Mckenzie","birthdate":34898400000}
{"id":997,"firstName":"Sheila","lastName":"Harmon","birthdate":-88308000000}
{"id":998,"firstName":"MacKensie","lastName":"Underwood","birthdate":-490586400000}
{"id":999,"firstName":"Indigo","lastName":"Carter","birthdate":-339040800000}
{"id":1000,"firstName":"Raphael","lastName":"Owens","birthdate":-314676000000}
