{"id":1,"firstName":"Stone","lastName":"Barrett","birthdate":-164167200000}
{"id":1,"firstName":"Hassan","lastName":"Husted","birthdate":946677600000}
{"id":3,"firstName":"Carrie","lastName":"Cappello","birthdate":952034400000}
{"id":3,"firstName":"Armando","lastName":"Logan","birthdate":535845600000}
{"id":5,"firstName":"Benito","lastName":"Browning","birthdate":957477600000}
{"id":5,"firstName":"Cassandra","lastName":"Moses","birthdate":-419652000000}
{"id":7,"firstName":"Contessa","lastName":"Cobian","birthdate":962920800000}
{"id":7,"firstName":"Upton","lastName":"Morrow","birthdate":97624800000}
{"id":9,"firstName":"Sybill","lastName":"Nolan","birthdate":-584589600000}
{"id":9,"firstName":"Osvaldo","lastName":"Oquendo","birthdate":968450400000}
{"id":11,"firstName":"Ingrid","lastName":"Jackson","birthdate":-388893600000}
{"id":11,"firstName":"Leandro","lastName":"Lueck","birthdate":973893600000}
{"id":13,"firstName":"Xaviera","lastName":"Gillespie","birthdate":-140666400000}
{"id":13,"firstName":"Rachael","lastName":"Rachal","birthdate":978300000000}
{"id":15,"firstName":"Fatima","lastName":"Combs","birthdate":297036000000}
{"id":15,"firstName":"Zimmerman","lastName":"Aaron","birthdate":983570400000}
{"id":17,"firstName":"Felicia","lastName":"Vinson","birthdate":-316749600000}
{"id":19,"firstName":"Ramona","lastName":"Acosta","birthdate":-237520800000}
{"id":21,"firstName":"Rosalyn","lastName":"Simon","birthdate":383436000000}
{"id":23,"firstName":"Raymond","lastName":"Knox","birthdate":300924000000}
{"id":25,"firstName":"Damon","lastName":"Holman","birthdate":-186976800000}
{"id":27,"firstName":"Sasha","lastName":"Carey","birthdate":190245600000}
{"id":29,"firstName":"Hammett","lastName":"Buck","birthdate":391730400000}
{"id":31,"firstName":"Daquan","lastName":"Craig","birthdate":235346400000}
{"id":33,"firstName":"Erich","lastName":"Joyce","birthdate":152056800000}
{"id":35,"firstName":"Dawn","lastName":"Fulton","birthdate":-297396000000}
{"id":37,"firstName":"Tanya","lastName":"Crosby","birthdate":52783200000}
{"id":39,"firstName":"Carl","lastName":"Monroe","birthdate":-385696800000}
{"id":41,"firstName":"Lucian","lastName":"Shannon","birthdate":-489463200000}
{"id":43,"firstName":"Arden","lastName":"Buckner","birthdate":191023200000}
{"id":45,"firstName":"Kitra","lastName":"Becker","birthdate":-550202400000}
{"id":47,"firstName":"Jaden","lastName":"Suarez","birthdate":-436759200000}
{"id":49,"firstName":"Mona","lastName":"Osborn","birthdate":-53920800000}
{"id":51,"firstName":"Asher","lastName":"Frazier","birthdate":-351050400000}
{"id":53,"firstName":"Ahmed","lastName":"Holt","birthdate":21506400000}
{"id":55,"firstName":"Quynn","lastName":"Villarreal","birthdate":80517600000}
{"id":57,"firstName":"Elmo","lastName":"Rowland","birthdate":301701600000}
{"id":59,"firstName":"Kaitlin","lastName":"Trujillo","birthdate":474760800000}
{"id":61,"firstName":"Blythe","lastName":"Payne","birthdate":146181600000}
{"id":63,"firstName":"Mariam","lastName":"Sanders","birthdate":480636000000}
{"id":65,"firstName":"Marshall","lastName":"Kidd","birthdate":326412000000}
{"id":67,"firstName":"Mollie","lastName":"Gilliam","birthdate":-121831200000}
{"id":69,"firstName":"Dominic","lastName":"Harmon","birthdate":219535200000}
{"id":71,"firstName":"Shay","lastName":"Craft","birthdate":-316836000000}
{"id":73,"firstName":"Addison","lastName":"Kaufman","birthdate":489880800000}
{"id":75,"firstName":"Mary","lastName":"Benson","birthdate":-434685600000}
{"id":77,"firstName":"Kendall","lastName":"Fitzgerald","birthdate":-485575200000}
{"id":79,"firstName":"Olivia","lastName":"Marsh","birthdate":182037600000}
{"id":81,"firstName":"Leroy","lastName":"Sandoval","birthdate":-217648800000}
{"id":83,"firstName":"Emerald","lastName":"Baxter","birthdate":263080800000}
{"id":85,"firstName":"Bertha","lastName":"Lowe","birthdate":-545104800000}
{"id":87,"firstName":"Declan","lastName":"Buck","birthdate":604360800000}
{"id":89,"firstName":"Rashad","lastName":"Curry","birthdate":514245600000}
{"id":91,"firstName":"Levi","lastName":"Mack","birthdate":143848800000}
{"id":93,"firstName":"Dara","lastName":"Anthony","birthdate":334965600000}
{"id":95,"firstName":"Benjamin","lastName":"Booker","birthdate":-233373600000}
{"id":97,"firstName":"Hall","lastName":"Hester","birthdate":-424663200000}
{"id":99,"firstName":"Rafael","lastName":"Roman","birthdate":-250480800000}
{"id":101,"firstName":"Kyra","lastName":"Macias","birthdate":355096800000}
{"id":103,"firstName":"Kaitlin","lastName":"Ellis","birthdate":-271648800000}
{"id":105,"firstName":"Graiden","lastName":"Wynn","birthdate":-143776800000}
{"id":107,"firstName":"Justine","lastName":"Carlson","birthdate":408837600000}
{"id":109,"firstName":"Adena","lastName":"Rosales","birthdate":531612000000}
{"id":111,"firstName":"Macon","lastName":"Galloway","birthdate":-313207200000}
{"id":113,"firstName":"Aretha","lastName":"Norton","birthdate":77234400000}
{"id":115,"firstName":"Ishmael","lastName":"Wolfe","birthdate":283644000000}
{"id":117,"firstName":"Gareth","lastName":"Mckay","birthdate":4399200000}
{"id":119,"firstName":"Darius","lastName":"Baker","birthdate":-476503200000}
{"id":121,"firstName":"Avram","lastName":"Walsh","birthdate":205365600000}
{"id":123,"firstName":"Veda","lastName":"Higgins","birthdate":-524541600000}
{"id":125,"firstName":"Nichole","lastName":"Rowe","birthdate":-266637600000}
{"id":127,"firstName":"Clayton","lastName":"Thompson","birthdate":342568800000}
{"id":129,"firstName":"Daniel","lastName":"Swanson","birthdate":-545364000000}
{"id":131,"firstName":"Priscilla","lastName":"Martin","birthdate":-542080800000}
{"id":133,"firstName":"Erica","lastName":"Logan","birthdate":-446954400000}
{"id":135,"firstName":"Macaulay","lastName":"Odonnell","birthdate":43624800000}
{"id":137,"firstName":"Hannah","lastName":"Leach","birthdate":650498400000}
{"id":139,"firstName":"Erasmus","lastName":"Arnold","birthdate":-386042400000}
{"id":141,"firstName":"Ulla","lastName":"Warren","birthdate":-439524000000}
{"id":143,"firstName":"Sebastian","lastName":"Raymond","birthdate":-90986400000}
{"id":145,"firstName":"Carissa","lastName":"Huff","birthdate":-521690400000}
{"id":147,"firstName":"Dale","lastName":"Conway","birthdate":205452000000}
{"id":149,"firstName":"Jaden","lastName":"Fisher","birthdate":-366256800000}
{"id":151,"firstName":"Stella","lastName":"Joyce","birthdate":558136800000}
{"id":153,"firstName":"Joelle","lastName":"Church","birthdate":-572061600000}
{"id":155,"firstName":"Yuri","lastName":"Crawford","birthdate":-266637600000}
{"id":157,"firstName":"Lila","lastName":"Middleton","birthdate":475452000000}
{"id":159,"firstName":"Oprah","lastName":"Marquez","birthdate":562629600000}
{"id":161,"firstName":"Price","lastName":"Cervantes","birthdate":192060000000}
{"id":163,"firstName":"Gregory","lastName":"Taylor","birthdate":364255200000}
{"id":165,"firstName":"Cody","lastName":"Guzman","birthdate":187912800000}
{"id":167,"firstName":"Aristotle","lastName":"Montoya","birthdate":434152800000}
{"id":169,"firstName":"Laura","lastName":"Murray","birthdate":612741600000}
{"id":171,"firstName":"Tanisha","lastName":"Obrien","birthdate":-340855200000}
{"id":173,"firstName":"Maxwell","lastName":"Sargent","birthdate":-325735200000}
{"id":175,"firstName":"Lev","lastName":"Hernandez","birthdate":-400298400000}
{"id":177,"firstName":"Wang","lastName":"Koch","birthdate":291333600000}
{"id":179,"firstName":"Olga","lastName":"Flores","birthdate":-80618400000}
{"id":181,"firstName":"Scott","lastName":"Bridges","birthdate":400456800000}
{"id":183,"firstName":"Colleen","lastName":"Frye","birthdate":102981600000}
{"id":185,"firstName":"Uriah","lastName":"Kennedy","birthdate":-456372000000}
{"id":187,"firstName":"Graiden","lastName":"Hall","birthdate":593992800000}
{"id":189,"firstName":"Zena","lastName":"Shepherd","birthdate":433980000000}
{"id":191,"firstName":"Lila","lastName":"Robinson","birthdate":402876000000}
{"id":193,"firstName":"Emery","lastName":"Kim","birthdate":-80272800000}
{"id":195,"firstName":"Logan","lastName":"Mcclure","birthdate":-69818400000}
{"id":197,"firstName":"Louis","lastName":"William","birthdate":-81050400000}
{"id":199,"firstName":"Raphael","lastName":"Armstrong","birthdate":-413344800000}
{"id":201,"firstName":"Vivian","lastName":"Love","birthdate":-573444000000}
{"id":203,"firstName":"Jason","lastName":"Powell","birthdate":-191469600000}
{"id":205,"firstName":"Cullen","lastName":"Cardenas","birthdate":-122522400000}
{"id":207,"firstName":"Gray","lastName":"Gentry","birthdate":28332000000}
{"id":209,"firstName":"Ulla","lastName":"Stewart","birthdate":597967200000}
{"id":211,"firstName":"Chava","lastName":"Frank","birthdate":71704800000}
{"id":213,"firstName":"Abigail","lastName":"Odonnell","birthdate":630712800000}
{"id":215,"firstName":"Clark","lastName":"Barrera","birthdate":179964000000}
{"id":217,"firstName":"Allegra","lastName":"Rose","birthdate":-69732000000}
{"id":219,"firstName":"Carla","lastName":"Owen","birthdate":-41824800000}
{"id":221,"firstName":"Brynne","lastName":"Hull","birthdate":-582084000000}
{"id":223,"firstName":"Lareina","lastName":"Robinson","birthdate":-119844000000}
{"id":225,"firstName":"Elmo","lastName":"Wolfe","birthdate":201996000000}
{"id":227,"firstName":"Deanna","lastName":"Kelley","birthdate":-460692000000}
{"id":229,"firstName":"Nicole","lastName":"Avila","birthdate":-160624800000}
{"id":231,"firstName":"Avye","lastName":"Mills","birthdate":-423799200000}
{"id":233,"firstName":"Jena","lastName":"Mathis","birthdate":139356000000}
{"id":235,"firstName":"Keane","lastName":"Hayden","birthdate":-290311200000}
{"id":237,"firstName":"Sydnee","lastName":"Ferguson","birthdate":-362455200000}
{"id":239,"firstName":"Sharon","lastName":"Golden","birthdate":-591847200000}
{"id":241,"firstName":"Sierra","lastName":"York","birthdate":-538279200000}
{"id":243,"firstName":"Darrel","lastName":"Rowe","birthdate":-548733600000}
{"id":245,"firstName":"Quin","lastName":"Boyer","birthdate":-479786400000}
{"id":247,"firstName":"Carol","lastName":"Church","birthdate":-549684000000}
{"id":249,"firstName":"Jenna","lastName":"Mcdowell","birthdate":-573876000000}
{"id":251,"firstName":"Colton","lastName":"Huber","birthdate":586821600000}
{"id":253,"firstName":"Hedwig","lastName":"Stokes","birthdate":-481946400000}
{"id":255,"firstName":"Ira","lastName":"Welch","birthdate":277336800000}
{"id":257,"firstName":"Wanda","lastName":"Berry","birthdate":255996000000}
{"id":259,"firstName":"Jessica","lastName":"Hart","birthdate":659656800000}
{"id":261,"firstName":"Madeline","lastName":"Pitts","birthdate":149724000000}
{"id":263,"firstName":"Scott","lastName":"Allen","birthdate":438904800000}
{"id":265,"firstName":"Allen","lastName":"Rowe","birthdate":626133600000}
{"id":267,"firstName":"Martha","lastName":"Mack","birthdate":208648800000}
{"id":269,"firstName":"Ivana","lastName":"Farley","birthdate":-379044000000}
{"id":271,"firstName":"Belle","lastName":"Landry","birthdate":114904800000}
{"id":273,"firstName":"Unity","lastName":"Black","birthdate":535759200000}
{"id":275,"firstName":"Joel","lastName":"Ware","birthdate":-477972000000}
{"id":277,"firstName":"Ocean","lastName":"Pearson","birthdate":-344743200000}
{"id":279,"firstName":"Celeste","lastName":"Spears","birthdate":-554781600000}
{"id":281,"firstName":"Rosalyn","lastName":"Hart","birthdate":66520800000}
{"id":283,"firstName":"Suki","lastName":"Barker","birthdate":476575200000}
{"id":285,"firstName":"Leandra","lastName":"Petersen","birthdate":267487200000}
{"id":287,"firstName":"Martha","lastName":"Irwin","birthdate":183247200000}
{"id":289,"firstName":"Halla","lastName":"Mccoy","birthdate":-122954400000}
{"id":291,"firstName":"Quynn","lastName":"Jordan","birthdate":558482400000}
{"id":293,"firstName":"Joshua","lastName":"Bolton","birthdate":-521690400000}
{"id":295,"firstName":"Noble","lastName":"Freeman","birthdate":252972000000}
{"id":297,"firstName":"Tyler","lastName":"Burch","birthdate":-598068000000}
{"id":299,"firstName":"Carissa","lastName":"Mooney","birthdate":442101600000}
{"id":301,"firstName":"Clark","lastName":"Gardner","birthdate":-95911200000}
{"id":303,"firstName":"Coby","lastName":"Stevens","birthdate":-506052000000}
{"id":305,"firstName":"Yoshi","lastName":"Strickland","birthdate":-405914400000}
{"id":307,"firstName":"Cheyenne","lastName":"Avila","birthdate":-511840800000}
{"id":309,"firstName":"Jorden","lastName":"Kirk","birthdate":424476000000}
{"id":311,"firstName":"Zephr","lastName":"Oneill","birthdate":87688800000}
{"id":313,"firstName":"April","lastName":"Villarreal","birthdate":221004000000}
{"id":315,"firstName":"Cathleen","lastName":"Reed","birthdate":-9252000000}
{"id":317,"firstName":"Nell","lastName":"Jacobs","birthdate":239925600000}
{"id":319,"firstName":"Mohammad","lastName":"Robertson","birthdate":-556164000000}
{"id":321,"firstName":"Bernard","lastName":"Ashley","birthdate":621122400000}
{"id":323,"firstName":"Adena","lastName":"Ellis","birthdate":316476000000}
{"id":325,"firstName":"Rosalyn","lastName":"Cotton","birthdate":77925600000}
{"id":327,"firstName":"Garrison","lastName":"Moore","birthdate":-311911200000}
{"id":329,"firstName":"Jerome","lastName":"King","birthdate":212709600000}
{"id":331,"firstName":"Andrew","lastName":"Mosley","birthdate":216424800000}
{"id":333,"firstName":"Nasim","lastName":"Peck","birthdate":313106400000}
{"id":335,"firstName":"Tatum","lastName":"Blevins","birthdate":-165376800000}
{"id":337,"firstName":"Elton","lastName":"Adkins","birthdate":230508000000}
{"id":339,"firstName":"Florence","lastName":"Mejia","birthdate":-454125600000}
{"id":341,"firstName":"Zenia","lastName":"Rollins","birthdate":-33184800000}
{"id":343,"firstName":"Murphy","lastName":"Glenn","birthdate":-8647200000}
{"id":345,"firstName":"Charles","lastName":"Melendez","birthdate":-598586400000}
{"id":347,"firstName":"Oleg","lastName":"Wilkins","birthdate":-440647200000}
{"id":349,"firstName":"Whitney","lastName":"Gould","birthdate":-271562400000}
{"id":351,"firstName":"Sierra","lastName":"Lawrence","birthdate":365119200000}
{"id":353,"firstName":"Lillian","lastName":"Byers","birthdate":558136800000}
{"id":355,"firstName":"Cally","lastName":"Keller","birthdate":58399200000}
{"id":357,"firstName":"Gabriel","lastName":"Warner","birthdate":-2340000000}
{"id":359,"firstName":"Hermione","lastName":"Gallagher","birthdate":-369108000000}
{"id":361,"firstName":"Keiko","lastName":"Dennis","birthdate":-505965600000}
{"id":363,"firstName":"Cecilia","lastName":"Oneal","birthdate":291852000000}
{"id":365,"firstName":"Jonas","lastName":"Pratt","birthdate":107820000000}
{"id":367,"firstName":"Ralph","lastName":"Stein","birthdate":41205600000}
{"id":369,"firstName":"Odysseus","lastName":"Hess","birthdate":387496800000}
{"id":371,"firstName":"Jesse","lastName":"Torres","birthdate":613519200000}
{"id":373,"firstName":"Emerald","lastName":"Haynes","birthdate":-404618400000}
{"id":375,"firstName":"Meredith","lastName":"Simon","birthdate":586130400000}
{"id":377,"firstName":"Casey","lastName":"Delgado","birthdate":-382586400000}
{"id":379,"firstName":"Penelope","lastName":"Blackburn","birthdate":-342151200000}
{"id":381,"firstName":"Lamar","lastName":"Ramirez","birthdate":-168141600000}
{"id":383,"firstName":"Hanae","lastName":"Johnson","birthdate":-553226400000}
{"id":385,"firstName":"Aspen","lastName":"Potter","birthdate":-291088800000}
{"id":387,"firstName":"Jael","lastName":"Stuart","birthdate":224373600000}
{"id":389,"firstName":"Lael","lastName":"Schwartz","birthdate":-438746400000}
{"id":391,"firstName":"Keegan","lastName":"Pruitt","birthdate":199058400000}
{"id":393,"firstName":"Garth","lastName":"Calderon","birthdate":-275277600000}
{"id":395,"firstName":"Dara","lastName":"Morrison","birthdate":314661600000}
{"id":397,"firstName":"Angela","lastName":"Ward","birthdate":416354400000}
{"id":399,"firstName":"Sandra","lastName":"Kaufman","birthdate":324770400000}
{"id":401,"firstName":"Gemma","lastName":"Finch","birthdate":622677600000}
{"id":403,"firstName":"Donovan","lastName":"Beasley","birthdate":519429600000}
{"id":405,"firstName":"Rebekah","lastName":"Edwards","birthdate":-253159200000}
{"id":407,"firstName":"Hadley","lastName":"Landry","birthdate":282348000000}
{"id":409,"firstName":"Ignacia","lastName":"Medina","birthdate":-529207200000}
{"id":411,"firstName":"Aurora","lastName":"Lucas","birthdate":-116647200000}
{"id":413,"firstName":"Inga","lastName":"Roy","birthdate":-322279200000}
{"id":415,"firstName":"Boris","lastName":"Boyd","birthdate":-344916000000}
{"id":417,"firstName":"Wyoming","lastName":"Meadows","birthdate":-286855200000}
{"id":419,"firstName":"David","lastName":"Davidson","birthdate":71532000000}
{"id":421,"firstName":"Danielle","lastName":"Luna","birthdate":596066400000}
{"id":423,"firstName":"Micah","lastName":"Galloway","birthdate":170373600000}
{"id":425,"firstName":"Troy","lastName":"David","birthdate":475538400000}
{"id":427,"firstName":"Kelly","lastName":"Meadows","birthdate":-157687200000}
{"id":429,"firstName":"Lucius","lastName":"Battle","birthdate":418946400000}
{"id":431,"firstName":"Priscilla","lastName":"Gregory","birthdate":530661600000}
{"id":433,"firstName":"Kellie","lastName":"Slater","birthdate":313279200000}
{"id":435,"firstName":"Xanthus","lastName":"Raymond","birthdate":191023200000}
{"id":437,"firstName":"Kato","lastName":"Sosa","birthdate":561765600000}
{"id":439,"firstName":"Hermione","lastName":"Buchanan","birthdate":-508557600000}
{"id":441,"firstName":"Paloma","lastName":"Riddle","birthdate":611704800000}
{"id":443,"firstName":"Willow","lastName":"Morgan","birthdate":-116128800000}
{"id":445,"firstName":"Curran","lastName":"Mueller","birthdate":-236138400000}
{"id":447,"firstName":"Vaughan","lastName":"Cunningham","birthdate":14076000000}
{"id":449,"firstName":"Ebony","lastName":"Sweet","birthdate":321228000000}
{"id":451,"firstName":"Britanney","lastName":"Lancaster","birthdate":301183200000}
{"id":453,"firstName":"Hyacinth","lastName":"Orr","birthdate":-336276000000}
{"id":455,"firstName":"Craig","lastName":"Dean","birthdate":-118461600000}
{"id":457,"firstName":"Yoko","lastName":"Burt","birthdate":-280720800000}
{"id":459,"firstName":"Ulric","lastName":"Lee","birthdate":-343792800000}
{"id":461,"firstName":"Eve","lastName":"Mcconnell","birthdate":366069600000}
{"id":463,"firstName":"Idona","lastName":"Ortiz","birthdate":82591200000}
{"id":465,"firstName":"Dennis","lastName":"Gregory","birthdate":-36208800000}
{"id":467,"firstName":"Willow","lastName":"Santos","birthdate":612396000000}
{"id":469,"firstName":"Veronica","lastName":"Patterson","birthdate":453938400000}
{"id":471,"firstName":"Clinton","lastName":"Gaines","birthdate":498866400000}
{"id":473,"firstName":"Len","lastName":"Morse","birthdate":-35604000000}
{"id":475,"firstName":"Rebecca","lastName":"Rasmussen","birthdate":653263200000}
{"id":477,"firstName":"Russell","lastName":"Sampson","birthdate":322092000000}
{"id":479,"firstName":"Merritt","lastName":"Scott","birthdate":62028000000}
{"id":481,"firstName":"Ronan","lastName":"Potter","birthdate":592696800000}
{"id":483,"firstName":"Daryl","lastName":"Mcintosh","birthdate":331250400000}
{"id":485,"firstName":"Cyrus","lastName":"Fulton","birthdate":-242532000000}
{"id":487,"firstName":"Alfonso","lastName":"Kinney","birthdate":133567200000}
{"id":489,"firstName":"Uta","lastName":"Wallace","birthdate":359157600000}
{"id":491,"firstName":"Sybil","lastName":"Kim","birthdate":422143200000}
{"id":493,"firstName":"Marshall","lastName":"Bray","birthdate":-359085600000}
{"id":495,"firstName":"Wesley","lastName":"Stokes","birthdate":332460000000}
{"id":497,"firstName":"April","lastName":"Gibbs","birthdate":-133063200000}
{"id":499,"firstName":"Philip","lastName":"Koch","birthdate":-78804000000}
{"id":501,"firstName":"Kelly","lastName":"Ashley","birthdate":547855200000}
{"id":503,"firstName":"Justine","lastName":"Warren","birthdate":320709600000}
{"id":505,"firstName":"Elvis","lastName":"Berger","birthdate":-56167200000}
{"id":507,"firstName":"Leila","lastName":"Pearson","birthdate":399938400000}
{"id":509,"firstName":"Jade","lastName":"Graham","birthdate":360453600000}
{"id":511,"firstName":"Quail","lastName":"Zimmerman","birthdate":445471200000}
{"id":513,"firstName":"Moses","lastName":"Boyer","birthdate":-34135200000}
{"id":515,"firstName":"Whoopi","lastName":"Battle","birthdate":468280800000}
{"id":517,"firstName":"Dorothy","lastName":"Sawyer","birthdate":648338400000}
{"id":519,"firstName":"Cassandra","lastName":"Mcmillan","birthdate":-387511200000}
{"id":521,"firstName":"Cedric","lastName":"Christensen","birthdate":217288800000}
{"id":523,"firstName":"Ina","lastName":"Barton","birthdate":13212000000}
{"id":525,"firstName":"Reese","lastName":"Whitehead","birthdate":105487200000}
{"id":527,"firstName":"Nathaniel","lastName":"Stevens","birthdate":-194839200000}
{"id":529,"firstName":"Glenna","lastName":"Boyer","birthdate":-497325600000}
{"id":531,"firstName":"Barrett","lastName":"Conley","birthdate":618616800000}
{"id":533,"firstName":"Carly","lastName":"Riley","birthdate":-255924000000}
{"id":535,"firstName":"Yvonne","lastName":"Ashley","birthdate":68508000000}
{"id":537,"firstName":"Shana","lastName":"Huber","birthdate":-544500000000}
{"id":539,"firstName":"Mark","lastName":"Howe","birthdate":475624800000}
{"id":541,"firstName":"Zenaida","lastName":"Rutledge","birthdate":509061600000}
{"id":543,"firstName":"Jocelyn","lastName":"Shepherd","birthdate":419810400000}
{"id":545,"firstName":"Sloane","lastName":"Walton","birthdate":-369108000000}
{"id":547,"firstName":"Yoshio","lastName":"Alvarado","birthdate":-34567200000}
{"id":549,"firstName":"Kirestin","lastName":"Mayer","birthdate":-277264800000}
{"id":551,"firstName":"Victoria","lastName":"Reynolds","birthdate":94600800000}
{"id":553,"firstName":"Tatiana","lastName":"Tanner","birthdate":387064800000}
{"id":555,"firstName":"Brent","lastName":"Munoz","birthdate":506988000000}
{"id":557,"firstName":"Arthur","lastName":"Whitaker","birthdate":640389600000}
{"id":559,"firstName":"Deirdre","lastName":"Berg","birthdate":614988000000}
{"id":561,"firstName":"Katelyn","lastName":"Cooke","birthdate":-407124000000}
{"id":563,"firstName":"Jaime","lastName":"Zimmerman","birthdate":-305863200000}
{"id":565,"firstName":"Allen","lastName":"Acosta","birthdate":-40269600000}
{"id":567,"firstName":"Kareem","lastName":"Bowen","birthdate":-52279200000}
{"id":569,"firstName":"Bruno","lastName":"Dickson","birthdate":167695200000}
{"id":571,"firstName":"Baxter","lastName":"Estrada","birthdate":-58672800000}
{"id":573,"firstName":"Ainsley","lastName":"Nieves","birthdate":-237866400000}
{"id":575,"firstName":"Wade","lastName":"Vargas","birthdate":-19360800000}
{"id":577,"firstName":"Lysandra","lastName":"Foster","birthdate":-291002400000}
{"id":579,"firstName":"Leah","lastName":"Douglas","birthdate":489103200000}
{"id":581,"firstName":"Ivor","lastName":"Stein","birthdate":-204256800000}
{"id":583,"firstName":"Cynthia","lastName":"Wilkinson","birthdate":-541130400000}
{"id":585,"firstName":"Raya","lastName":"Harris","birthdate":-38282400000}
{"id":587,"firstName":"Stephanie","lastName":"Rosario","birthdate":-181101600000}
{"id":589,"firstName":"Anne","lastName":"Moses","birthdate":499471200000}
{"id":591,"firstName":"Dalton","lastName":"Mcfadden","birthdate":-255751200000}
{"id":593,"firstName":"Teegan","lastName":"Walker","birthdate":-359863200000}
{"id":595,"firstName":"Brenna","lastName":"Cantrell","birthdate":-510976800000}
{"id":597,"firstName":"Blaze","lastName":"Horton","birthdate":-33789600000}
{"id":599,"firstName":"Azalia","lastName":"Bradshaw","birthdate":409096800000}
{"id":601,"firstName":"Thomas","lastName":"Mathews","birthdate":-476935200000}
{"id":603,"firstName":"Marny","lastName":"Leon","birthdate":455666400000}
{"id":605,"firstName":"Chastity","lastName":"Wyatt","birthdate":177199200000}
{"id":607,"firstName":"Martina","lastName":"Valenzuela","birthdate":626738400000}
{"id":609,"firstName":"Flavia","lastName":"Chen","birthdate":191282400000}
{"id":611,"firstName":"Adara","lastName":"Hodges","birthdate":-475034400000}
{"id":613,"firstName":"Carla","lastName":"Mejia","birthdate":433375200000}
{"id":615,"firstName":"Maite","lastName":"Ellison","birthdate":627516000000}
{"id":617,"firstName":"Kiona","lastName":"Donaldson","birthdate":633218400000}
{"id":619,"firstName":"Yvonne","lastName":"Dudley","birthdate":251330400000}
{"id":621,"firstName":"Selma","lastName":"Lucas","birthdate":380584800000}
{"id":623,"firstName":"Kaitlin","lastName":"Malone","birthdate":643240800000}
{"id":625,"firstName":"Erich","lastName":"Browning","birthdate":-485748000000}
{"id":627,"firstName":"Eliana","lastName":"Downs","birthdate":127173600000}
{"id":629,"firstName":"Donna","lastName":"Carey","birthdate":-348717600000}
{"id":631,"firstName":"Xantha","lastName":"Mckee","birthdate":-356925600000}
{"id":633,"firstName":"Beverly","lastName":"Sharp","birthdate":548978400000}
{"id":635,"firstName":"Tanek","lastName":"Graves","birthdate":-69732000000}
{"id":637,"firstName":"Declan","lastName":"Church","birthdate":-193370400000}
{"id":639,"firstName":"Allistair","lastName":"Lawson","birthdate":-212378400000}
{"id":641,"firstName":"Neve","lastName":"Myers","birthdate":-595821600000}
{"id":643,"firstName":"Wallace","lastName":"Ochoa","birthdate":-321415200000}
{"id":645,"firstName":"Carla","lastName":"Burch","birthdate":-214884000000}
{"id":647,"firstName":"Stephen","lastName":"Figueroa","birthdate":-118807200000}
{"id":649,"firstName":"Tyler","lastName":"Dillard","birthdate":-406864800000}
{"id":651,"firstName":"Stewart","lastName":"Mason","birthdate":404344800000}
{"id":653,"firstName":"Ivor","lastName":"Gordon","birthdate":-509248800000}
{"id":655,"firstName":"Silas","lastName":"Delaney","birthdate":-600314400000}
{"id":657,"firstName":"Joan","lastName":"Banks","birthdate":-116474400000}
{"id":659,"firstName":"Sebastian","lastName":"Mcintyre","birthdate":-303098400000}
{"id":661,"firstName":"Edward","lastName":"Ortega","birthdate":-389930400000}
{"id":663,"firstName":"Aurora","lastName":"Velez","birthdate":105660000000}
{"id":665,"firstName":"Cade","lastName":"Thomas","birthdate":471564000000}
{"id":667,"firstName":"Maggy","lastName":"Hartman","birthdate":-452916000000}
{"id":669,"firstName":"Carlos","lastName":"Gonzales","birthdate":-191296800000}
{"id":671,"firstName":"Colby","lastName":"Rogers","birthdate":651794400000}
{"id":673,"firstName":"Melinda","lastName":"Quinn","birthdate":286754400000}
{"id":675,"firstName":"Vivian","lastName":"Massey","birthdate":330040800000}
{"id":677,"firstName":"Seth","lastName":"Jensen","birthdate":30664800000}
{"id":679,"firstName":"Yeo","lastName":"Byrd","birthdate":-73620000000}
{"id":681,"firstName":"Vaughan","lastName":"Frazier","birthdate":83714400000}
{"id":683,"firstName":"Kaitlin","lastName":"Wall","birthdate":-273031200000}
{"id":685,"firstName":"Lesley","lastName":"Roy","birthdate":-361418400000}
{"id":687,"firstName":"Branden","lastName":"Carver","birthdate":98316000000}
{"id":689,"firstName":"Ariel","lastName":"Cruz","birthdate":102808800000}
{"id":691,"firstName":"Quincy","lastName":"Garza","birthdate":490226400000}
{"id":693,"firstName":"Zia","lastName":"Dean","birthdate":368834400000}
{"id":695,"firstName":"Francis","lastName":"Patton","birthdate":315698400000}
{"id":697,"firstName":"Joelle","lastName":"Craig","birthdate":351381600000}
{"id":699,"firstName":"Bell","lastName":"Hunt","birthdate":-571975200000}
{"id":701,"firstName":"Wade","lastName":"Moore","birthdate":21420000000}
{"id":703,"firstName":"Winter","lastName":"Beard","birthdate":-216871200000}
{"id":705,"firstName":"Meghan","lastName":"Graves","birthdate":-600400800000}
{"id":707,"firstName":"Shaeleigh","lastName":"Schroeder","birthdate":283471200000}
{"id":709,"firstName":"Kristen","lastName":"Humphrey","birthdate":-477626400000}
{"id":711,"firstName":"Hedwig","lastName":"Wiley","birthdate":242517600000}
{"id":713,"firstName":"Lisandra","lastName":"Weiss","birthdate":308613600000}
{"id":715,"firstName":"Rhonda","lastName":"Kent","birthdate":312156000000}
{"id":717,"firstName":"Isadora","lastName":"Wilson","birthdate":334965600000}
{"id":719,"firstName":"Keegan","lastName":"Warren","birthdate":-125460000000}
{"id":721,"firstName":"Prescott","lastName":"Holcomb","birthdate":219967200000}
{"id":723,"firstName":"Xenos","lastName":"Dawson","birthdate":306108000000}
{"id":725,"firstName":"Latifah","lastName":"Vincent","birthdate":552261600000}
{"id":727,"firstName":"Tatiana","lastName":"Vincent","birthdate":-362282400000}
{"id":729,"firstName":"Pascale","lastName":"Blevins","birthdate":-221968800000}
{"id":731,"firstName":"Laith","lastName":"Guthrie","birthdate":-280720800000}
{"id":733,"firstName":"Jonah","lastName":"Mullins","birthdate":-449892000000}
{"id":735,"firstName":"Tashya","lastName":"Hanson","birthdate":-295927200000}
{"id":737,"firstName":"Bruno","lastName":"Sherman","birthdate":477525600000}
{"id":739,"firstName":"Stacy","lastName":"Wynn","birthdate":-3549600000}
{"id":741,"firstName":"Myra","lastName":"Suarez","birthdate":-290052000000}
{"id":743,"firstName":"Bradley","lastName":"Hurley","birthdate":500680800000}
{"id":745,"firstName":"Helen","lastName":"Woods","birthdate":557186400000}
{"id":747,"firstName":"Alec","lastName":"Finley","birthdate":318808800000}
{"id":749,"firstName":"Kelsey","lastName":"Coffey","birthdate":7596000000}
{"id":751,"firstName":"Shea","lastName":"Fernandez","birthdate":651880800000}
{"id":753,"firstName":"Todd","lastName":"Wolfe","birthdate":-43984800000}
{"id":755,"firstName":"Lewis","lastName":"Joseph","birthdate":-173844000000}
{"id":757,"firstName":"Grady","lastName":"Barlow","birthdate":259884000000}
{"id":759,"firstName":"Wesley","lastName":"Clements","birthdate":382312800000}
{"id":761,"firstName":"Wylie","lastName":"Whitley","birthdate":-584330400000}
{"id":763,"firstName":"Jacob","lastName":"Cannon","birthdate":-487130400000}
{"id":765,"firstName":"Chester","lastName":"Brock","birthdate":-99885600000}
{"id":767,"firstName":"Justin","lastName":"Terrell","birthdate":-227152800000}
{"id":769,"firstName":"Juliet","lastName":"Conley","birthdate":-470887200000}
{"id":771,"firstName":"Scarlett","lastName":"Stuart","birthdate":-414381600000}
{"id":773,"firstName":"Vivian","lastName":"Harmon","birthdate":-397447200000}
{"id":775,"firstName":"Nissim","lastName":"Graham","birthdate":257810400000}
{"id":777,"firstName":"Ruth","lastName":"Sellers","birthdate":-78026400000}
{"id":779,"firstName":"Meghan","lastName":"Wiley","birthdate":-582256800000}
{"id":781,"firstName":"Julie","lastName":"Morgan","birthdate":65829600000}
{"id":783,"firstName":"Lucius","lastName":"Wright","birthdate":-145504800000}
{"id":785,"firstName":"Neve","lastName":"Hyde","birthdate":-119412000000}
{"id":787,"firstName":"Daquan","lastName":"Sheppard","birthdate":299714400000}
{"id":789,"firstName":"Phoebe","lastName":"Paul","birthdate":170373600000}
{"id":791,"firstName":"Geraldine","lastName":"Burns","birthdate":313279200000}
{"id":793,"firstName":"Cedric","lastName":"Miles","birthdate":-99453600000}
{"id":795,"firstName":"Autumn","lastName":"Patterson","birthdate":134258400000}
{"id":797,"firstName":"Reese","lastName":"Maynard","birthdate":544744800000}
{"id":799,"firstName":"Lawrence","lastName":"Lawson","birthdate":-173757600000}
{"id":801,"firstName":"Mira","lastName":"Franks","birthdate":-183607200000}
{"id":803,"firstName":"Paloma","lastName":"Daniels","birthdate":-238298400000}
{"id":805,"firstName":"Jarrod","lastName":"Morris","birthdate":156808800000}
{"id":807,"firstName":"Lucas","lastName":"Short","birthdate":111016800000}
{"id":809,"firstName":"Jacqueline","lastName":"Alexander","birthdate":433288800000}
{"id":811,"firstName":"Jaden","lastName":"Summers","birthdate":-291002400000}
{"id":813,"firstName":"Reed","lastName":"Hardy","birthdate":534117600000}
{"id":815,"firstName":"Aimee","lastName":"Beck","birthdate":-257220000000}
{"id":817,"firstName":"Camilla","lastName":"Copeland","birthdate":501976800000}
{"id":819,"firstName":"Rinah","lastName":"Brennan","birthdate":-468122400000}
{"id":821,"firstName":"Desiree","lastName":"Miller","birthdate":312933600000}
{"id":823,"firstName":"Odessa","lastName":"Lambert","birthdate":-569037600000}
{"id":825,"firstName":"Gareth","lastName":"West","birthdate":507333600000}
{"id":827,"firstName":"September","lastName":"Norton","birthdate":437090400000}
{"id":829,"firstName":"Stone","lastName":"Higgins","birthdate":6040800000}
{"id":831,"firstName":"Yen","lastName":"Cruz","birthdate":-367380000000}
{"id":833,"firstName":"Mikayla","lastName":"Johnson","birthdate":-407988000000}
{"id":835,"firstName":"Ella","lastName":"Carson","birthdate":258847200000}
{"id":837,"firstName":"Mason","lastName":"Mccray","birthdate":-115524000000}
{"id":839,"firstName":"Dana","lastName":"Hickman","birthdate":548114400000}
{"id":841,"firstName":"Leilani","lastName":"Kelley","birthdate":278632800000}
{"id":843,"firstName":"Gillian","lastName":"Sanchez","birthdate":-4240800000}
{"id":845,"firstName":"Clare","lastName":"Potter","birthdate":-345520800000}
{"id":847,"firstName":"Thaddeus","lastName":"Osborn","birthdate":180309600000}
{"id":849,"firstName":"Brendan","lastName":"Gibbs","birthdate":-459136800000}
{"id":851,"firstName":"Aiko","lastName":"Mcguire","birthdate":156722400000}
{"id":853,"firstName":"Ashely","lastName":"Morrow","birthdate":162252000000}
{"id":855,"firstName":"Anika","lastName":"Crawford","birthdate":-410407200000}
{"id":857,"firstName":"Nasim","lastName":"Powell","birthdate":248306400000}
{"id":859,"firstName":"Summer","lastName":"Powers","birthdate":-322797600000}
{"id":861,"firstName":"Brady","lastName":"Garrison","birthdate":461887200000}
{"id":863,"firstName":"Kalia","lastName":"Kidd","birthdate":551397600000}
{"id":865,"firstName":"Driscoll","lastName":"Combs","birthdate":-2253600000}
{"id":867,"firstName":"Dale","lastName":"Mcbride","birthdate":257292000000}
{"id":869,"firstName":"Tyrone","lastName":"Compton","birthdate":528674400000}
{"id":871,"firstName":"Chaim","lastName":"Hancock","birthdate":-35431200000}
{"id":873,"firstName":"Cruz","lastName":"Stafford","birthdate":-412394400000}
{"id":875,"firstName":"Malcolm","lastName":"Hatfield","birthdate":24530400000}
{"id":877,"firstName":"Honorato","lastName":"Allen","birthdate":524354400000}
{"id":879,"firstName":"Quintessa","lastName":"Lyons","birthdate":402616800000}
{"id":881,"firstName":"Ian","lastName":"Franco","birthdate":-140580000000}
{"id":883,"firstName":"Giacomo","lastName":"Reed","birthdate":-343965600000}
{"id":885,"firstName":"Myra","lastName":"Martin","birthdate":186444000000}
{"id":887,"firstName":"Barry","lastName":"Randall","birthdate":-572925600000}
{"id":889,"firstName":"Aimee","lastName":"Brooks","birthdate":260920800000}
{"id":891,"firstName":"Avye","lastName":"Kemp","birthdate":-237088800000}
{"id":893,"firstName":"Susan","lastName":"Glass","birthdate":70927200000}
{"id":895,"firstName":"Angela","lastName":"Parker","birthdate":86047200000}
{"id":897,"firstName":"Dieter","lastName":"Huff","birthdate":-569210400000}
{"id":899,"firstName":"Simone","lastName":"Bryant","birthdate":-363837600000}
{"id":901,"firstName":"Harriet","lastName":"Terrell","birthdate":231631200000}
{"id":903,"firstName":"Alika","lastName":"Adkins","birthdate":412984800000}
{"id":905,"firstName":"Declan","lastName":"Walsh","birthdate":29282400000}
{"id":907,"firstName":"Keaton","lastName":"Murphy","birthdate":18914400000}
{"id":909,"firstName":"Hedy","lastName":"Huber","birthdate":-502768800000}
{"id":911,"firstName":"Yuli","lastName":"Boyle","birthdate":-186026400000}
{"id":913,"firstName":"Carol","lastName":"Poole","birthdate":433375200000}
{"id":915,"firstName":"Marvin","lastName":"Nunez","birthdate":329868000000}
{"id":917,"firstName":"Azalia","lastName":"Buckley","birthdate":-443757600000}
{"id":919,"firstName":"Rose","lastName":"Nguyen","birthdate":-350532000000}
{"id":921,"firstName":"Aurora","lastName":"Melton","birthdate":-266400000}
{"id":923,"firstName":"Winter","lastName":"Graves","birthdate":-492141600000}
{"id":925,"firstName":"Keefe","lastName":"Simpson","birthdate":-201578400000}
{"id":927,"firstName":"Naida","lastName":"Zimmerman","birthdate":-189568800000}
{"id":929,"firstName":"Eugenia","lastName":"Knight","birthdate":56930400000}
{"id":931,"firstName":"Clio","lastName":"Dodson","birthdate":352504800000}
{"id":933,"firstName":"Phyllis","lastName":"Stafford","birthdate":-257911200000}
{"id":935,"firstName":"Hasad","lastName":"Mclaughlin","birthdate":-268279200000}
{"id":937,"firstName":"Nelle","lastName":"Hudson","birthdate":402616800000}
{"id":939,"firstName":"Abigail","lastName":"Erickson","birthdate":-209613600000}
{"id":941,"firstName":"Adrian","lastName":"Curtis","birthdate":469231200000}
{"id":943,"firstName":"Keelie","lastName":"Gentry","birthdate":-330487200000}
{"id":945,"firstName":"Yael","lastName":"Reyes","birthdate":-544845600000}
{"id":947,"firstName":"Scarlet","lastName":"Greene","birthdate":83023200000}
{"id":949,"firstName":"Amity","lastName":"Wilder","birthdate":-265514400000}
{"id":951,"firstName":"Isaac","lastName":"Bailey","birthdate":19346400000}
{"id":953,"firstName":"Rebekah","lastName":"Weeks","birthdate":-216612000000}
{"id":955,"firstName":"Joshua","lastName":"Head","birthdate":-525578400000}
{"id":957,"firstName":"Steel","lastName":"Burris","birthdate":431820000000}
{"id":959,"firstName":"Cameron","lastName":"Little","birthdate":660348000000}
{"id":961,"firstName":"Connor","lastName":"Cardenas","birthdate":502927200000}
{"id":963,"firstName":"Maisie","lastName":"Dunlap","birthdate":-359776800000}
{"id":965,"firstName":"Connor","lastName":"Richard","birthdate":423698400000}
{"id":967,"firstName":"Holmes","lastName":"Graham","birthdate":-375933600000}
{"id":969,"firstName":"Gail","lastName":"Marks","birthdate":521416800000}
{"id":971,"firstName":"Kibo","lastName":"Small","birthdate":151538400000}
{"id":973,"firstName":"Stone","lastName":"White","birthdate":327880800000}
{"id":975,"firstName":"Phoebe","lastName":"Norris","birthdate":-373341600000}
{"id":977,"firstName":"Luke","lastName":"Chase","birthdate":147996000000}
{"id":979,"firstName":"Myra","lastName":"Bradshaw","birthdate":-154404000000}
{"id":981,"firstName":"Selma","lastName":"Bell","birthdate":-233546400000}
{"id":983,"firstName":"Kimberly","lastName":"Marshall","birthdate":-542599200000}
{"id":985,"firstName":"Noelani","lastName":"Ward","birthdate":651362400000}
{"id":987,"firstName":"Caldwell","lastName":"Noble","birthdate":-46317600000}
{"id":989,"firstName":"Mechelle","lastName":"Delgado","birthdate":-152676000000}
{"id":991,"firstName":"Katelyn","lastName":"Mosley","birthdate":-140839200000}
{"id":993,"firstName":"Knox","lastName":"Medina","birthdate":336261600000}
{"id":995,"firstName":"Shellie","lastName":"Mccarty","birthdate":-118202400000}
{"id":997,"firstName":"Sheila","lastName":"Harmon","birthdate":-88308000000}
{"id":999,"firstName":"Indigo","lastName":"Carter","birthdate":-339040800000}
