{"id":1,"firstName":"STONE","lastName":"BARRETT","birthdate":-164167200000}
{"id":1,"firstName":"HASSAN","lastName":"HUSTED","birthdate":946677600000}
{"id":3,"firstName":"CARRIE","lastName":"CAPPELLO","birthdate":952034400000}
{"id":3,"firstName":"ARMANDO","lastName":"LOGAN","birthdate":535845600000}
{"id":5,"firstName":"BENITO","lastName":"BROWNING","birthdate":957477600000}
{"id":5,"firstName":"CASSANDRA","lastName":"MOSES","birthdate":-419652000000}
{"id":7,"firstName":"CONTESSA","lastName":"COBIAN","birthdate":962920800000}
{"id":7,"firstName":"UPTON","lastName":"MORROW","birthdate":97624800000}
{"id":9,"firstName":"SYBILL","lastName":"NOLAN","birthdate":-584589600000}
{"id":9,"firstName":"OSVALDO","lastName":"OQUENDO","birthdate":968450400000}
{"id":11,"firstName":"INGRID","lastName":"JACKSON","birthdate":-388893600000}
{"id":11,"firstName":"LEANDRO","lastName":"LUECK","birthdate":973893600000}
{"id":13,"firstName":"XAVIERA","lastName":"GILLESPIE","birthdate":-140666400000}
{"id":13,"firstName":"RACHAEL","lastName":"RACHAL","birthdate":978300000000}
{"id":15,"firstName":"FATIMA","lastName":"COMBS","birthdate":297036000000}
{"id":15,"firstName":"ZIMMERMAN","lastName":"AARON","birthdate":983570400000}
{"id":17,"firstName":"FELICIA","lastName":"VINSON","birthdate":-316749600000}
{"id":19,"firstName":"RAMONA","lastName":"ACOSTA","birthdate":-237520800000}
{"id":21,"firstName":"ROSALYN","lastName":"SIMON","birthdate":383436000000}
{"id":23,"firstName":"RAYMOND","lastName":"KNOX","birthdate":300924000000}
{"id":25,"firstName":"DAMON","lastName":"HOLMAN","birthdate":-186976800000}
{"id":27,"firstName":"SASHA","lastName":"CAREY","birthdate":190245600000}
{"id":29,"firstName":"HAMMETT","lastName":"BUCK","birthdate":391730400000}
{"id":31,"firstName":"DAQUAN","lastName":"CRAIG","birthdate":235346400000}
{"id":33,"firstName":"ERICH","lastName":"JOYCE","birthdate":152056800000}
{"id":35,"firstName":"DAWN","lastName":"FULTON","birthdate":-297396000000}
{"id":37,"firstName":"TANYA","lastName":"CROSBY","birthdate":52783200000}
{"id":39,"firstName":"CARL","lastName":"MONROE","birthdate":-385696800000}
{"id":41,"firstName":"LUCIAN","lastName":"SHANNON","birthdate":-489463200000}
{"id":43,"firstName":"ARDEN","lastName":"BUCKNER","birthdate":191023200000}
{"id":45,"firstName":"KITRA","lastName":"BECKER","birthdate":-550202400000}
{"id":47,"firstName":"JADEN","lastName":"SUAREZ","birthdate":-436759200000}
{"id":49,"firstName":"MONA","lastName":"OSBORN","birthdate":-53920800000}
{"id":51,"firstName":"ASHER","lastName":"FRAZIER","birthdate":-351050400000}
{"id":53,"firstName":"AHMED","lastName":"HOLT","birthdate":21506400000}
{"id":55,"firstName":"QUYNN","lastName":"VILLARREAL","birthdate":80517600000}
{"id":57,"firstName":"ELMO","lastName":"ROWLAND","birthdate":301701600000}
{"id":59,"firstName":"KAITLIN","lastName":"TRUJILLO","birthdate":474760800000}
{"id":61,"firstName":"BLYTHE","lastName":"PAYNE","birthdate":146181600000}
{"id":63,"firstName":"MARIAM","lastName":"SANDERS","birthdate":480636000000}
{"id":65,"firstName":"MARSHALL","lastName":"KIDD","birthdate":326412000000}
{"id":67,"firstName":"MOLLIE","lastName":"GILLIAM","birthdate":-121831200000}
{"id":69,"firstName":"DOMINIC","lastName":"HARMON","birthdate":219535200000}
{"id":71,"firstName":"SHAY","lastName":"CRAFT","birthdate":-316836000000}
{"id":73,"firstName":"ADDISON","lastName":"KAUFMAN","birthdate":489880800000}
{"id":75,"firstName":"MARY","lastName":"BENSON","birthdate":-434685600000}
{"id":77,"firstName":"KENDALL","lastName":"FITZGERALD","birthdate":-485575200000}
{"id":79,"firstName":"OLIVIA","lastName":"MARSH","birthdate":182037600000}
{"id":81,"firstName":"LEROY","lastName":"SANDOVAL","birthdate":-217648800000}
{"id":83,"firstName":"EMERALD","lastName":"BAXTER","birthdate":263080800000}
{"id":85,"firstName":"BERTHA","lastName":"LOWE","birthdate":-545104800000}
{"id":87,"firstName":"DECLAN","lastName":"BUCK","birthdate":604360800000}
{"id":89,"firstName":"RASHAD","lastName":"CURRY","birthdate":514245600000}
{"id":91,"firstName":"LEVI","lastName":"MACK","birthdate":143848800000}
{"id":93,"firstName":"DARA","lastName":"ANTHONY","birthdate":334965600000}
{"id":95,"firstName":"BENJAMIN","lastName":"BOOKER","birthdate":-233373600000}
{"id":97,"firstName":"HALL","lastName":"HESTER","birthdate":-424663200000}
{"id":99,"firstName":"RAFAEL","lastName":"ROMAN","birthdate":-250480800000}
{"id":101,"firstName":"KYRA","lastName":"MACIAS","birthdate":355096800000}
{"id":103,"firstName":"KAITLIN","lastName":"ELLIS","birthdate":-271648800000}
{"id":105,"firstName":"GRAIDEN","lastName":"WYNN","birthdate":-143776800000}
{"id":107,"firstName":"JUSTINE","lastName":"CARLSON","birthdate":408837600000}
{"id":109,"firstName":"ADENA","lastName":"ROSALES","birthdate":531612000000}
{"id":111,"firstName":"MACON","lastName":"GALLOWAY","birthdate":-313207200000}
{"id":113,"firstName":"ARETHA","lastName":"NORTON","birthdate":77234400000}
{"id":115,"firstName":"ISHMAEL","lastName":"WOLFE","birthdate":283644000000}
{"id":117,"firstName":"GARETH","lastName":"MCKAY","birthdate":4399200000}
{"id":119,"firstName":"DARIUS","lastName":"BAKER","birthdate":-476503200000}
{"id":121,"firstName":"AVRAM","lastName":"WALSH","birthdate":205365600000}
{"id":123,"firstName":"VEDA","lastName":"HIGGINS","birthdate":-524541600000}
{"id":125,"firstName":"NICHOLE","lastName":"ROWE","birthdate":-266637600000}
{"id":127,"firstName":"CLAYTON","lastName":"THOMPSON","birthdate":342568800000}
{"id":129,"firstName":"DANIEL","lastName":"SWANSON","birthdate":-545364000000}
{"id":131,"firstName":"PRISCILLA","lastName":"MARTIN","birthdate":-542080800000}
{"id":133,"firstName":"ERICA","lastName":"LOGAN","birthdate":-446954400000}
{"id":135,"firstName":"MACAULAY","lastName":"ODONNELL","birthdate":43624800000}
{"id":137,"firstName":"HANNAH","lastName":"LEACH","birthdate":650498400000}
{"id":139,"firstName":"ERASMUS","lastName":"ARNOLD","birthdate":-386042400000}
{"id":141,"firstName":"ULLA","lastName":"WARREN","birthdate":-439524000000}
{"id":143,"firstName":"SEBASTIAN","lastName":"RAYMOND","birthdate":-90986400000}
{"id":145,"firstName":"CARISSA","lastName":"HUFF","birthdate":-521690400000}
{"id":147,"firstName":"DALE","lastName":"CONWAY","birthdate":205452000000}
{"id":149,"firstName":"JADEN","lastName":"FISHER","birthdate":-366256800000}
{"id":151,"firstName":"STELLA","lastName":"JOYCE","birthdate":558136800000}
{"id":153,"firstName":"JOELLE","lastName":"CHURCH","birthdate":-572061600000}
{"id":155,"firstName":"YURI","lastName":"CRAWFORD","birthdate":-266637600000}
{"id":157,"firstName":"LILA","lastName":"MIDDLETON","birthdate":475452000000}
{"id":159,"firstName":"OPRAH","lastName":"MARQUEZ","birthdate":562629600000}
{"id":161,"firstName":"PRICE","lastName":"CERVANTES","birthdate":192060000000}
{"id":163,"firstName":"GREGORY","lastName":"TAYLOR","birthdate":364255200000}
{"id":165,"firstName":"CODY","lastName":"GUZMAN","birthdate":187912800000}
{"id":167,"firstName":"ARISTOTLE","lastName":"MONTOYA","birthdate":434152800000}
{"id":169,"firstName":"LAURA","lastName":"MURRAY","birthdate":612741600000}
{"id":171,"firstName":"TANISHA","lastName":"OBRIEN","birthdate":-340855200000}
{"id":173,"firstName":"MAXWELL","lastName":"SARGENT","birthdate":-325735200000}
{"id":175,"firstName":"LEV","lastName":"HERNANDEZ","birthdate":-400298400000}
{"id":177,"firstName":"WANG","lastName":"KOCH","birthdate":291333600000}
{"id":179,"firstName":"OLGA","lastName":"FLORES","birthdate":-80618400000}
{"id":181,"firstName":"SCOTT","lastName":"BRIDGES","birthdate":400456800000}
{"id":183,"firstName":"COLLEEN","lastName":"FRYE","birthdate":102981600000}
{"id":185,"firstName":"URIAH","lastName":"KENNEDY","birthdate":-456372000000}
{"id":187,"firstName":"GRAIDEN","lastName":"HALL","birthdate":593992800000}
{"id":189,"firstName":"ZENA","lastName":"SHEPHERD","birthdate":433980000000}
{"id":191,"firstName":"LILA","lastName":"ROBINSON","birthdate":402876000000}
{"id":193,"firstName":"EMERY","lastName":"KIM","birthdate":-80272800000}
{"id":195,"firstName":"LOGAN","lastName":"MCCLURE","birthdate":-69818400000}
{"id":197,"firstName":"LOUIS","lastName":"WILLIAM","birthdate":-81050400000}
{"id":199,"firstName":"RAPHAEL","lastName":"ARMSTRONG","birthdate":-413344800000}
{"id":201,"firstName":"VIVIAN","lastName":"LOVE","birthdate":-573444000000}
{"id":203,"firstName":"JASON","lastName":"POWELL","birthdate":-191469600000}
{"id":205,"firstName":"CULLEN","lastName":"CARDENAS","birthdate":-122522400000}
{"id":207,"firstName":"GRAY","lastName":"GENTRY","birthdate":28332000000}
{"id":209,"firstName":"ULLA","lastName":"STEWART","birthdate":597967200000}
{"id":211,"firstName":"CHAVA","lastName":"FRANK","birthdate":71704800000}
{"id":213,"firstName":"ABIGAIL","lastName":"ODONNELL","birthdate":630712800000}
{"id":215,"firstName":"CLARK","lastName":"BARRERA","birthdate":179964000000}
{"id":217,"firstName":"ALLEGRA","lastName":"ROSE","birthdate":-69732000000}
{"id":219,"firstName":"CARLA","lastName":"OWEN","birthdate":-41824800000}
{"id":221,"firstName":"BRYNNE","lastName":"HULL","birthdate":-582084000000}
{"id":223,"firstName":"LAREINA","lastName":"ROBINSON","birthdate":-119844000000}
{"id":225,"firstName":"ELMO","lastName":"WOLFE","birthdate":201996000000}
{"id":227,"firstName":"DEANNA","lastName":"KELLEY","birthdate":-460692000000}
{"id":229,"firstName":"NICOLE","lastName":"AVILA","birthdate":-160624800000}
{"id":231,"firstName":"AVYE","lastName":"MILLS","birthdate":-423799200000}
{"id":233,"firstName":"JENA","lastName":"MATHIS","birthdate":139356000000}
{"id":235,"firstName":"KEANE","lastName":"HAYDEN","birthdate":-290311200000}
{"id":237,"firstName":"SYDNEE","lastName":"FERGUSON","birthdate":-362455200000}
{"id":239,"firstName":"SHARON","lastName":"GOLDEN","birthdate":-591847200000}
{"id":241,"firstName":"SIERRA","lastName":"YORK","birthdate":-538279200000}
{"id":243,"firstName":"DARREL","lastName":"ROWE","birthdate":-548733600000}
{"id":245,"firstName":"QUIN","lastName":"BOYER","birthdate":-479786400000}
{"id":247,"firstName":"CAROL","lastName":"CHURCH","birthdate":-549684000000}
{"id":249,"firstName":"JENNA","lastName":"MCDOWELL","birthdate":-573876000000}
{"id":251,"firstName":"COLTON","lastName":"HUBER","birthdate":586821600000}
{"id":253,"firstName":"HEDWIG","lastName":"STOKES","birthdate":-481946400000}
{"id":255,"firstName":"IRA","lastName":"WELCH","birthdate":277336800000}
{"id":257,"firstName":"WANDA","lastName":"BERRY","birthdate":255996000000}
{"id":259,"firstName":"JESSICA","lastName":"HART","birthdate":659656800000}
{"id":261,"firstName":"MADELINE","lastName":"PITTS","birthdate":149724000000}
{"id":263,"firstName":"SCOTT","lastName":"ALLEN","birthdate":438904800000}
{"id":265,"firstName":"ALLEN","lastName":"ROWE","birthdate":626133600000}
{"id":267,"firstName":"MARTHA","lastName":"MACK","birthdate":208648800000}
{"id":269,"firstName":"IVANA","lastName":"FARLEY","birthdate":-379044000000}
{"id":271,"firstName":"BELLE","lastName":"LANDRY","birthdate":114904800000}
{"id":273,"firstName":"UNITY","lastName":"BLACK","birthdate":535759200000}
{"id":275,"firstName":"JOEL","lastName":"WARE","birthdate":-477972000000}
{"id":277,"firstName":"OCEAN","lastName":"PEARSON","birthdate":-344743200000}
{"id":279,"firstName":"CELESTE","lastName":"SPEARS","birthdate":-554781600000}
{"id":281,"firstName":"ROSALYN","lastName":"HART","birthdate":66520800000}
{"id":283,"firstName":"SUKI","lastName":"BARKER","birthdate":476575200000}
{"id":285,"firstName":"LEANDRA","lastName":"PETERSEN","birthdate":267487200000}
{"id":287,"firstName":"MARTHA","lastName":"IRWIN","birthdate":183247200000}
{"id":289,"firstName":"HALLA","lastName":"MCCOY","birthdate":-122954400000}
{"id":291,"firstName":"QUYNN","lastName":"JORDAN","birthdate":558482400000}
{"id":293,"firstName":"JOSHUA","lastName":"BOLTON","birthdate":-521690400000}
{"id":295,"firstName":"NOBLE","lastName":"FREEMAN","birthdate":252972000000}
{"id":297,"firstName":"TYLER","lastName":"BURCH","birthdate":-598068000000}
{"id":299,"firstName":"CARISSA","lastName":"MOONEY","birthdate":442101600000}
{"id":301,"firstName":"CLARK","lastName":"GARDNER","birthdate":-95911200000}
{"id":303,"firstName":"COBY","lastName":"STEVENS","birthdate":-506052000000}
{"id":305,"firstName":"YOSHI","lastName":"STRICKLAND","birthdate":-405914400000}
{"id":307,"firstName":"CHEYENNE","lastName":"AVILA","birthdate":-511840800000}
{"id":309,"firstName":"JORDEN","lastName":"KIRK","birthdate":424476000000}
{"id":311,"firstName":"ZEPHR","lastName":"ONEILL","birthdate":87688800000}
{"id":313,"firstName":"APRIL","lastName":"VILLARREAL","birthdate":221004000000}
{"id":315,"firstName":"CATHLEEN","lastName":"REED","birthdate":-9252000000}
{"id":317,"firstName":"NELL","lastName":"JACOBS","birthdate":239925600000}
{"id":319,"firstName":"MOHAMMAD","lastName":"ROBERTSON","birthdate":-556164000000}
{"id":321,"firstName":"BERNARD","lastName":"ASHLEY","birthdate":621122400000}
{"id":323,"firstName":"ADENA","lastName":"ELLIS","birthdate":316476000000}
{"id":325,"firstName":"ROSALYN","lastName":"COTTON","birthdate":77925600000}
{"id":327,"firstName":"GARRISON","lastName":"MOORE","birthdate":-311911200000}
{"id":329,"firstName":"JEROME","lastName":"KING","birthdate":212709600000}
{"id":331,"firstName":"ANDREW","lastName":"MOSLEY","birthdate":216424800000}
{"id":333,"firstName":"NASIM","lastName":"PECK","birthdate":313106400000}
{"id":335,"firstName":"TATUM","lastName":"BLEVINS","birthdate":-165376800000}
{"id":337,"firstName":"ELTON","lastName":"ADKINS","birthdate":230508000000}
{"id":339,"firstName":"FLORENCE","lastName":"MEJIA","birthdate":-454125600000}
{"id":341,"firstName":"ZENIA","lastName":"ROLLINS","birthdate":-33184800000}
{"id":343,"firstName":"MURPHY","lastName":"GLENN","birthdate":-8647200000}
{"id":345,"firstName":"CHARLES","lastName":"MELENDEZ","birthdate":-598586400000}
{"id":347,"firstName":"OLEG","lastName":"WILKINS","birthdate":-440647200000}
{"id":349,"firstName":"WHITNEY","lastName":"GOULD","birthdate":-271562400000}
{"id":351,"firstName":"SIERRA","lastName":"LAWRENCE","birthdate":365119200000}
{"id":353,"firstName":"LILLIAN","lastName":"BYERS","birthdate":558136800000}
{"id":355,"firstName":"CALLY","lastName":"KELLER","birthdate":58399200000}
{"id":357,"firstName":"GABRIEL","lastName":"WARNER","birthdate":-2340000000}
{"id":359,"firstName":"HERMIONE","lastName":"GALLAGHER","birthdate":-369108000000}
{"id":361,"firstName":"KEIKO","lastName":"DENNIS","birthdate":-505965600000}
{"id":363,"firstName":"CECILIA","lastName":"ONEAL","birthdate":291852000000}
{"id":365,"firstName":"JONAS","lastName":"PRATT","birthdate":107820000000}
{"id":367,"firstName":"RALPH","lastName":"STEIN","birthdate":41205600000}
{"id":369,"firstName":"ODYSSEUS","lastName":"HESS","birthdate":387496800000}
{"id":371,"firstName":"JESSE","lastName":"TORRES","birthdate":613519200000}
{"id":373,"firstName":"EMERALD","lastName":"HAYNES","birthdate":-404618400000}
{"id":375,"firstName":"MEREDITH","lastName":"SIMON","birthdate":586130400000}
{"id":377,"firstName":"CASEY","lastName":"DELGADO","birthdate":-382586400000}
{"id":379,"firstName":"PENELOPE","lastName":"BLACKBURN","birthdate":-342151200000}
{"id":381,"firstName":"LAMAR","lastName":"RAMIREZ","birthdate":-168141600000}
{"id":383,"firstName":"HANAE","lastName":"JOHNSON","birthdate":-553226400000}
{"id":385,"firstName":"ASPEN","lastName":"POTTER","birthdate":-291088800000}
{"id":387,"firstName":"JAEL","lastName":"STUART","birthdate":224373600000}
{"id":389,"firstName":"LAEL","lastName":"SCHWARTZ","birthdate":-438746400000}
{"id":391,"firstName":"KEEGAN","lastName":"PRUITT","birthdate":199058400000}
{"id":393,"firstName":"GARTH","lastName":"CALDERON","birthdate":-275277600000}
{"id":395,"firstName":"DARA","lastName":"MORRISON","birthdate":314661600000}
{"id":397,"firstName":"ANGELA","lastName":"WARD","birthdate":416354400000}
{"id":399,"firstName":"SANDRA","lastName":"KAUFMAN","birthdate":324770400000}
{"id":401,"firstName":"GEMMA","lastName":"FINCH","birthdate":622677600000}
{"id":403,"firstName":"DONOVAN","lastName":"BEASLEY","birthdate":519429600000}
{"id":405,"firstName":"REBEKAH","lastName":"EDWARDS","birthdate":-253159200000}
{"id":407,"firstName":"HADLEY","lastName":"LANDRY","birthdate":282348000000}
{"id":409,"firstName":"IGNACIA","lastName":"MEDINA","birthdate":-529207200000}
{"id":411,"firstName":"AURORA","lastName":"LUCAS","birthdate":-116647200000}
{"id":413,"firstName":"INGA","lastName":"ROY","birthdate":-322279200000}
{"id":415,"firstName":"BORIS","lastName":"BOYD","birthdate":-344916000000}
{"id":417,"firstName":"WYOMING","lastName":"MEADOWS","birthdate":-286855200000}
{"id":419,"firstName":"DAVID","lastName":"DAVIDSON","birthdate":71532000000}
{"id":421,"firstName":"DANIELLE","lastName":"LUNA","birthdate":596066400000}
{"id":423,"firstName":"MICAH","lastName":"GALLOWAY","birthdate":170373600000}
{"id":425,"firstName":"TROY","lastName":"DAVID","birthdate":475538400000}
{"id":427,"firstName":"KELLY","lastName":"MEADOWS","birthdate":-157687200000}
{"id":429,"firstName":"LUCIUS","lastName":"BATTLE","birthdate":418946400000}
{"id":431,"firstName":"PRISCILLA","lastName":"GREGORY","birthdate":530661600000}
{"id":433,"firstName":"KELLIE","lastName":"SLATER","birthdate":313279200000}
{"id":435,"firstName":"XANTHUS","lastName":"RAYMOND","birthdate":191023200000}
{"id":437,"firstName":"KATO","lastName":"SOSA","birthdate":561765600000}
{"id":439,"firstName":"HERMIONE","lastName":"BUCHANAN","birthdate":-508557600000}
{"id":441,"firstName":"PALOMA","lastName":"RIDDLE","birthdate":611704800000}
{"id":443,"firstName":"WILLOW","lastName":"MORGAN","birthdate":-116128800000}
{"id":445,"firstName":"CURRAN","lastName":"MUELLER","birthdate":-236138400000}
{"id":447,"firstName":"VAUGHAN","lastName":"CUNNINGHAM","birthdate":14076000000}
{"id":449,"firstName":"EBONY","lastName":"SWEET","birthdate":321228000000}
{"id":451,"firstName":"BRITANNEY","lastName":"LANCASTER","birthdate":301183200000}
{"id":453,"firstName":"HYACINTH","lastName":"ORR","birthdate":-336276000000}
{"id":455,"firstName":"CRAIG","lastName":"DEAN","birthdate":-118461600000}
{"id":457,"firstName":"YOKO","lastName":"BURT","birthdate":-280720800000}
{"id":459,"firstName":"ULRIC","lastName":"LEE","birthdate":-343792800000}
{"id":461,"firstName":"EVE","lastName":"MCCONNELL","birthdate":366069600000}
{"id":463,"firstName":"IDONA","lastName":"ORTIZ","birthdate":82591200000}
{"id":465,"firstName":"DENNIS","lastName":"GREGORY","birthdate":-36208800000}
{"id":467,"firstName":"WILLOW","lastName":"SANTOS","birthdate":612396000000}
{"id":469,"firstName":"VERONICA","lastName":"PATTERSON","birthdate":453938400000}
{"id":471,"firstName":"CLINTON","lastName":"GAINES","birthdate":498866400000}
{"id":473,"firstName":"LEN","lastName":"MORSE","birthdate":-35604000000}
{"id":475,"firstName":"REBECCA","lastName":"RASMUSSEN","birthdate":653263200000}
{"id":477,"firstName":"RUSSELL","lastName":"SAMPSON","birthdate":322092000000}
{"id":479,"firstName":"MERRITT","lastName":"SCOTT","birthdate":62028000000}
{"id":481,"firstName":"RONAN","lastName":"POTTER","birthdate":592696800000}
{"id":483,"firstName":"DARYL","lastName":"MCINTOSH","birthdate":331250400000}
{"id":485,"firstName":"CYRUS","lastName":"FULTON","birthdate":-242532000000}
{"id":487,"firstName":"ALFONSO","lastName":"KINNEY","birthdate":133567200000}
{"id":489,"firstName":"UTA","lastName":"WALLACE","birthdate":359157600000}
{"id":491,"firstName":"SYBIL","lastName":"KIM","birthdate":422143200000}
{"id":493,"firstName":"MARSHALL","lastName":"BRAY","birthdate":-359085600000}
{"id":495,"firstName":"WESLEY","lastName":"STOKES","birthdate":332460000000}
{"id":497,"firstName":"APRIL","lastName":"GIBBS","birthdate":-133063200000}
{"id":499,"firstName":"PHILIP","lastName":"KOCH","birthdate":-78804000000}
{"id":501,"firstName":"KELLY","lastName":"ASHLEY","birthdate":547855200000}
{"id":503,"firstName":"JUSTINE","lastName":"WARREN","birthdate":320709600000}
{"id":505,"firstName":"ELVIS","lastName":"BERGER","birthdate":-56167200000}
{"id":507,"firstName":"LEILA","lastName":"PEARSON","birthdate":399938400000}
{"id":509,"firstName":"JADE","lastName":"GRAHAM","birthdate":360453600000}
{"id":511,"firstName":"QUAIL","lastName":"ZIMMERMAN","birthdate":445471200000}
{"id":513,"firstName":"MOSES","lastName":"BOYER","birthdate":-34135200000}
{"id":515,"firstName":"WHOOPI","lastName":"BATTLE","birthdate":468280800000}
{"id":517,"firstName":"DOROTHY","lastName":"SAWYER","birthdate":648338400000}
{"id":519,"firstName":"CASSANDRA","lastName":"MCMILLAN","birthdate":-387511200000}
{"id":521,"firstName":"CEDRIC","lastName":"CHRISTENSEN","birthdate":217288800000}
{"id":523,"firstName":"INA","lastName":"BARTON","birthdate":13212000000}
{"id":525,"firstName":"REESE","lastName":"WHITEHEAD","birthdate":105487200000}
{"id":527,"firstName":"NATHANIEL","lastName":"STEVENS","birthdate":-194839200000}
{"id":529,"firstName":"GLENNA","lastName":"BOYER","birthdate":-497325600000}
{"id":531,"firstName":"BARRETT","lastName":"CONLEY","birthdate":618616800000}
{"id":533,"firstName":"CARLY","lastName":"RILEY","birthdate":-255924000000}
{"id":535,"firstName":"YVONNE","lastName":"ASHLEY","birthdate":68508000000}
{"id":537,"firstName":"SHANA","lastName":"HUBER","birthdate":-544500000000}
{"id":539,"firstName":"MARK","lastName":"HOWE","birthdate":475624800000}
{"id":541,"firstName":"ZENAIDA","lastName":"RUTLEDGE","birthdate":509061600000}
{"id":543,"firstName":"JOCELYN","lastName":"SHEPHERD","birthdate":419810400000}
{"id":545,"firstName":"SLOANE","lastName":"WALTON","birthdate":-369108000000}
{"id":547,"firstName":"YOSHIO","lastName":"ALVARADO","birthdate":-34567200000}
{"id":549,"firstName":"KIRESTIN","lastName":"MAYER","birthdate":-277264800000}
{"id":551,"firstName":"VICTORIA","lastName":"REYNOLDS","birthdate":94600800000}
{"id":553,"firstName":"TATIANA","lastName":"TANNER","birthdate":387064800000}
{"id":555,"firstName":"BRENT","lastName":"MUNOZ","birthdate":506988000000}
{"id":557,"firstName":"ARTHUR","lastName":"WHITAKER","birthdate":640389600000}
{"id":559,"firstName":"DEIRDRE","lastName":"BERG","birthdate":614988000000}
{"id":561,"firstName":"KATELYN","lastName":"COOKE","birthdate":-407124000000}
{"id":563,"firstName":"JAIME","lastName":"ZIMMERMAN","birthdate":-305863200000}
{"id":565,"firstName":"ALLEN","lastName":"ACOSTA","birthdate":-40269600000}
{"id":567,"firstName":"KAREEM","lastName":"BOWEN","birthdate":-52279200000}
{"id":569,"firstName":"BRUNO","lastName":"DICKSON","birthdate":167695200000}
{"id":571,"firstName":"BAXTER","lastName":"ESTRADA","birthdate":-58672800000}
{"id":573,"firstName":"AINSLEY","lastName":"NIEVES","birthdate":-237866400000}
{"id":575,"firstName":"WADE","lastName":"VARGAS","birthdate":-19360800000}
{"id":577,"firstName":"LYSANDRA","lastName":"FOSTER","birthdate":-291002400000}
{"id":579,"firstName":"LEAH","lastName":"DOUGLAS","birthdate":489103200000}
{"id":581,"firstName":"IVOR","lastName":"STEIN","birthdate":-204256800000}
{"id":583,"firstName":"CYNTHIA","lastName":"WILKINSON","birthdate":-541130400000}
{"id":585,"firstName":"RAYA","lastName":"HARRIS","birthdate":-38282400000}
{"id":587,"firstName":"STEPHANIE","lastName":"ROSARIO","birthdate":-181101600000}
{"id":589,"firstName":"ANNE","lastName":"MOSES","birthdate":499471200000}
{"id":591,"firstName":"DALTON","lastName":"MCFADDEN","birthdate":-255751200000}
{"id":593,"firstName":"TEEGAN","lastName":"WALKER","birthdate":-359863200000}
{"id":595,"firstName":"BRENNA","lastName":"CANTRELL","birthdate":-510976800000}
{"id":597,"firstName":"BLAZE","lastName":"HORTON","birthdate":-33789600000}
{"id":599,"firstName":"AZALIA","lastName":"BRADSHAW","birthdate":409096800000}
{"id":601,"firstName":"THOMAS","lastName":"MATHEWS","birthdate":-476935200000}
{"id":603,"firstName":"MARNY","lastName":"LEON","birthdate":455666400000}
{"id":605,"firstName":"CHASTITY","lastName":"WYATT","birthdate":177199200000}
{"id":607,"firstName":"MARTINA","lastName":"VALENZUELA","birthdate":626738400000}
{"id":609,"firstName":"FLAVIA","lastName":"CHEN","birthdate":191282400000}
{"id":611,"firstName":"ADARA","lastName":"HODGES","birthdate":-475034400000}
{"id":613,"firstName":"CARLA","lastName":"MEJIA","birthdate":433375200000}
{"id":615,"firstName":"MAITE","lastName":"ELLISON","birthdate":627516000000}
{"id":617,"firstName":"KIONA","lastName":"DONALDSON","birthdate":633218400000}
{"id":619,"firstName":"YVONNE","lastName":"DUDLEY","birthdate":251330400000}
{"id":621,"firstName":"SELMA","lastName":"LUCAS","birthdate":380584800000}
{"id":623,"firstName":"KAITLIN","lastName":"MALONE","birthdate":643240800000}
{"id":625,"firstName":"ERICH","lastName":"BROWNING","birthdate":-485748000000}
{"id":627,"firstName":"ELIANA","lastName":"DOWNS","birthdate":127173600000}
{"id":629,"firstName":"DONNA","lastName":"CAREY","birthdate":-348717600000}
{"id":631,"firstName":"XANTHA","lastName":"MCKEE","birthdate":-356925600000}
{"id":633,"firstName":"BEVERLY","lastName":"SHARP","birthdate":548978400000}
{"id":635,"firstName":"TANEK","lastName":"GRAVES","birthdate":-69732000000}
{"id":637,"firstName":"DECLAN","lastName":"CHURCH","birthdate":-193370400000}
{"id":639,"firstName":"ALLISTAIR","lastName":"LAWSON","birthdate":-212378400000}
{"id":641,"firstName":"NEVE","lastName":"MYERS","birthdate":-595821600000}
{"id":643,"firstName":"WALLACE","lastName":"OCHOA","birthdate":-321415200000}
{"id":645,"firstName":"CARLA","lastName":"BURCH","birthdate":-214884000000}
{"id":647,"firstName":"STEPHEN","lastName":"FIGUEROA","birthdate":-118807200000}
{"id":649,"firstName":"TYLER","lastName":"DILLARD","birthdate":-406864800000}
{"id":651,"firstName":"STEWART","lastName":"MASON","birthdate":404344800000}
{"id":653,"firstName":"IVOR","lastName":"GORDON","birthdate":-509248800000}
{"id":655,"firstName":"SILAS","lastName":"DELANEY","birthdate":-600314400000}
{"id":657,"firstName":"JOAN","lastName":"BANKS","birthdate":-116474400000}
{"id":659,"firstName":"SEBASTIAN","lastName":"MCINTYRE","birthdate":-303098400000}
{"id":661,"firstName":"EDWARD","lastName":"ORTEGA","birthdate":-389930400000}
{"id":663,"firstName":"AURORA","lastName":"VELEZ","birthdate":105660000000}
{"id":665,"firstName":"CADE","lastName":"THOMAS","birthdate":471564000000}
{"id":667,"firstName":"MAGGY","lastName":"HARTMAN","birthdate":-452916000000}
{"id":669,"firstName":"CARLOS","lastName":"GONZALES","birthdate":-191296800000}
{"id":671,"firstName":"COLBY","lastName":"ROGERS","birthdate":651794400000}
{"id":673,"firstName":"MELINDA","lastName":"QUINN","birthdate":286754400000}
{"id":675,"firstName":"VIVIAN","lastName":"MASSEY","birthdate":330040800000}
{"id":677,"firstName":"SETH","lastName":"JENSEN","birthdate":30664800000}
{"id":679,"firstName":"YEO","lastName":"BYRD","birthdate":-73620000000}
{"id":681,"firstName":"VAUGHAN","lastName":"FRAZIER","birthdate":83714400000}
{"id":683,"firstName":"KAITLIN","lastName":"WALL","birthdate":-273031200000}
{"id":685,"firstName":"LESLEY","lastName":"ROY","birthdate":-361418400000}
{"id":687,"firstName":"BRANDEN","lastName":"CARVER","birthdate":98316000000}
{"id":689,"firstName":"ARIEL","lastName":"CRUZ","birthdate":102808800000}
{"id":691,"firstName":"QUINCY","lastName":"GARZA","birthdate":490226400000}
{"id":693,"firstName":"ZIA","lastName":"DEAN","birthdate":368834400000}
{"id":695,"firstName":"FRANCIS","lastName":"PATTON","birthdate":315698400000}
{"id":697,"firstName":"JOELLE","lastName":"CRAIG","birthdate":351381600000}
{"id":699,"firstName":"BELL","lastName":"HUNT","birthdate":-571975200000}
{"id":701,"firstName":"WADE","lastName":"MOORE","birthdate":21420000000}
{"id":703,"firstName":"WINTER","lastName":"BEARD","birthdate":-216871200000}
{"id":705,"firstName":"MEGHAN","lastName":"GRAVES","birthdate":-600400800000}
{"id":707,"firstName":"SHAELEIGH","lastName":"SCHROEDER","birthdate":283471200000}
{"id":709,"firstName":"KRISTEN","lastName":"HUMPHREY","birthdate":-477626400000}
{"id":711,"firstName":"HEDWIG","lastName":"WILEY","birthdate":242517600000}
{"id":713,"firstName":"LISANDRA","lastName":"WEISS","birthdate":308613600000}
{"id":715,"firstName":"RHONDA","lastName":"KENT","birthdate":312156000000}
{"id":717,"firstName":"ISADORA","lastName":"WILSON","birthdate":334965600000}
{"id":719,"firstName":"KEEGAN","lastName":"WARREN","birthdate":-125460000000}
{"id":721,"firstName":"PRESCOTT","lastName":"HOLCOMB","birthdate":219967200000}
{"id":723,"firstName":"XENOS","lastName":"DAWSON","birthdate":306108000000}
{"id":725,"firstName":"LATIFAH","lastName":"VINCENT","birthdate":552261600000}
{"id":727,"firstName":"TATIANA","lastName":"VINCENT","birthdate":-362282400000}
{"id":729,"firstName":"PASCALE","lastName":"BLEVINS","birthdate":-221968800000}
{"id":731,"firstName":"LAITH","lastName":"GUTHRIE","birthdate":-280720800000}
{"id":733,"firstName":"JONAH","lastName":"MULLINS","birthdate":-449892000000}
{"id":735,"firstName":"TASHYA","lastName":"HANSON","birthdate":-295927200000}
{"id":737,"firstName":"BRUNO","lastName":"SHERMAN","birthdate":477525600000}
{"id":739,"firstName":"STACY","lastName":"WYNN","birthdate":-3549600000}
{"id":741,"firstName":"MYRA","lastName":"SUAREZ","birthdate":-290052000000}
{"id":743,"firstName":"BRADLEY","lastName":"HURLEY","birthdate":500680800000}
{"id":745,"firstName":"HELEN","lastName":"WOODS","birthdate":557186400000}
{"id":747,"firstName":"ALEC","lastName":"FINLEY","birthdate":318808800000}
{"id":749,"firstName":"KELSEY","lastName":"COFFEY","birthdate":7596000000}
{"id":751,"firstName":"SHEA","lastName":"FERNANDEZ","birthdate":651880800000}
{"id":753,"firstName":"TODD","lastName":"WOLFE","birthdate":-43984800000}
{"id":755,"firstName":"LEWIS","lastName":"JOSEPH","birthdate":-173844000000}
{"id":757,"firstName":"GRADY","lastName":"BARLOW","birthdate":259884000000}
{"id":759,"firstName":"WESLEY","lastName":"CLEMENTS","birthdate":382312800000}
{"id":761,"firstName":"WYLIE","lastName":"WHITLEY","birthdate":-584330400000}
{"id":763,"firstName":"JACOB","lastName":"CANNON","birthdate":-487130400000}
{"id":765,"firstName":"CHESTER","lastName":"BROCK","birthdate":-99885600000}
{"id":767,"firstName":"JUSTIN","lastName":"TERRELL","birthdate":-227152800000}
{"id":769,"firstName":"JULIET","lastName":"CONLEY","birthdate":-470887200000}
{"id":771,"firstName":"SCARLETT","lastName":"STUART","birthdate":-414381600000}
{"id":773,"firstName":"VIVIAN","lastName":"HARMON","birthdate":-397447200000}
{"id":775,"firstName":"NISSIM","lastName":"GRAHAM","birthdate":257810400000}
{"id":777,"firstName":"RUTH","lastName":"SELLERS","birthdate":-78026400000}
{"id":779,"firstName":"MEGHAN","lastName":"WILEY","birthdate":-582256800000}
{"id":781,"firstName":"JULIE","lastName":"MORGAN","birthdate":65829600000}
{"id":783,"firstName":"LUCIUS","lastName":"WRIGHT","birthdate":-145504800000}
{"id":785,"firstName":"NEVE","lastName":"HYDE","birthdate":-119412000000}
{"id":787,"firstName":"DAQUAN","lastName":"SHEPPARD","birthdate":299714400000}
{"id":789,"firstName":"PHOEBE","lastName":"PAUL","birthdate":170373600000}
{"id":791,"firstName":"GERALDINE","lastName":"BURNS","birthdate":313279200000}
{"id":793,"firstName":"CEDRIC","lastName":"MILES","birthdate":-99453600000}
{"id":795,"firstName":"AUTUMN","lastName":"PATTERSON","birthdate":134258400000}
{"id":797,"firstName":"REESE","lastName":"MAYNARD","birthdate":544744800000}
{"id":799,"firstName":"LAWRENCE","lastName":"LAWSON","birthdate":-173757600000}
{"id":801,"firstName":"MIRA","lastName":"FRANKS","birthdate":-183607200000}
{"id":803,"firstName":"PALOMA","lastName":"DANIELS","birthdate":-238298400000}
{"id":805,"firstName":"JARROD","lastName":"MORRIS","birthdate":156808800000}
{"id":807,"firstName":"LUCAS","lastName":"SHORT","birthdate":111016800000}
{"id":809,"firstName":"JACQUELINE","lastName":"ALEXANDER","birthdate":433288800000}
{"id":811,"firstName":"JADEN","lastName":"SUMMERS","birthdate":-291002400000}
{"id":813,"firstName":"REED","lastName":"HARDY","birthdate":534117600000}
{"id":815,"firstName":"AIMEE","lastName":"BECK","birthdate":-257220000000}
{"id":817,"firstName":"CAMILLA","lastName":"COPELAND","birthdate":501976800000}
{"id":819,"firstName":"RINAH","lastName":"BRENNAN","birthdate":-468122400000}
{"id":821,"firstName":"DESIREE","lastName":"MILLER","birthdate":312933600000}
{"id":823,"firstName":"ODESSA","lastName":"LAMBERT","birthdate":-569037600000}
{"id":825,"firstName":"GARETH","lastName":"WEST","birthdate":507333600000}
{"id":827,"firstName":"SEPTEMBER","lastName":"NORTON","birthdate":437090400000}
{"id":829,"firstName":"STONE","lastName":"HIGGINS","birthdate":6040800000}
{"id":831,"firstName":"YEN","lastName":"CRUZ","birthdate":-367380000000}
{"id":833,"firstName":"MIKAYLA","lastName":"JOHNSON","birthdate":-407988000000}
{"id":835,"firstName":"ELLA","lastName":"CARSON","birthdate":258847200000}
{"id":837,"firstName":"MASON","lastName":"MCCRAY","birthdate":-115524000000}
{"id":839,"firstName":"DANA","lastName":"HICKMAN","birthdate":548114400000}
{"id":841,"firstName":"LEILANI","lastName":"KELLEY","birthdate":278632800000}
{"id":843,"firstName":"GILLIAN","lastName":"SANCHEZ","birthdate":-4240800000}
{"id":845,"firstName":"CLARE","lastName":"POTTER","birthdate":-345520800000}
{"id":847,"firstName":"THADDEUS","lastName":"OSBORN","birthdate":180309600000}
{"id":849,"firstName":"BRENDAN","lastName":"GIBBS","birthdate":-459136800000}
{"id":851,"firstName":"AIKO","lastName":"MCGUIRE","birthdate":156722400000}
{"id":853,"firstName":"ASHELY","lastName":"MORROW","birthdate":162252000000}
{"id":855,"firstName":"ANIKA","lastName":"CRAWFORD","birthdate":-410407200000}
{"id":857,"firstName":"NASIM","lastName":"POWELL","birthdate":248306400000}
{"id":859,"firstName":"SUMMER","lastName":"POWERS","birthdate":-322797600000}
{"id":861,"firstName":"BRADY","lastName":"GARRISON","birthdate":461887200000}
{"id":863,"firstName":"KALIA","lastName":"KIDD","birthdate":551397600000}
{"id":865,"firstName":"DRISCOLL","lastName":"COMBS","birthdate":-2253600000}
{"id":867,"firstName":"DALE","lastName":"MCBRIDE","birthdate":257292000000}
{"id":869,"firstName":"TYRONE","lastName":"COMPTON","birthdate":528674400000}
{"id":871,"firstName":"CHAIM","lastName":"HANCOCK","birthdate":-35431200000}
{"id":873,"firstName":"CRUZ","lastName":"STAFFORD","birthdate":-412394400000}
{"id":875,"firstName":"MALCOLM","lastName":"HATFIELD","birthdate":24530400000}
{"id":877,"firstName":"HONORATO","lastName":"ALLEN","birthdate":524354400000}
{"id":879,"firstName":"QUINTESSA","lastName":"LYONS","birthdate":402616800000}
{"id":881,"firstName":"IAN","lastName":"FRANCO","birthdate":-140580000000}
{"id":883,"firstName":"GIACOMO","lastName":"REED","birthdate":-343965600000}
{"id":885,"firstName":"MYRA","lastName":"MARTIN","birthdate":186444000000}
{"id":887,"firstName":"BARRY","lastName":"RANDALL","birthdate":-572925600000}
{"id":889,"firstName":"AIMEE","lastName":"BROOKS","birthdate":260920800000}
{"id":891,"firstName":"AVYE","lastName":"KEMP","birthdate":-237088800000}
{"id":893,"firstName":"SUSAN","lastName":"GLASS","birthdate":70927200000}
{"id":895,"firstName":"ANGELA","lastName":"PARKER","birthdate":86047200000}
{"id":897,"firstName":"DIETER","lastName":"HUFF","birthdate":-569210400000}
{"id":899,"firstName":"SIMONE","lastName":"BRYANT","birthdate":-363837600000}
{"id":901,"firstName":"HARRIET","lastName":"TERRELL","birthdate":231631200000}
{"id":903,"firstName":"ALIKA","lastName":"ADKINS","birthdate":412984800000}
{"id":905,"firstName":"DECLAN","lastName":"WALSH","birthdate":29282400000}
{"id":907,"firstName":"KEATON","lastName":"MURPHY","birthdate":18914400000}
{"id":909,"firstName":"HEDY","lastName":"HUBER","birthdate":-502768800000}
{"id":911,"firstName":"YULI","lastName":"BOYLE","birthdate":-186026400000}
{"id":913,"firstName":"CAROL","lastName":"POOLE","birthdate":433375200000}
{"id":915,"firstName":"MARVIN","lastName":"NUNEZ","birthdate":329868000000}
{"id":917,"firstName":"AZALIA","lastName":"BUCKLEY","birthdate":-443757600000}
{"id":919,"firstName":"ROSE","lastName":"NGUYEN","birthdate":-350532000000}
{"id":921,"firstName":"AURORA","lastName":"MELTON","birthdate":-266400000}
{"id":923,"firstName":"WINTER","lastName":"GRAVES","birthdate":-492141600000}
{"id":925,"firstName":"KEEFE","lastName":"SIMPSON","birthdate":-201578400000}
{"id":927,"firstName":"NAIDA","lastName":"ZIMMERMAN","birthdate":-189568800000}
{"id":929,"firstName":"EUGENIA","lastName":"KNIGHT","birthdate":56930400000}
{"id":931,"firstName":"CLIO","lastName":"DODSON","birthdate":352504800000}
{"id":933,"firstName":"PHYLLIS","lastName":"STAFFORD","birthdate":-257911200000}
{"id":935,"firstName":"HASAD","lastName":"MCLAUGHLIN","birthdate":-268279200000}
{"id":937,"firstName":"NELLE","lastName":"HUDSON","birthdate":402616800000}
{"id":939,"firstName":"ABIGAIL","lastName":"ERICKSON","birthdate":-209613600000}
{"id":941,"firstName":"ADRIAN","lastName":"CURTIS","birthdate":469231200000}
{"id":943,"firstName":"KEELIE","lastName":"GENTRY","birthdate":-330487200000}
{"id":945,"firstName":"YAEL","lastName":"REYES","birthdate":-544845600000}
{"id":947,"firstName":"SCARLET","lastName":"GREENE","birthdate":83023200000}
{"id":949,"firstName":"AMITY","lastName":"WILDER","birthdate":-265514400000}
{"id":951,"firstName":"ISAAC","lastName":"BAILEY","birthdate":19346400000}
{"id":953,"firstName":"REBEKAH","lastName":"WEEKS","birthdate":-216612000000}
{"id":955,"firstName":"JOSHUA","lastName":"HEAD","birthdate":-525578400000}
{"id":957,"firstName":"STEEL","lastName":"BURRIS","birthdate":431820000000}
{"id":959,"firstName":"CAMERON","lastName":"LITTLE","birthdate":660348000000}
{"id":961,"firstName":"CONNOR","lastName":"CARDENAS","birthdate":502927200000}
{"id":963,"firstName":"MAISIE","lastName":"DUNLAP","birthdate":-359776800000}
{"id":965,"firstName":"CONNOR","lastName":"RICHARD","birthdate":423698400000}
{"id":967,"firstName":"HOLMES","lastName":"GRAHAM","birthdate":-375933600000}
{"id":969,"firstName":"GAIL","lastName":"MARKS","birthdate":521416800000}
{"id":971,"firstName":"KIBO","lastName":"SMALL","birthdate":151538400000}
{"id":973,"firstName":"STONE","lastName":"WHITE","birthdate":327880800000}
{"id":975,"firstName":"PHOEBE","lastName":"NORRIS","birthdate":-373341600000}
{"id":977,"firstName":"LUKE","lastName":"CHASE","birthdate":147996000000}
{"id":979,"firstName":"MYRA","lastName":"BRADSHAW","birthdate":-154404000000}
{"id":981,"firstName":"SELMA","lastName":"BELL","birthdate":-233546400000}
{"id":983,"firstName":"KIMBERLY","lastName":"MARSHALL","birthdate":-542599200000}
{"id":985,"firstName":"NOELANI","lastName":"WARD","birthdate":651362400000}
{"id":987,"firstName":"CALDWELL","lastName":"NOBLE","birthdate":-46317600000}
{"id":989,"firstName":"MECHELLE","lastName":"DELGADO","birthdate":-152676000000}
{"id":991,"firstName":"KATELYN","lastName":"MOSLEY","birthdate":-140839200000}
{"id":993,"firstName":"KNOX","lastName":"MEDINA","birthdate":336261600000}
{"id":995,"firstName":"SHELLIE","lastName":"MCCARTY","birthdate":-118202400000}
{"id":997,"firstName":"SHEILA","lastName":"HARMON","birthdate":-88308000000}
{"id":999,"firstName":"INDIGO","lastName":"CARTER","birthdate":-339040800000}
